[INFO ] 2019-03-17T16:14:23,250Z [main] manifests.Manifests.info - 111 attributes loaded from 123 stream(s) in 7s, 111 saved, 1956 ignored: ["ActiveMQ-Version", "Agent-Class", "Ant-Version", "Application-Class", "Application-Library-Allowable-Codebase", "Application-Name", "Application-Version", "Archiver-Version", "Automatic-Module-Name", "Bnd-LastModified", "Branch", "Build-Date", "Build-Host", "Build-Id", "Build-Java-Version", "Build-Jdk", "Build-Job", "Build-Number", "Build-Timestamp", "Built-By", "Built-OS", "Built-Status", "Bundle-Activator", "Bundle-Category", "Bundle-ClassPath", "Bundle-Copyright", "Bundle-Description", "Bundle-DocURL", "Bundle-License", "Bundle-ManifestVersion", "Bundle-Name", "Bundle-RequiredExecutionEnvironment", "Bundle-SymbolicName", "Bundle-Vendor", "Bundle-Version", "Caller-Allowable-Codebase", "Can-Redefine-Classes", "Can-Retransform-Classes", "Can-Set-Native-Method-Prefix", "Caplets", "Change", "Codebase", "Corda-Platform-Version", "Corda-Release-Version", "Corda-Revision", "Corda-Vendor", "Created-By", "DynamicImport-Package", "Eclipse-BuddyPolicy", "Eclipse-LazyStart", "Export-Package", "Extension-Name", "Fragment-Host", "Gradle-Version", "Ignore-Package", "Implementation-Build", "Implementation-Build-Date", "Implementation-Title", "Implementation-URL", "Implementation-Url", "Implementation-Vendor", "Implementation-Vendor-Id", "Implementation-Version", "Import-Package", "Include-Resource", "JCabi-Build", "JCabi-Date", "JCabi-Version", "JVM-Args", "Java-Agents", "Java-Vendor", "Java-Version", "Kotlin-Runtime-Component", "Kotlin-Version", "Log4jReleaseKey", "Log4jReleaseManager", "Log4jReleaseVersion", "Main-Class", "Main-class", "Manifest-Version", "Min-Java-Version", "Min-Update-Version", "Module-Email", "Module-Origin", "Module-Owner", "Module-Source", "Multi-Release", "Originally-Created-By", "Os-Arch", "Os-Name", "Os-Version", "Package", "Permissions", "Premain-Class", "Private-Package", "Provide-Capability", "Require-Capability", "SCM-Revision", "SCM-url", "Scm-Connection", "Scm-Revision", "Scm-Url", "Service-Component", "Specification-Title", "Specification-Vendor", "Specification-Version", "System-Properties", "Tool", "Trusted-Library", "X-Compile-Source-JDK", "X-Compile-Target-JDK"] {}
[INFO ] 2019-03-17T16:14:24,149Z [main] BasicInfo.printBasicNodeInfo - Logs can be found in                    : /home/bg/Blockchain/corda/myprojects/cordapp-flow-experiments/build/nodes/PartyA/logs {}
[INFO ] 2019-03-17T16:14:24,782Z [main] config.ConfigHelper.loadConfig - Config:
{
    # reference.conf @ jar:file:/home/bg/Blockchain/corda/myprojects/cordapp-flow-experiments/build/nodes/PartyA/corda.jar!/reference.conf: 20
    "activeMQServer" : {
        # reference.conf @ jar:file:/home/bg/Blockchain/corda/myprojects/cordapp-flow-experiments/build/nodes/PartyA/corda.jar!/reference.conf: 21
        "bridge" : {
            # reference.conf @ jar:file:/home/bg/Blockchain/corda/myprojects/cordapp-flow-experiments/build/nodes/PartyA/corda.jar!/reference.conf: 24
            "maxRetryIntervalMin" : 3,
            # reference.conf @ jar:file:/home/bg/Blockchain/corda/myprojects/cordapp-flow-experiments/build/nodes/PartyA/corda.jar!/reference.conf: 22
            "retryIntervalMs" : 5000,
            # reference.conf @ jar:file:/home/bg/Blockchain/corda/myprojects/cordapp-flow-experiments/build/nodes/PartyA/corda.jar!/reference.conf: 23
            "retryIntervalMultiplier" : 1.5
        }
    },
    # hardcoded value
    "baseDirectory" : "/home/bg/Blockchain/corda/myprojects/cordapp-flow-experiments/build/nodes/PartyA",
    # merge of reference.conf @ jar:file:/home/bg/Blockchain/corda/myprojects/cordapp-flow-experiments/build/nodes/PartyA/corda.jar!/reference.conf: 6,reference.conf @ jar:file:/home/bg/Blockchain/corda/myprojects/cordapp-flow-experiments/build/nodes/.cache/apps/net.corda.node.Corda_3.3-corda/corda-node-3.3-corda.jar!/reference.conf: 6
    "dataSourceProperties" : {
        # reference.conf @ jar:file:/home/bg/Blockchain/corda/myprojects/cordapp-flow-experiments/build/nodes/PartyA/corda.jar!/reference.conf: 10
        "dataSource.password" : "",
        # merge of reference.conf @ jar:file:/home/bg/Blockchain/corda/myprojects/cordapp-flow-experiments/build/nodes/PartyA/corda.jar!/reference.conf: 8,hardcoded value,reference.conf @ jar:file:/home/bg/Blockchain/corda/myprojects/cordapp-flow-experiments/build/nodes/PartyA/corda.jar!/reference.conf: 8,reference.conf @ jar:file:/home/bg/Blockchain/corda/myprojects/cordapp-flow-experiments/build/nodes/PartyA/corda.jar!/reference.conf: 17
        "dataSource.url" : "jdbc:h2:file:/home/bg/Blockchain/corda/myprojects/cordapp-flow-experiments/build/nodes/PartyA/persistence;DB_CLOSE_ON_EXIT=FALSE;LOCK_TIMEOUT=10000;WRITE_DELAY=100;AUTO_SERVER_PORT=0",
        # reference.conf @ jar:file:/home/bg/Blockchain/corda/myprojects/cordapp-flow-experiments/build/nodes/PartyA/corda.jar!/reference.conf: 9
        "dataSource.user" : "sa",
        # reference.conf @ jar:file:/home/bg/Blockchain/corda/myprojects/cordapp-flow-experiments/build/nodes/PartyA/corda.jar!/reference.conf: 7
        "dataSourceClassName" : "org.h2.jdbcx.JdbcDataSource"
    },
    # reference.conf @ jar:file:/home/bg/Blockchain/corda/myprojects/cordapp-flow-experiments/build/nodes/PartyA/corda.jar!/reference.conf: 12
    "database" : {
        # reference.conf @ jar:file:/home/bg/Blockchain/corda/myprojects/cordapp-flow-experiments/build/nodes/PartyA/corda.jar!/reference.conf: 14
        "exportHibernateJMXStatistics" : "false",
        # reference.conf @ jar:file:/home/bg/Blockchain/corda/myprojects/cordapp-flow-experiments/build/nodes/PartyA/corda.jar!/reference.conf: 13
        "transactionIsolationLevel" : "REPEATABLE_READ"
    },
    # reference.conf @ jar:file:/home/bg/Blockchain/corda/myprojects/cordapp-flow-experiments/build/nodes/PartyA/corda.jar!/reference.conf: 16
    "devMode" : true,
    # reference.conf @ jar:file:/home/bg/Blockchain/corda/myprojects/cordapp-flow-experiments/build/nodes/PartyA/corda.jar!/reference.conf: 2
    "emailAddress" : "admin@company.com",
    # reference.conf @ jar:file:/home/bg/Blockchain/corda/myprojects/cordapp-flow-experiments/build/nodes/PartyA/corda.jar!/reference.conf: 3
    "exportJMXto" : "http",
    # reference.conf @ jar:file:/home/bg/Blockchain/corda/myprojects/cordapp-flow-experiments/build/nodes/PartyA/corda.jar!/reference.conf: 31
    "flowTimeout" : {
        # reference.conf @ jar:file:/home/bg/Blockchain/corda/myprojects/cordapp-flow-experiments/build/nodes/PartyA/corda.jar!/reference.conf: 34
        "backoffBase" : 1.8,
        # reference.conf @ jar:file:/home/bg/Blockchain/corda/myprojects/cordapp-flow-experiments/build/nodes/PartyA/corda.jar!/reference.conf: 33
        "maxRestartCount" : 5,
        # reference.conf @ jar:file:/home/bg/Blockchain/corda/myprojects/cordapp-flow-experiments/build/nodes/PartyA/corda.jar!/reference.conf: 32
        "timeout" : "30 seconds"
    },
    # reference.conf @ jar:file:/home/bg/Blockchain/corda/myprojects/cordapp-flow-experiments/build/nodes/PartyA/corda.jar!/reference.conf: 17
    "h2port" : 0,
    # reference.conf @ jar:file:/home/bg/Blockchain/corda/myprojects/cordapp-flow-experiments/build/nodes/PartyA/corda.jar!/reference.conf: 4
    "keyStorePassword" : "cordacadevpass",
    # /home/bg/Blockchain/corda/myprojects/cordapp-flow-experiments/build/nodes/PartyA/node.conf: 1
    "myLegalName" : "O=PartyA,L=London,C=GB",
    # hardcoded value
    "noLocalShell" : false,
    # /home/bg/Blockchain/corda/myprojects/cordapp-flow-experiments/build/nodes/PartyA/node.conf: 2
    "p2pAddress" : "localhost:10005",
    # merge of /home/bg/Blockchain/corda/myprojects/cordapp-flow-experiments/build/nodes/PartyA/node.conf: 3,reference.conf @ jar:file:/home/bg/Blockchain/corda/myprojects/cordapp-flow-experiments/build/nodes/PartyA/corda.jar!/reference.conf: 27
    "rpcSettings" : {
        # /home/bg/Blockchain/corda/myprojects/cordapp-flow-experiments/build/nodes/PartyA/node.conf: 4
        "address" : "localhost:10006",
        # /home/bg/Blockchain/corda/myprojects/cordapp-flow-experiments/build/nodes/PartyA/node.conf: 5
        "adminAddress" : "localhost:10046",
        # reference.conf @ jar:file:/home/bg/Blockchain/corda/myprojects/cordapp-flow-experiments/build/nodes/PartyA/corda.jar!/reference.conf: 29
        "standAloneBroker" : false,
        # reference.conf @ jar:file:/home/bg/Blockchain/corda/myprojects/cordapp-flow-experiments/build/nodes/PartyA/corda.jar!/reference.conf: 28
        "useSsl" : false
    },
    # /home/bg/Blockchain/corda/myprojects/cordapp-flow-experiments/build/nodes/PartyA/node.conf: 7
    "rpcUsers" : [
        # /home/bg/Blockchain/corda/myprojects/cordapp-flow-experiments/build/nodes/PartyA/node.conf: 8
        {
            # /home/bg/Blockchain/corda/myprojects/cordapp-flow-experiments/build/nodes/PartyA/node.conf: 9
            "password" : "test",
            # /home/bg/Blockchain/corda/myprojects/cordapp-flow-experiments/build/nodes/PartyA/node.conf: 10
            "permissions" : [
                # /home/bg/Blockchain/corda/myprojects/cordapp-flow-experiments/build/nodes/PartyA/node.conf: 11
                "ALL"
            ],
            # /home/bg/Blockchain/corda/myprojects/cordapp-flow-experiments/build/nodes/PartyA/node.conf: 13
            "user" : "user1"
        }
    ],
    # reference.conf @ jar:file:/home/bg/Blockchain/corda/myprojects/cordapp-flow-experiments/build/nodes/PartyA/corda.jar!/reference.conf: 5
    "trustStorePassword" : "trustpass",
    # reference.conf @ jar:file:/home/bg/Blockchain/corda/myprojects/cordapp-flow-experiments/build/nodes/PartyA/corda.jar!/reference.conf: 18
    "useTestClock" : false,
    # reference.conf @ jar:file:/home/bg/Blockchain/corda/myprojects/cordapp-flow-experiments/build/nodes/PartyA/corda.jar!/reference.conf: 19
    "verifierType" : "InMemory"
}
 {}
[WARN ] 2019-03-17T16:14:29,184Z [main] internal.config.defaultToOldPath - Config key user has been deprecated and will be removed in a future release. Use username instead {}
[INFO ] 2019-03-17T16:14:29,517Z [main] internal.Node.logStartupInfo - Vendor: Corda Open Source {}
[INFO ] 2019-03-17T16:14:29,518Z [main] internal.Node.logStartupInfo - Release: 3.3-corda {}
[INFO ] 2019-03-17T16:14:29,518Z [main] internal.Node.logStartupInfo - Platform Version: 3 {}
[INFO ] 2019-03-17T16:14:29,518Z [main] internal.Node.logStartupInfo - Revision: c834162cd488784a0412bba4c9e638da89912ac2 {}
[INFO ] 2019-03-17T16:14:29,519Z [main] internal.Node.logStartupInfo - PID: 23581 {}
[INFO ] 2019-03-17T16:14:29,520Z [main] internal.Node.logStartupInfo - Main class: /home/bg/Blockchain/corda/myprojects/cordapp-flow-experiments/build/nodes/.cache/apps/net.corda.node.Corda_3.3-corda/corda-node-3.3-corda.jar {}
[INFO ] 2019-03-17T16:14:29,520Z [main] internal.Node.logStartupInfo - CommandLine Args: -Xmx200m -XX:+UseG1GC -javaagent:/home/bg/Blockchain/corda/myprojects/cordapp-flow-experiments/build/nodes/.cache/apps/net.corda.node.Corda_3.3-corda/quasar-core-0.7.9-jdk8.jar=x(antlr**;bftsmart**;ch**;co.paralleluniverse**;com.codahale**;com.esotericsoftware**;com.fasterxml**;com.google**;com.ibm**;com.intellij**;com.jcabi**;com.nhaarman**;com.opengamma**;com.typesafe**;com.zaxxer**;de.javakaffee**;groovy**;groovyjarjarantlr**;groovyjarjarasm**;io.atomix**;io.github**;io.netty**;jdk**;joptsimple**;junit**;kotlin**;net.bytebuddy**;net.i2p**;org.apache**;org.assertj**;org.bouncycastle**;org.codehaus**;org.crsh**;org.dom4j**;org.fusesource**;org.h2**;org.hamcrest**;org.hibernate**;org.jboss**;org.jcp**;org.joda**;org.junit**;org.mockito**;org.objectweb**;org.objenesis**;org.slf4j**;org.w3c**;org.xml**;org.yaml**;reflectasm**;rx**;org.jolokia**) -Dvisualvm.display.name=Corda -Djava.library.path=/usr/java/packages/lib/amd64:/usr/lib64:/lib64:/lib:/usr/lib:/home/bg/Blockchain/corda/myprojects/cordapp-flow-experiments/build/nodes/.cache/apps/net.corda.node.Corda_3.3-corda -Dcapsule.app=net.corda.node.Corda_3.3-corda -Dcapsule.dir=/home/bg/Blockchain/corda/myprojects/cordapp-flow-experiments/build/nodes/.cache/apps/net.corda.node.Corda_3.3-corda -Dcapsule.jar=/home/bg/Blockchain/corda/myprojects/cordapp-flow-experiments/build/nodes/PartyA/corda.jar {}
[INFO ] 2019-03-17T16:14:29,524Z [main] internal.Node.logStartupInfo - Application Args: --just-generate-node-info {}
[INFO ] 2019-03-17T16:14:29,529Z [main] internal.Node.logStartupInfo - bootclasspath: /usr/lib/jvm/java-8-oracle/jre/lib/resources.jar:/usr/lib/jvm/java-8-oracle/jre/lib/rt.jar:/usr/lib/jvm/java-8-oracle/jre/lib/sunrsasign.jar:/usr/lib/jvm/java-8-oracle/jre/lib/jsse.jar:/usr/lib/jvm/java-8-oracle/jre/lib/jce.jar:/usr/lib/jvm/java-8-oracle/jre/lib/charsets.jar:/usr/lib/jvm/java-8-oracle/jre/lib/jfr.jar:/usr/lib/jvm/java-8-oracle/jre/classes {}
[INFO ] 2019-03-17T16:14:29,529Z [main] internal.Node.logStartupInfo - classpath: /home/bg/Blockchain/corda/myprojects/cordapp-flow-experiments/build/nodes/PartyA/corda.jar:/home/bg/Blockchain/corda/myprojects/cordapp-flow-experiments/build/nodes/.cache/apps/net.corda.node.Corda_3.3-corda/corda-rpc-3.3-corda.jar:/home/bg/Blockchain/corda/myprojects/cordapp-flow-experiments/build/nodes/.cache/apps/net.corda.node.Corda_3.3-corda/corda-node-api-3.3-corda.jar:/home/bg/Blockchain/corda/myprojects/cordapp-flow-experiments/build/nodes/.cache/apps/net.corda.node.Corda_3.3-corda/corda-confidential-identities-3.3-corda.jar:/home/bg/Blockchain/corda/myprojects/cordapp-flow-experiments/build/nodes/.cache/apps/net.corda.node.Corda_3.3-corda/cordform-common-3.2.1.jar:/home/bg/Blockchain/corda/myprojects/cordapp-flow-experiments/build/nodes/.cache/apps/net.corda.node.Corda_3.3-corda/log4j-slf4j-impl-2.9.1.jar:/home/bg/Blockchain/corda/myprojects/cordapp-flow-experiments/build/nodes/.cache/apps/net.corda.node.Corda_3.3-corda/log4j-web-2.9.1.jar:/home/bg/Blockchain/corda/myprojects/cordapp-flow-experiments/build/nodes/.cache/apps/net.corda.node.Corda_3.3-corda/jul-to-slf4j-1.7.25.jar:/home/bg/Blockchain/corda/myprojects/cordapp-flow-experiments/build/nodes/.cache/apps/net.corda.node.Corda_3.3-corda/corda-jackson-3.3-corda.jar:/home/bg/Blockchain/corda/myprojects/cordapp-flow-experiments/build/nodes/.cache/apps/net.corda.node.Corda_3.3-corda/corda-core-3.3-corda.jar:/home/bg/Blockchain/corda/myprojects/cordapp-flow-experiments/build/nodes/.cache/apps/net.corda.node.Corda_3.3-corda/kotlin-stdlib-jre8-1.1.60.jar:/home/bg/Blockchain/corda/myprojects/cordapp-flow-experiments/build/nodes/.cache/apps/net.corda.node.Corda_3.3-corda/jackson-module-kotlin-2.9.2.jar:/home/bg/Blockchain/corda/myprojects/cordapp-flow-experiments/build/nodes/.cache/apps/net.corda.node.Corda_3.3-corda/kotlin-reflect-1.1.60.jar:/home/bg/Blockchain/corda/myprojects/cordapp-flow-experiments/build/nodes/.cache/apps/net.corda.node.Corda_3.3-corda/jimfs-1.1.jar:/home/bg/Blockchain/corda/myprojects/cordapp-flow-experiments/build/nodes/.cache/apps/net.corda.node.Corda_3.3-corda/artemis-amqp-protocol-2.2.0.jar:/home/bg/Blockchain/corda/myprojects/cordapp-flow-experiments/build/nodes/.cache/apps/net.corda.node.Corda_3.3-corda/artemis-server-2.2.0.jar:/home/bg/Blockchain/corda/myprojects/cordapp-flow-experiments/build/nodes/.cache/apps/net.corda.node.Corda_3.3-corda/artemis-jdbc-store-2.2.0.jar:/home/bg/Blockchain/corda/myprojects/cordapp-flow-experiments/build/nodes/.cache/apps/net.corda.node.Corda_3.3-corda/artemis-jms-client-2.2.0.jar:/home/bg/Blockchain/corda/myprojects/cordapp-flow-experiments/build/nodes/.cache/apps/net.corda.node.Corda_3.3-corda/artemis-core-client-2.2.0.jar:/home/bg/Blockchain/corda/myprojects/cordapp-flow-experiments/build/nodes/.cache/apps/net.corda.node.Corda_3.3-corda/artemis-journal-2.2.0.jar:/home/bg/Blockchain/corda/myprojects/cordapp-flow-experiments/build/nodes/.cache/apps/net.corda.node.Corda_3.3-corda/artemis-commons-2.2.0.jar:/home/bg/Blockchain/corda/myprojects/cordapp-flow-experiments/build/nodes/.cache/apps/net.corda.node.Corda_3.3-corda/guava-21.0.jar:/home/bg/Blockchain/corda/myprojects/cordapp-flow-experiments/build/nodes/.cache/apps/net.corda.node.Corda_3.3-corda/jopt-simple-5.0.2.jar:/home/bg/Blockchain/corda/myprojects/cordapp-flow-experiments/build/nodes/.cache/apps/net.corda.node.Corda_3.3-corda/commons-collections4-4.1.jar:/home/bg/Blockchain/corda/myprojects/cordapp-flow-experiments/build/nodes/.cache/apps/net.corda.node.Corda_3.3-corda/shiro-core-1.4.0.jar:/home/bg/Blockchain/corda/myprojects/cordapp-flow-experiments/build/nodes/.cache/apps/net.corda.node.Corda_3.3-corda/shiro-config-ogdl-1.4.0.jar:/home/bg/Blockchain/corda/myprojects/cordapp-flow-experiments/build/nodes/.cache/apps/net.corda.node.Corda_3.3-corda/commons-beanutils-1.9.3.jar:/home/bg/Blockchain/corda/myprojects/cordapp-flow-experiments/build/nodes/.cache/apps/net.corda.node.Corda_3.3-corda/jansi-1.14.jar:/home/bg/Blockchain/corda/myprojects/cordapp-flow-experiments/build/nodes/.cache/apps/net.corda.node.Corda_3.3-corda/jcabi-manifests-1.1.jar:/home/bg/Blockchain/corda/myprojects/cordapp-flow-experiments/build/nodes/.cache/apps/net.corda.node.Corda_3.3-corda/forms_rt-7.0.3.jar:/home/bg/Blockchain/corda/myprojects/cordapp-flow-experiments/build/nodes/.cache/apps/net.corda.node.Corda_3.3-corda/metrics-core-3.1.2.jar:/home/bg/Blockchain/corda/myprojects/cordapp-flow-experiments/build/nodes/.cache/apps/net.corda.node.Corda_3.3-corda/config-1.3.1.jar:/home/bg/Blockchain/corda/myprojects/cordapp-flow-experiments/build/nodes/.cache/apps/net.corda.node.Corda_3.3-corda/h2-1.4.194.jar:/home/bg/Blockchain/corda/myprojects/cordapp-flow-experiments/build/nodes/.cache/apps/net.corda.node.Corda_3.3-corda/postgresql-42.1.4.jar:/home/bg/Blockchain/corda/myprojects/cordapp-flow-experiments/build/nodes/.cache/apps/net.corda.node.Corda_3.3-corda/HikariCP-2.5.1.jar:/home/bg/Blockchain/corda/myprojects/cordapp-flow-experiments/build/nodes/.cache/apps/net.corda.node.Corda_3.3-corda/hibernate-java8-5.2.6.Final.jar:/home/bg/Blockchain/corda/myprojects/cordapp-flow-experiments/build/nodes/.cache/apps/net.corda.node.Corda_3.3-corda/hibernate-core-5.2.6.Final.jar:/home/bg/Blockchain/corda/myprojects/cordapp-flow-experiments/build/nodes/.cache/apps/net.corda.node.Corda_3.3-corda/copycat-client-1.2.3.jar:/home/bg/Blockchain/corda/myprojects/cordapp-flow-experiments/build/nodes/.cache/apps/net.corda.node.Corda_3.3-corda/copycat-server-1.2.3.jar:/home/bg/Blockchain/corda/myprojects/cordapp-flow-experiments/build/nodes/.cache/apps/net.corda.node.Corda_3.3-corda/catalyst-netty-1.1.2.jar:/home/bg/Blockchain/corda/myprojects/cordapp-flow-experiments/build/nodes/.cache/apps/net.corda.node.Corda_3.3-corda/netty-all-4.1.9.Final.jar:/home/bg/Blockchain/corda/myprojects/cordapp-flow-experiments/build/nodes/.cache/apps/net.corda.node.Corda_3.3-corda/crash.connectors.ssh-cadb53544fbb3c0fb901445da614998a6a419488.jar:/home/bg/Blockchain/corda/myprojects/cordapp-flow-experiments/build/nodes/.cache/apps/net.corda.node.Corda_3.3-corda/crash.shell-cadb53544fbb3c0fb901445da614998a6a419488.jar:/home/bg/Blockchain/corda/myprojects/cordapp-flow-experiments/build/nodes/.cache/apps/net.corda.node.Corda_3.3-corda/okhttp-3.5.0.jar:/home/bg/Blockchain/corda/myprojects/cordapp-flow-experiments/build/nodes/.cache/apps/net.corda.node.Corda_3.3-corda/commons-codec-1.10.jar:/home/bg/Blockchain/corda/myprojects/cordapp-flow-experiments/build/nodes/.cache/apps/net.corda.node.Corda_3.3-corda/library-master-v1.1-beta-g6215ec8-87.jar:/home/bg/Blockchain/corda/myprojects/cordapp-flow-experiments/build/nodes/.cache/apps/net.corda.node.Corda_3.3-corda/jolokia-jvm-1.6.0-agent.jar:/home/bg/Blockchain/corda/myprojects/cordapp-flow-experiments/build/nodes/.cache/apps/net.corda.node.Corda_3.3-corda/quasar-core-0.7.9-jdk8.jar:/home/bg/Blockchain/corda/myprojects/cordapp-flow-experiments/build/nodes/.cache/apps/net.corda.node.Corda_3.3-corda/commons-fileupload-1.3.3.jar:/home/bg/Blockchain/corda/myprojects/cordapp-flow-experiments/build/nodes/.cache/apps/net.corda.node.Corda_3.3-corda/kryo-serializers-0.41.jar:/home/bg/Blockchain/corda/myprojects/cordapp-flow-experiments/build/nodes/.cache/apps/net.corda.node.Corda_3.3-corda/kryo-4.0.0.jar:/home/bg/Blockchain/corda/myprojects/cordapp-flow-experiments/build/nodes/.cache/apps/net.corda.node.Corda_3.3-corda/proton-j-0.21.0.jar:/home/bg/Blockchain/corda/myprojects/cordapp-flow-experiments/build/nodes/.cache/apps/net.corda.node.Corda_3.3-corda/fast-classpath-scanner-2.12.3.jar:/home/bg/Blockchain/corda/myprojects/cordapp-flow-experiments/build/nodes/.cache/apps/net.corda.node.Corda_3.3-corda/jsr305-3.0.2.jar:/home/bg/Blockchain/corda/myprojects/cordapp-flow-experiments/build/nodes/.cache/apps/net.corda.node.Corda_3.3-corda/jcabi-log-0.14.jar:/home/bg/Blockchain/corda/myprojects/cordapp-flow-experiments/build/nodes/.cache/apps/net.corda.node.Corda_3.3-corda/copycat-protocol-1.2.3.jar:/home/bg/Blockchain/corda/myprojects/cordapp-flow-experiments/build/nodes/.cache/apps/net.corda.node.Corda_3.3-corda/catalyst-transport-1.1.2.jar:/home/bg/Blockchain/corda/myprojects/cordapp-flow-experiments/build/nodes/.cache/apps/net.corda.node.Corda_3.3-corda/mina-core-2.0.16.jar:/home/bg/Blockchain/corda/myprojects/cordapp-flow-experiments/build/nodes/.cache/apps/net.corda.node.Corda_3.3-corda/shiro-cache-1.4.0.jar:/home/bg/Blockchain/corda/myprojects/cordapp-flow-experiments/build/nodes/.cache/apps/net.corda.node.Corda_3.3-corda/shiro-crypto-hash-1.4.0.jar:/home/bg/Blockchain/corda/myprojects/cordapp-flow-experiments/build/nodes/.cache/apps/net.corda.node.Corda_3.3-corda/shiro-crypto-cipher-1.4.0.jar:/home/bg/Blockchain/corda/myprojects/cordapp-flow-experiments/build/nodes/.cache/apps/net.corda.node.Corda_3.3-corda/shiro-config-core-1.4.0.jar:/home/bg/Blockchain/corda/myprojects/cordapp-flow-experiments/build/nodes/.cache/apps/net.corda.node.Corda_3.3-corda/shiro-event-1.4.0.jar:/home/bg/Blockchain/corda/myprojects/cordapp-flow-experiments/build/nodes/.cache/apps/net.corda.node.Corda_3.3-corda/shiro-crypto-core-1.4.0.jar:/home/bg/Blockchain/corda/myprojects/cordapp-flow-experiments/build/nodes/.cache/apps/net.corda.node.Corda_3.3-corda/shiro-lang-1.4.0.jar:/home/bg/Blockchain/corda/myprojects/cordapp-flow-experiments/build/nodes/.cache/apps/net.corda.node.Corda_3.3-corda/jcl-over-slf4j-1.7.25.jar:/home/bg/Blockchain/corda/myprojects/cordapp-flow-experiments/build/nodes/.cache/apps/net.corda.node.Corda_3.3-corda/catalyst-concurrent-1.1.2.jar:/home/bg/Blockchain/corda/myprojects/cordapp-flow-experiments/build/nodes/.cache/apps/net.corda.node.Corda_3.3-corda/catalyst-serializer-1.1.2.jar:/home/bg/Blockchain/corda/myprojects/cordapp-flow-experiments/build/nodes/.cache/apps/net.corda.node.Corda_3.3-corda/catalyst-buffer-1.1.2.jar:/home/bg/Blockchain/corda/myprojects/cordapp-flow-experiments/build/nodes/.cache/apps/net.corda.node.Corda_3.3-corda/catalyst-common-1.1.2.jar:/home/bg/Blockchain/corda/myprojects/cordapp-flow-experiments/build/nodes/.cache/apps/net.corda.node.Corda_3.3-corda/sshd-pam-0.11.0.jar:/home/bg/Blockchain/corda/myprojects/cordapp-flow-experiments/build/nodes/.cache/apps/net.corda.node.Corda_3.3-corda/sshd-core-1.6.0.jar:/home/bg/Blockchain/corda/myprojects/cordapp-flow-experiments/build/nodes/.cache/apps/net.corda.node.Corda_3.3-corda/slf4j-api-1.7.25.jar:/home/bg/Blockchain/corda/myprojects/cordapp-flow-experiments/build/nodes/.cache/apps/net.corda.node.Corda_3.3-corda/log4j-core-2.9.1.jar:/home/bg/Blockchain/corda/myprojects/cordapp-flow-experiments/build/nodes/.cache/apps/net.corda.node.Corda_3.3-corda/log4j-api-2.9.1.jar:/home/bg/Blockchain/corda/myprojects/cordapp-flow-experiments/build/nodes/.cache/apps/net.corda.node.Corda_3.3-corda/kotlin-stdlib-jre7-1.1.60.jar:/home/bg/Blockchain/corda/myprojects/cordapp-flow-experiments/build/nodes/.cache/apps/net.corda.node.Corda_3.3-corda/kotlin-stdlib-1.1.60.jar:/home/bg/Blockchain/corda/myprojects/cordapp-flow-experiments/build/nodes/.cache/apps/net.corda.node.Corda_3.3-corda/commons-collections-3.2.2.jar:/home/bg/Blockchain/corda/myprojects/cordapp-flow-experiments/build/nodes/.cache/apps/net.corda.node.Corda_3.3-corda/hibernate-commons-annotations-5.0.1.Final.jar:/home/bg/Blockchain/corda/myprojects/cordapp-flow-experiments/build/nodes/.cache/apps/net.corda.node.Corda_3.3-corda/artemis-native-2.2.0.jar:/home/bg/Blockchain/corda/myprojects/cordapp-flow-experiments/build/nodes/.cache/apps/net.corda.node.Corda_3.3-corda/jboss-logging-3.3.0.Final.jar:/home/bg/Blockchain/corda/myprojects/cordapp-flow-experiments/build/nodes/.cache/apps/net.corda.node.Corda_3.3-corda/artemis-selector-2.2.0.jar:/home/bg/Blockchain/corda/myprojects/cordapp-flow-experiments/build/nodes/.cache/apps/net.corda.node.Corda_3.3-corda/jgroups-3.6.13.Final.jar:/home/bg/Blockchain/corda/myprojects/cordapp-flow-experiments/build/nodes/.cache/apps/net.corda.node.Corda_3.3-corda/geronimo-json_1.0_spec-1.0-alpha-1.jar:/home/bg/Blockchain/corda/myprojects/cordapp-flow-experiments/build/nodes/.cache/apps/net.corda.node.Corda_3.3-corda/johnzon-core-0.9.5.jar:/home/bg/Blockchain/corda/myprojects/cordapp-flow-experiments/build/nodes/.cache/apps/net.corda.node.Corda_3.3-corda/forms-1.1-preview.jar:/home/bg/Blockchain/corda/myprojects/cordapp-flow-experiments/build/nodes/.cache/apps/net.corda.node.Corda_3.3-corda/jdom-1.0.jar:/home/bg/Blockchain/corda/myprojects/cordapp-flow-experiments/build/nodes/.cache/apps/net.corda.node.Corda_3.3-corda/jackson-dataformat-yaml-2.9.2.jar:/home/bg/Blockchain/corda/myprojects/cordapp-flow-experiments/build/nodes/.cache/apps/net.corda.node.Corda_3.3-corda/jackson-datatype-jsr310-2.9.2.jar:/home/bg/Blockchain/corda/myprojects/cordapp-flow-experiments/build/nodes/.cache/apps/net.corda.node.Corda_3.3-corda/hibernate-jpa-2.1-api-1.0.0.Final.jar:/home/bg/Blockchain/corda/myprojects/cordapp-flow-experiments/build/nodes/.cache/apps/net.corda.node.Corda_3.3-corda/javassist-3.20.0-GA.jar:/home/bg/Blockchain/corda/myprojects/cordapp-flow-experiments/build/nodes/.cache/apps/net.corda.node.Corda_3.3-corda/antlr-2.7.7.jar:/home/bg/Blockchain/corda/myprojects/cordapp-flow-experiments/build/nodes/.cache/apps/net.corda.node.Corda_3.3-corda/geronimo-jta_1.1_spec-1.1.1.jar:/home/bg/Blockchain/corda/myprojects/cordapp-flow-experiments/build/nodes/.cache/apps/net.corda.node.Corda_3.3-corda/jandex-2.0.3.Final.jar:/home/bg/Blockchain/corda/myprojects/cordapp-flow-experiments/build/nodes/.cache/apps/net.corda.node.Corda_3.3-corda/classmate-1.3.0.jar:/home/bg/Blockchain/corda/myprojects/cordapp-flow-experiments/build/nodes/.cache/apps/net.corda.node.Corda_3.3-corda/dom4j-1.6.1.jar:/home/bg/Blockchain/corda/myprojects/cordapp-flow-experiments/build/nodes/.cache/apps/net.corda.node.Corda_3.3-corda/cdi-api-1.1.jar:/home/bg/Blockchain/corda/myprojects/cordapp-flow-experiments/build/nodes/.cache/apps/net.corda.node.Corda_3.3-corda/crash.cli-cadb53544fbb3c0fb901445da614998a6a419488.jar:/home/bg/Blockchain/corda/myprojects/cordapp-flow-experiments/build/nodes/.cache/apps/net.corda.node.Corda_3.3-corda/groovy-all-1.8.9.jar:/home/bg/Blockchain/corda/myprojects/cordapp-flow-experiments/build/nodes/.cache/apps/net.corda.node.Corda_3.3-corda/okio-1.11.0.jar:/home/bg/Blockchain/corda/myprojects/cordapp-flow-experiments/build/nodes/.cache/apps/net.corda.node.Corda_3.3-corda/jolokia-core-1.6.0.jar:/home/bg/Blockchain/corda/myprojects/cordapp-flow-experiments/build/nodes/.cache/apps/net.corda.node.Corda_3.3-corda/json-simple-1.1.1.jar:/home/bg/Blockchain/corda/myprojects/cordapp-flow-experiments/build/nodes/.cache/apps/net.corda.node.Corda_3.3-corda/rxjava-1.2.4.jar:/home/bg/Blockchain/corda/myprojects/cordapp-flow-experiments/build/nodes/.cache/apps/net.corda.node.Corda_3.3-corda/commons-jexl3-3.0.jar:/home/bg/Blockchain/corda/myprojects/cordapp-flow-experiments/build/nodes/.cache/apps/net.corda.node.Corda_3.3-corda/jackson-databind-2.9.2.jar:/home/bg/Blockchain/corda/myprojects/cordapp-flow-experiments/build/nodes/.cache/apps/net.corda.node.Corda_3.3-corda/eddsa-0.2.0.jar:/home/bg/Blockchain/corda/myprojects/cordapp-flow-experiments/build/nodes/.cache/apps/net.corda.node.Corda_3.3-corda/bcpkix-jdk15on-1.57.jar:/home/bg/Blockchain/corda/myprojects/cordapp-flow-experiments/build/nodes/.cache/apps/net.corda.node.Corda_3.3-corda/bcprov-jdk15on-1.57.jar:/home/bg/Blockchain/corda/myprojects/cordapp-flow-experiments/build/nodes/.cache/apps/net.corda.node.Corda_3.3-corda/commons-io-2.2.jar:/home/bg/Blockchain/corda/myprojects/cordapp-flow-experiments/build/nodes/.cache/apps/net.corda.node.Corda_3.3-corda/reflectasm-1.11.3.jar:/home/bg/Blockchain/corda/myprojects/cordapp-flow-experiments/build/nodes/.cache/apps/net.corda.node.Corda_3.3-corda/minlog-1.3.0.jar:/home/bg/Blockchain/corda/myprojects/cordapp-flow-experiments/build/nodes/.cache/apps/net.corda.node.Corda_3.3-corda/objenesis-2.2.jar:/home/bg/Blockchain/corda/myprojects/cordapp-flow-experiments/build/nodes/.cache/apps/net.corda.node.Corda_3.3-corda/annotations-13.0.jar:/home/bg/Blockchain/corda/myprojects/cordapp-flow-experiments/build/nodes/.cache/apps/net.corda.node.Corda_3.3-corda/jackson-annotations-2.9.0.jar:/home/bg/Blockchain/corda/myprojects/cordapp-flow-experiments/build/nodes/.cache/apps/net.corda.node.Corda_3.3-corda/snakeyaml-1.18.jar:/home/bg/Blockchain/corda/myprojects/cordapp-flow-experiments/build/nodes/.cache/apps/net.corda.node.Corda_3.3-corda/jackson-core-2.9.2.jar:/home/bg/Blockchain/corda/myprojects/cordapp-flow-experiments/build/nodes/.cache/apps/net.corda.node.Corda_3.3-corda/el-api-2.2.jar:/home/bg/Blockchain/corda/myprojects/cordapp-flow-experiments/build/nodes/.cache/apps/net.corda.node.Corda_3.3-corda/jboss-interceptors-api_1.1_spec-1.0.0.Beta1.jar:/home/bg/Blockchain/corda/myprojects/cordapp-flow-experiments/build/nodes/.cache/apps/net.corda.node.Corda_3.3-corda/jsr250-api-1.0.jar:/home/bg/Blockchain/corda/myprojects/cordapp-flow-experiments/build/nodes/.cache/apps/net.corda.node.Corda_3.3-corda/javax.inject-1.jar:/home/bg/Blockchain/corda/myprojects/cordapp-flow-experiments/build/nodes/.cache/apps/net.corda.node.Corda_3.3-corda/jpam-1.1.jar:/home/bg/Blockchain/corda/myprojects/cordapp-flow-experiments/build/nodes/.cache/apps/net.corda.node.Corda_3.3-corda/geronimo-jms_2.0_spec-1.0-alpha-2.jar:/home/bg/Blockchain/corda/myprojects/cordapp-flow-experiments/build/nodes/.cache/apps/net.corda.node.Corda_3.3-corda/asm-5.0.4.jar:/home/bg/Blockchain/corda/myprojects/cordapp-flow-experiments/build/nodes/.cache/apps/net.corda.node.Corda_3.3-corda/corda-node-3.3-corda.jar:/home/bg/Blockchain/corda/myprojects/cordapp-flow-experiments/build/nodes/.cache/apps/net.corda.node.Corda_3.3-corda/quasar-core-0.7.9-jdk8.jar {}
[INFO ] 2019-03-17T16:14:29,537Z [main] internal.Node.logStartupInfo - VM Java HotSpot(TM) 64-Bit Server VM Oracle Corporation 25.201-b09 {}
[INFO ] 2019-03-17T16:14:29,544Z [main] internal.Node.logStartupInfo - Machine: bg {}
[INFO ] 2019-03-17T16:14:29,545Z [main] internal.Node.logStartupInfo - Working Directory: /home/bg/Blockchain/corda/myprojects/cordapp-flow-experiments/build/nodes/PartyA {}
[INFO ] 2019-03-17T16:14:29,547Z [main] internal.Node.logStartupInfo - Starting as node on localhost:10005 {}
[INFO ] 2019-03-17T16:14:30,421Z [main] cordapp.CordappLoader.<init> - No CorDapp paths provided {}
[INFO ] 2019-03-17T16:14:31,884Z [main] internal.Node.generateAndSaveNodeInfo - Generating nodeInfo ... {}
[WARN ] 2019-03-17T16:14:31,909Z [main] internal.Node.initCertificate - Corda node is running in dev mode. {}
[INFO ] 2019-03-17T16:14:36,983Z [main] internal.Node.obtainIdentity - identity-private-key not found in key store /home/bg/Blockchain/corda/myprojects/cordapp-flow-experiments/build/nodes/PartyA/certificates/nodekeystore.jks, generating fresh key! {}
[INFO ] 2019-03-17T16:14:38,797Z [main] BasicInfo.printBasicNodeInfo - Database connection url is              : jdbc:h2:tcp://localhost:43693/node {}
[INFO ] 2019-03-17T16:14:39,188Z [main] hikari.HikariDataSource.<init> - HikariPool-1 - Started. {}
[INFO ] 2019-03-17T16:14:40,446Z [main] internal.Node.invoke - Connected to H2 database. {}
[INFO ] 2019-03-17T16:14:40,785Z [main] persistence.HibernateConfiguration.<init> - Init HibernateConfiguration for schemas: [CommonSchemaV1(name=net.corda.core.schemas.CommonSchema, version=1), VaultSchemaV1(name=net.corda.node.services.vault.VaultSchema, version=1), NodeInfoSchemaV1(name=net.corda.node.internal.schemas.NodeInfoSchema, version=1), NodeCoreV1(name=net.corda.node.services.schema.NodeSchemaService$NodeCore, version=1)] {}
[INFO ] 2019-03-17T16:14:40,798Z [main] persistence.HibernateConfiguration.makeSessionFactoryForSchemas - Creating session factory for schemas: [CommonSchemaV1(name=net.corda.core.schemas.CommonSchema, version=1), VaultSchemaV1(name=net.corda.node.services.vault.VaultSchema, version=1), NodeInfoSchemaV1(name=net.corda.node.internal.schemas.NodeInfoSchema, version=1), NodeCoreV1(name=net.corda.node.services.schema.NodeSchemaService$NodeCore, version=1)] {}
[INFO ] 2019-03-17T16:14:41,487Z [main] hibernate.Version.logVersion - HHH000412: Hibernate Core {5.2.6.Final} {}
[INFO ] 2019-03-17T16:14:41,501Z [main] cfg.Environment.<clinit> - HHH000206: hibernate.properties not found {}
[INFO ] 2019-03-17T16:14:41,770Z [main] common.Version.<clinit> - HCANN000001: Hibernate Commons Annotations {5.0.1.Final} {}
[INFO ] 2019-03-17T16:14:42,355Z [main] internal.ConnectionProviderInitiator.initiateService - HHH000130: Instantiating explicit connection provider: net.corda.nodeapi.internal.persistence.HibernateConfiguration$NodeDatabaseConnectionProvider {}
[INFO ] 2019-03-17T16:14:42,473Z [main] dialect.Dialect.<init> - HHH000400: Using dialect: org.hibernate.dialect.H2Dialect {}
[INFO ] 2019-03-17T16:14:42,860Z [main] type.BasicTypeRegistry.register - HHH000270: Type registration [materialized_blob] overrides previous : org.hibernate.type.MaterializedBlobType@2574a9e3 {}
[INFO ] 2019-03-17T16:14:50,053Z [main] connections.access.getIsolatedConnection - HHH10001501: Connection obtained from JdbcConnectionAccess [org.hibernate.engine.jdbc.env.internal.JdbcEnvironmentInitiator$ConnectionProviderJdbcConnectionAccess@d969452] for (non-JTA) DDL execution was not in auto-commit mode; the Connection 'local transaction' will be committed and the Connection will be set into auto-commit mode. {}
[INFO ] 2019-03-17T16:14:50,814Z [main] persistence.HibernateConfiguration.makeSessionFactoryForSchemas - Created session factory for schemas: [CommonSchemaV1(name=net.corda.core.schemas.CommonSchema, version=1), VaultSchemaV1(name=net.corda.node.services.vault.VaultSchema, version=1), NodeInfoSchemaV1(name=net.corda.node.internal.schemas.NodeInfoSchema, version=1), NodeCoreV1(name=net.corda.node.services.schema.NodeSchemaService$NodeCore, version=1)] {}
[INFO ] 2019-03-17T16:14:52,255Z [main] internal.QueryTranslatorFactoryInitiator.initiateService - HHH000397: Using ASTQueryTranslatorFactory {}
[INFO ] 2019-03-17T16:14:53,451Z [main] internal.Node.updateNodeInfo - Node-info has changed so submitting update. Old node-info was null {}
[INFO ] 2019-03-17T16:14:53,459Z [main] network.PersistentNetworkMapCache.addNode - Adding node with info: NodeInfo(addresses=[localhost:10005], legalIdentitiesAndCerts=[O=PartyA, L=London, C=GB], platformVersion=3, serial=1552839293459) {}
[INFO ] 2019-03-17T16:14:53,682Z [main] network.PersistentNetworkMapCache.addNode - No previous node found {}
[INFO ] 2019-03-17T16:14:56,277Z [main] network.PersistentNetworkMapCache.addNode - Done adding node with info: NodeInfo(addresses=[localhost:10005], legalIdentitiesAndCerts=[O=PartyA, L=London, C=GB], platformVersion=3, serial=1552839293459) {}
[INFO ] 2019-03-17T16:14:56,278Z [main] internal.Node.updateNodeInfo - New node-info: NodeInfo(addresses=[localhost:10005], legalIdentitiesAndCerts=[O=PartyA, L=London, C=GB], platformVersion=3, serial=1552839293459) {}
[INFO ] 2019-03-17T16:14:57,108Z [main] internal.Node.run - Node exiting successfully {}
[WARN ] 2019-03-17T16:17:00,063Z [main] internal.config.defaultToOldPath - Config key user has been deprecated and will be removed in a future release. Use username instead {}
[INFO ] 2019-03-17T16:17:00,441Z [main] internal.Node.logStartupInfo - Vendor: Corda Open Source {}
[INFO ] 2019-03-17T16:17:00,448Z [main] internal.Node.logStartupInfo - Release: 3.3-corda {}
[INFO ] 2019-03-17T16:17:00,448Z [main] internal.Node.logStartupInfo - Platform Version: 3 {}
[INFO ] 2019-03-17T16:17:00,449Z [main] internal.Node.logStartupInfo - Revision: c834162cd488784a0412bba4c9e638da89912ac2 {}
[INFO ] 2019-03-17T16:17:00,450Z [main] internal.Node.logStartupInfo - PID: 24332 {}
[INFO ] 2019-03-17T16:17:00,451Z [main] internal.Node.logStartupInfo - Main class: /home/bg/.capsule/apps/net.corda.node.Corda_3.3-corda/corda-node-3.3-corda.jar {}
[INFO ] 2019-03-17T16:17:00,453Z [main] internal.Node.logStartupInfo - CommandLine Args: -Xmx200m -XX:+UseG1GC -agentlib:jdwp=transport=dt_socket,server=y,suspend=n,address=5005 -javaagent:drivers/jolokia-jvm-1.3.7-agent.jar=port=7005,logHandlerClass=net.corda.node.JolokiaSlf4Adapter -javaagent:/home/bg/.capsule/apps/net.corda.node.Corda_3.3-corda/quasar-core-0.7.9-jdk8.jar=x(antlr**;bftsmart**;ch**;co.paralleluniverse**;com.codahale**;com.esotericsoftware**;com.fasterxml**;com.google**;com.ibm**;com.intellij**;com.jcabi**;com.nhaarman**;com.opengamma**;com.typesafe**;com.zaxxer**;de.javakaffee**;groovy**;groovyjarjarantlr**;groovyjarjarasm**;io.atomix**;io.github**;io.netty**;jdk**;joptsimple**;junit**;kotlin**;net.bytebuddy**;net.i2p**;org.apache**;org.assertj**;org.bouncycastle**;org.codehaus**;org.crsh**;org.dom4j**;org.fusesource**;org.h2**;org.hamcrest**;org.hibernate**;org.jboss**;org.jcp**;org.joda**;org.junit**;org.mockito**;org.objectweb**;org.objenesis**;org.slf4j**;org.w3c**;org.xml**;org.yaml**;reflectasm**;rx**;org.jolokia**) -Dvisualvm.display.name=Corda -Djava.library.path=/usr/java/packages/lib/amd64:/usr/lib64:/lib64:/lib:/usr/lib:/home/bg/.capsule/apps/net.corda.node.Corda_3.3-corda -Dcapsule.app=net.corda.node.Corda_3.3-corda -Dname=PartyA-corda.jar -Dcapsule.dir=/home/bg/.capsule/apps/net.corda.node.Corda_3.3-corda -Dcapsule.jar=/home/bg/Blockchain/corda/myprojects/cordapp-flow-experiments/build/nodes/PartyA/corda.jar {}
[INFO ] 2019-03-17T16:17:00,454Z [main] internal.Node.logStartupInfo - Application Args:  {}
[INFO ] 2019-03-17T16:17:00,455Z [main] internal.Node.logStartupInfo - bootclasspath: /usr/lib/jvm/java-8-oracle/jre/lib/resources.jar:/usr/lib/jvm/java-8-oracle/jre/lib/rt.jar:/usr/lib/jvm/java-8-oracle/jre/lib/sunrsasign.jar:/usr/lib/jvm/java-8-oracle/jre/lib/jsse.jar:/usr/lib/jvm/java-8-oracle/jre/lib/jce.jar:/usr/lib/jvm/java-8-oracle/jre/lib/charsets.jar:/usr/lib/jvm/java-8-oracle/jre/lib/jfr.jar:/usr/lib/jvm/java-8-oracle/jre/classes {}
[INFO ] 2019-03-17T16:17:00,455Z [main] internal.Node.logStartupInfo - classpath: /home/bg/Blockchain/corda/myprojects/cordapp-flow-experiments/build/nodes/PartyA/corda.jar:/home/bg/.capsule/apps/net.corda.node.Corda_3.3-corda/corda-rpc-3.3-corda.jar:/home/bg/.capsule/apps/net.corda.node.Corda_3.3-corda/corda-node-api-3.3-corda.jar:/home/bg/.capsule/apps/net.corda.node.Corda_3.3-corda/corda-confidential-identities-3.3-corda.jar:/home/bg/.capsule/apps/net.corda.node.Corda_3.3-corda/cordform-common-3.2.1.jar:/home/bg/.capsule/apps/net.corda.node.Corda_3.3-corda/log4j-slf4j-impl-2.9.1.jar:/home/bg/.capsule/apps/net.corda.node.Corda_3.3-corda/log4j-web-2.9.1.jar:/home/bg/.capsule/apps/net.corda.node.Corda_3.3-corda/jul-to-slf4j-1.7.25.jar:/home/bg/.capsule/apps/net.corda.node.Corda_3.3-corda/corda-jackson-3.3-corda.jar:/home/bg/.capsule/apps/net.corda.node.Corda_3.3-corda/corda-core-3.3-corda.jar:/home/bg/.capsule/apps/net.corda.node.Corda_3.3-corda/kotlin-stdlib-jre8-1.1.60.jar:/home/bg/.capsule/apps/net.corda.node.Corda_3.3-corda/jackson-module-kotlin-2.9.2.jar:/home/bg/.capsule/apps/net.corda.node.Corda_3.3-corda/kotlin-reflect-1.1.60.jar:/home/bg/.capsule/apps/net.corda.node.Corda_3.3-corda/jimfs-1.1.jar:/home/bg/.capsule/apps/net.corda.node.Corda_3.3-corda/artemis-amqp-protocol-2.2.0.jar:/home/bg/.capsule/apps/net.corda.node.Corda_3.3-corda/artemis-server-2.2.0.jar:/home/bg/.capsule/apps/net.corda.node.Corda_3.3-corda/artemis-jdbc-store-2.2.0.jar:/home/bg/.capsule/apps/net.corda.node.Corda_3.3-corda/artemis-jms-client-2.2.0.jar:/home/bg/.capsule/apps/net.corda.node.Corda_3.3-corda/artemis-core-client-2.2.0.jar:/home/bg/.capsule/apps/net.corda.node.Corda_3.3-corda/artemis-journal-2.2.0.jar:/home/bg/.capsule/apps/net.corda.node.Corda_3.3-corda/artemis-commons-2.2.0.jar:/home/bg/.capsule/apps/net.corda.node.Corda_3.3-corda/guava-21.0.jar:/home/bg/.capsule/apps/net.corda.node.Corda_3.3-corda/jopt-simple-5.0.2.jar:/home/bg/.capsule/apps/net.corda.node.Corda_3.3-corda/commons-collections4-4.1.jar:/home/bg/.capsule/apps/net.corda.node.Corda_3.3-corda/shiro-core-1.4.0.jar:/home/bg/.capsule/apps/net.corda.node.Corda_3.3-corda/shiro-config-ogdl-1.4.0.jar:/home/bg/.capsule/apps/net.corda.node.Corda_3.3-corda/commons-beanutils-1.9.3.jar:/home/bg/.capsule/apps/net.corda.node.Corda_3.3-corda/jansi-1.14.jar:/home/bg/.capsule/apps/net.corda.node.Corda_3.3-corda/jcabi-manifests-1.1.jar:/home/bg/.capsule/apps/net.corda.node.Corda_3.3-corda/forms_rt-7.0.3.jar:/home/bg/.capsule/apps/net.corda.node.Corda_3.3-corda/metrics-core-3.1.2.jar:/home/bg/.capsule/apps/net.corda.node.Corda_3.3-corda/config-1.3.1.jar:/home/bg/.capsule/apps/net.corda.node.Corda_3.3-corda/h2-1.4.194.jar:/home/bg/.capsule/apps/net.corda.node.Corda_3.3-corda/postgresql-42.1.4.jar:/home/bg/.capsule/apps/net.corda.node.Corda_3.3-corda/HikariCP-2.5.1.jar:/home/bg/.capsule/apps/net.corda.node.Corda_3.3-corda/hibernate-java8-5.2.6.Final.jar:/home/bg/.capsule/apps/net.corda.node.Corda_3.3-corda/hibernate-core-5.2.6.Final.jar:/home/bg/.capsule/apps/net.corda.node.Corda_3.3-corda/copycat-client-1.2.3.jar:/home/bg/.capsule/apps/net.corda.node.Corda_3.3-corda/copycat-server-1.2.3.jar:/home/bg/.capsule/apps/net.corda.node.Corda_3.3-corda/catalyst-netty-1.1.2.jar:/home/bg/.capsule/apps/net.corda.node.Corda_3.3-corda/netty-all-4.1.9.Final.jar:/home/bg/.capsule/apps/net.corda.node.Corda_3.3-corda/crash.connectors.ssh-cadb53544fbb3c0fb901445da614998a6a419488.jar:/home/bg/.capsule/apps/net.corda.node.Corda_3.3-corda/crash.shell-cadb53544fbb3c0fb901445da614998a6a419488.jar:/home/bg/.capsule/apps/net.corda.node.Corda_3.3-corda/okhttp-3.5.0.jar:/home/bg/.capsule/apps/net.corda.node.Corda_3.3-corda/commons-codec-1.10.jar:/home/bg/.capsule/apps/net.corda.node.Corda_3.3-corda/library-master-v1.1-beta-g6215ec8-87.jar:/home/bg/.capsule/apps/net.corda.node.Corda_3.3-corda/jolokia-jvm-1.6.0-agent.jar:/home/bg/.capsule/apps/net.corda.node.Corda_3.3-corda/quasar-core-0.7.9-jdk8.jar:/home/bg/.capsule/apps/net.corda.node.Corda_3.3-corda/commons-fileupload-1.3.3.jar:/home/bg/.capsule/apps/net.corda.node.Corda_3.3-corda/kryo-serializers-0.41.jar:/home/bg/.capsule/apps/net.corda.node.Corda_3.3-corda/kryo-4.0.0.jar:/home/bg/.capsule/apps/net.corda.node.Corda_3.3-corda/proton-j-0.21.0.jar:/home/bg/.capsule/apps/net.corda.node.Corda_3.3-corda/fast-classpath-scanner-2.12.3.jar:/home/bg/.capsule/apps/net.corda.node.Corda_3.3-corda/jsr305-3.0.2.jar:/home/bg/.capsule/apps/net.corda.node.Corda_3.3-corda/jcabi-log-0.14.jar:/home/bg/.capsule/apps/net.corda.node.Corda_3.3-corda/copycat-protocol-1.2.3.jar:/home/bg/.capsule/apps/net.corda.node.Corda_3.3-corda/catalyst-transport-1.1.2.jar:/home/bg/.capsule/apps/net.corda.node.Corda_3.3-corda/mina-core-2.0.16.jar:/home/bg/.capsule/apps/net.corda.node.Corda_3.3-corda/shiro-cache-1.4.0.jar:/home/bg/.capsule/apps/net.corda.node.Corda_3.3-corda/shiro-crypto-hash-1.4.0.jar:/home/bg/.capsule/apps/net.corda.node.Corda_3.3-corda/shiro-crypto-cipher-1.4.0.jar:/home/bg/.capsule/apps/net.corda.node.Corda_3.3-corda/shiro-config-core-1.4.0.jar:/home/bg/.capsule/apps/net.corda.node.Corda_3.3-corda/shiro-event-1.4.0.jar:/home/bg/.capsule/apps/net.corda.node.Corda_3.3-corda/shiro-crypto-core-1.4.0.jar:/home/bg/.capsule/apps/net.corda.node.Corda_3.3-corda/shiro-lang-1.4.0.jar:/home/bg/.capsule/apps/net.corda.node.Corda_3.3-corda/jcl-over-slf4j-1.7.25.jar:/home/bg/.capsule/apps/net.corda.node.Corda_3.3-corda/catalyst-concurrent-1.1.2.jar:/home/bg/.capsule/apps/net.corda.node.Corda_3.3-corda/catalyst-serializer-1.1.2.jar:/home/bg/.capsule/apps/net.corda.node.Corda_3.3-corda/catalyst-buffer-1.1.2.jar:/home/bg/.capsule/apps/net.corda.node.Corda_3.3-corda/catalyst-common-1.1.2.jar:/home/bg/.capsule/apps/net.corda.node.Corda_3.3-corda/sshd-pam-0.11.0.jar:/home/bg/.capsule/apps/net.corda.node.Corda_3.3-corda/sshd-core-1.6.0.jar:/home/bg/.capsule/apps/net.corda.node.Corda_3.3-corda/slf4j-api-1.7.25.jar:/home/bg/.capsule/apps/net.corda.node.Corda_3.3-corda/log4j-core-2.9.1.jar:/home/bg/.capsule/apps/net.corda.node.Corda_3.3-corda/log4j-api-2.9.1.jar:/home/bg/.capsule/apps/net.corda.node.Corda_3.3-corda/kotlin-stdlib-jre7-1.1.60.jar:/home/bg/.capsule/apps/net.corda.node.Corda_3.3-corda/kotlin-stdlib-1.1.60.jar:/home/bg/.capsule/apps/net.corda.node.Corda_3.3-corda/commons-collections-3.2.2.jar:/home/bg/.capsule/apps/net.corda.node.Corda_3.3-corda/hibernate-commons-annotations-5.0.1.Final.jar:/home/bg/.capsule/apps/net.corda.node.Corda_3.3-corda/artemis-native-2.2.0.jar:/home/bg/.capsule/apps/net.corda.node.Corda_3.3-corda/jboss-logging-3.3.0.Final.jar:/home/bg/.capsule/apps/net.corda.node.Corda_3.3-corda/artemis-selector-2.2.0.jar:/home/bg/.capsule/apps/net.corda.node.Corda_3.3-corda/jgroups-3.6.13.Final.jar:/home/bg/.capsule/apps/net.corda.node.Corda_3.3-corda/geronimo-json_1.0_spec-1.0-alpha-1.jar:/home/bg/.capsule/apps/net.corda.node.Corda_3.3-corda/johnzon-core-0.9.5.jar:/home/bg/.capsule/apps/net.corda.node.Corda_3.3-corda/forms-1.1-preview.jar:/home/bg/.capsule/apps/net.corda.node.Corda_3.3-corda/jdom-1.0.jar:/home/bg/.capsule/apps/net.corda.node.Corda_3.3-corda/jackson-dataformat-yaml-2.9.2.jar:/home/bg/.capsule/apps/net.corda.node.Corda_3.3-corda/jackson-datatype-jsr310-2.9.2.jar:/home/bg/.capsule/apps/net.corda.node.Corda_3.3-corda/hibernate-jpa-2.1-api-1.0.0.Final.jar:/home/bg/.capsule/apps/net.corda.node.Corda_3.3-corda/javassist-3.20.0-GA.jar:/home/bg/.capsule/apps/net.corda.node.Corda_3.3-corda/antlr-2.7.7.jar:/home/bg/.capsule/apps/net.corda.node.Corda_3.3-corda/geronimo-jta_1.1_spec-1.1.1.jar:/home/bg/.capsule/apps/net.corda.node.Corda_3.3-corda/jandex-2.0.3.Final.jar:/home/bg/.capsule/apps/net.corda.node.Corda_3.3-corda/classmate-1.3.0.jar:/home/bg/.capsule/apps/net.corda.node.Corda_3.3-corda/dom4j-1.6.1.jar:/home/bg/.capsule/apps/net.corda.node.Corda_3.3-corda/cdi-api-1.1.jar:/home/bg/.capsule/apps/net.corda.node.Corda_3.3-corda/crash.cli-cadb53544fbb3c0fb901445da614998a6a419488.jar:/home/bg/.capsule/apps/net.corda.node.Corda_3.3-corda/groovy-all-1.8.9.jar:/home/bg/.capsule/apps/net.corda.node.Corda_3.3-corda/okio-1.11.0.jar:/home/bg/.capsule/apps/net.corda.node.Corda_3.3-corda/jolokia-core-1.6.0.jar:/home/bg/.capsule/apps/net.corda.node.Corda_3.3-corda/json-simple-1.1.1.jar:/home/bg/.capsule/apps/net.corda.node.Corda_3.3-corda/rxjava-1.2.4.jar:/home/bg/.capsule/apps/net.corda.node.Corda_3.3-corda/commons-jexl3-3.0.jar:/home/bg/.capsule/apps/net.corda.node.Corda_3.3-corda/jackson-databind-2.9.2.jar:/home/bg/.capsule/apps/net.corda.node.Corda_3.3-corda/eddsa-0.2.0.jar:/home/bg/.capsule/apps/net.corda.node.Corda_3.3-corda/bcpkix-jdk15on-1.57.jar:/home/bg/.capsule/apps/net.corda.node.Corda_3.3-corda/bcprov-jdk15on-1.57.jar:/home/bg/.capsule/apps/net.corda.node.Corda_3.3-corda/commons-io-2.2.jar:/home/bg/.capsule/apps/net.corda.node.Corda_3.3-corda/reflectasm-1.11.3.jar:/home/bg/.capsule/apps/net.corda.node.Corda_3.3-corda/minlog-1.3.0.jar:/home/bg/.capsule/apps/net.corda.node.Corda_3.3-corda/objenesis-2.2.jar:/home/bg/.capsule/apps/net.corda.node.Corda_3.3-corda/annotations-13.0.jar:/home/bg/.capsule/apps/net.corda.node.Corda_3.3-corda/jackson-annotations-2.9.0.jar:/home/bg/.capsule/apps/net.corda.node.Corda_3.3-corda/snakeyaml-1.18.jar:/home/bg/.capsule/apps/net.corda.node.Corda_3.3-corda/jackson-core-2.9.2.jar:/home/bg/.capsule/apps/net.corda.node.Corda_3.3-corda/el-api-2.2.jar:/home/bg/.capsule/apps/net.corda.node.Corda_3.3-corda/jboss-interceptors-api_1.1_spec-1.0.0.Beta1.jar:/home/bg/.capsule/apps/net.corda.node.Corda_3.3-corda/jsr250-api-1.0.jar:/home/bg/.capsule/apps/net.corda.node.Corda_3.3-corda/javax.inject-1.jar:/home/bg/.capsule/apps/net.corda.node.Corda_3.3-corda/jpam-1.1.jar:/home/bg/.capsule/apps/net.corda.node.Corda_3.3-corda/geronimo-jms_2.0_spec-1.0-alpha-2.jar:/home/bg/.capsule/apps/net.corda.node.Corda_3.3-corda/asm-5.0.4.jar:/home/bg/.capsule/apps/net.corda.node.Corda_3.3-corda/corda-node-3.3-corda.jar:/home/bg/Blockchain/corda/myprojects/cordapp-flow-experiments/build/nodes/PartyA/cordapps/cordapp-0.1.jar:/home/bg/Blockchain/corda/myprojects/cordapp-flow-experiments/build/nodes/PartyA/cordapps/cordapp-contracts-states-0.1.jar:/home/bg/Blockchain/corda/myprojects/cordapp-flow-experiments/build/nodes/PartyA/cordapps/cordapp-flow-experiments-0.1.jar:drivers/jolokia-jvm-1.3.7-agent.jar:/home/bg/.capsule/apps/net.corda.node.Corda_3.3-corda/quasar-core-0.7.9-jdk8.jar {}
[INFO ] 2019-03-17T16:17:00,468Z [main] internal.Node.logStartupInfo - VM Java HotSpot(TM) 64-Bit Server VM Oracle Corporation 25.201-b09 {}
[INFO ] 2019-03-17T16:17:00,468Z [main] internal.Node.logStartupInfo - Machine: bg {}
[INFO ] 2019-03-17T16:17:00,470Z [main] internal.Node.logStartupInfo - Working Directory: /home/bg/Blockchain/corda/myprojects/cordapp-flow-experiments/build/nodes/PartyA {}
[INFO ] 2019-03-17T16:17:00,474Z [main] internal.Node.logStartupInfo - Debug port: dt_socket:5005 {}
[INFO ] 2019-03-17T16:17:00,475Z [main] internal.Node.logStartupInfo - Starting as node on localhost:10005 {}
[INFO ] 2019-03-17T16:17:01,283Z [main] cordapp.CordappLoader.<init> - Loading CorDapps from RestrictedURL(url=file:/home/bg/Blockchain/corda/myprojects/cordapp-flow-experiments/build/nodes/PartyA/cordapps/cordapp-0.1.jar, rootPackageName=null), RestrictedURL(url=file:/home/bg/Blockchain/corda/myprojects/cordapp-flow-experiments/build/nodes/PartyA/cordapps/cordapp-contracts-states-0.1.jar, rootPackageName=null), RestrictedURL(url=file:/home/bg/Blockchain/corda/myprojects/cordapp-flow-experiments/build/nodes/PartyA/cordapps/cordapp-flow-experiments-0.1.jar, rootPackageName=null) {}
[INFO ] 2019-03-17T16:17:01,736Z [main] cordapp.CordappLoader.scanCordapp - Scanning CorDapp in file:/home/bg/Blockchain/corda/myprojects/cordapp-flow-experiments/build/nodes/PartyA/cordapps/cordapp-0.1.jar {}
[INFO ] 2019-03-17T16:17:02,997Z [main] cordapp.CordappLoader.scanCordapp - Scanning CorDapp in file:/home/bg/Blockchain/corda/myprojects/cordapp-flow-experiments/build/nodes/PartyA/cordapps/cordapp-contracts-states-0.1.jar {}
[INFO ] 2019-03-17T16:17:03,159Z [main] cordapp.CordappLoader.scanCordapp - Scanning CorDapp in file:/home/bg/Blockchain/corda/myprojects/cordapp-flow-experiments/build/nodes/PartyA/cordapps/cordapp-flow-experiments-0.1.jar {}
[INFO ] 2019-03-17T16:17:04,062Z [main] internal.Node.start - Node starting up ... {}
[WARN ] 2019-03-17T16:17:04,067Z [main] internal.Node.initCertificate - Corda node is running in dev mode. {}
[INFO ] 2019-03-17T16:17:12,346Z [main] internal.NetworkParametersReader.retrieveNetworkParameters - Loaded network parameters: net.corda.core.internal.SignedDataWithCert@50ab56e2 {}
[INFO ] 2019-03-17T16:17:15,380Z [main] BasicInfo.printBasicNodeInfo - Database connection url is              : jdbc:h2:tcp://localhost:36467/node {}
[INFO ] 2019-03-17T16:17:15,970Z [main] hikari.HikariDataSource.<init> - HikariPool-1 - Started. {}
[INFO ] 2019-03-17T16:17:17,435Z [main] internal.Node.invoke - Connected to H2 database. {}
[INFO ] 2019-03-17T16:17:17,920Z [main] persistence.HibernateConfiguration.<init> - Init HibernateConfiguration for schemas: [CommonSchemaV1(name=net.corda.core.schemas.CommonSchema, version=1), VaultSchemaV1(name=net.corda.node.services.vault.VaultSchema, version=1), NodeInfoSchemaV1(name=net.corda.node.internal.schemas.NodeInfoSchema, version=1), NodeCoreV1(name=net.corda.node.services.schema.NodeSchemaService$NodeCore, version=1)] {}
[INFO ] 2019-03-17T16:17:17,923Z [main] persistence.HibernateConfiguration.makeSessionFactoryForSchemas - Creating session factory for schemas: [CommonSchemaV1(name=net.corda.core.schemas.CommonSchema, version=1), VaultSchemaV1(name=net.corda.node.services.vault.VaultSchema, version=1), NodeInfoSchemaV1(name=net.corda.node.internal.schemas.NodeInfoSchema, version=1), NodeCoreV1(name=net.corda.node.services.schema.NodeSchemaService$NodeCore, version=1)] {}
[INFO ] 2019-03-17T16:17:19,118Z [main] hibernate.Version.logVersion - HHH000412: Hibernate Core {5.2.6.Final} {}
[INFO ] 2019-03-17T16:17:19,144Z [main] cfg.Environment.<clinit> - HHH000206: hibernate.properties not found {}
[INFO ] 2019-03-17T16:17:19,568Z [main] common.Version.<clinit> - HCANN000001: Hibernate Commons Annotations {5.0.1.Final} {}
[INFO ] 2019-03-17T16:17:20,333Z [main] internal.ConnectionProviderInitiator.initiateService - HHH000130: Instantiating explicit connection provider: net.corda.nodeapi.internal.persistence.HibernateConfiguration$NodeDatabaseConnectionProvider {}
[INFO ] 2019-03-17T16:17:20,477Z [main] dialect.Dialect.<init> - HHH000400: Using dialect: org.hibernate.dialect.H2Dialect {}
[INFO ] 2019-03-17T16:17:20,940Z [main] type.BasicTypeRegistry.register - HHH000270: Type registration [materialized_blob] overrides previous : org.hibernate.type.MaterializedBlobType@7ead1d80 {}
[INFO ] 2019-03-17T16:17:29,984Z [main] connections.access.getIsolatedConnection - HHH10001501: Connection obtained from JdbcConnectionAccess [org.hibernate.engine.jdbc.env.internal.JdbcEnvironmentInitiator$ConnectionProviderJdbcConnectionAccess@57a5b03] for (non-JTA) DDL execution was not in auto-commit mode; the Connection 'local transaction' will be committed and the Connection will be set into auto-commit mode. {}
[INFO ] 2019-03-17T16:17:30,948Z [main] persistence.HibernateConfiguration.makeSessionFactoryForSchemas - Created session factory for schemas: [CommonSchemaV1(name=net.corda.core.schemas.CommonSchema, version=1), VaultSchemaV1(name=net.corda.node.services.vault.VaultSchema, version=1), NodeInfoSchemaV1(name=net.corda.node.internal.schemas.NodeInfoSchema, version=1), NodeCoreV1(name=net.corda.node.services.schema.NodeSchemaService$NodeCore, version=1)] {}
[INFO ] 2019-03-17T16:17:33,212Z [main] internal.QueryTranslatorFactoryInitiator.initiateService - HHH000397: Using ASTQueryTranslatorFactory {}
[INFO ] 2019-03-17T16:17:35,381Z [main] internal.Node.updateNodeInfo - Node-info has changed so submitting update. Old node-info was null {}
[INFO ] 2019-03-17T16:17:35,390Z [main] network.PersistentNetworkMapCache.addNode - Adding node with info: NodeInfo(addresses=[localhost:10005], legalIdentitiesAndCerts=[O=PartyA, L=London, C=GB], platformVersion=3, serial=1552839455389) {}
[INFO ] 2019-03-17T16:17:35,687Z [main] network.PersistentNetworkMapCache.addNode - No previous node found {}
[INFO ] 2019-03-17T16:17:36,941Z [main] network.PersistentNetworkMapCache.addNode - Done adding node with info: NodeInfo(addresses=[localhost:10005], legalIdentitiesAndCerts=[O=PartyA, L=London, C=GB], platformVersion=3, serial=1552839455389) {}
[INFO ] 2019-03-17T16:17:36,948Z [main] internal.Node.updateNodeInfo - New node-info: NodeInfo(addresses=[localhost:10005], legalIdentitiesAndCerts=[O=PartyA, L=London, C=GB], platformVersion=3, serial=1552839455389) {}
[INFO ] 2019-03-17T16:17:39,519Z [main] persistence.NodeAttachmentService.invoke - Stored new attachment 7409F0F45CFE7C37C38C92AB1D3D6372E04FF698217FF30C91E1D57B323FD00E {}
[INFO ] 2019-03-17T16:17:40,470Z [main] security.RPCSecurityManagerImpl.buildImpl - Constructing realm from list of users in config [User(user1, permissions=[ALL])] {}
[INFO ] 2019-03-17T16:17:42,105Z [main] BasicInfo.printBasicNodeInfo - Advertised P2P messaging addresses      : localhost:10005 {}
[INFO ] 2019-03-17T16:17:42,180Z [main] BasicInfo.printBasicNodeInfo - RPC connection address                  : localhost:10006 {}
[INFO ] 2019-03-17T16:17:42,181Z [main] BasicInfo.printBasicNodeInfo - RPC admin connection address            : localhost:10046 {}
[INFO ] 2019-03-17T16:17:48,879Z [main] messaging.ArtemisMessagingServer.configureAndStartServer - P2P messaging server listening on port 10005 {}
[INFO ] 2019-03-17T16:17:51,855Z [main] internal.ArtemisMessagingClient.start - Connecting to message broker: localhost:10005 {}
[INFO ] 2019-03-17T16:17:56,001Z [main] internal.ArtemisMessagingClient.start - Connecting to message broker: localhost:10005 {}
[INFO ] 2019-03-17T16:17:56,915Z [main] internal.ArtemisMessagingClient.start - Connecting to message broker: localhost:10046 {}
[INFO ] 2019-03-17T16:17:57,486Z [main] messaging.P2PMessagingClient.start - Connecting to message broker: localhost:10005 {}
[INFO ] 2019-03-17T16:17:57,830Z [main] messaging.P2PMessagingClient.createQueueIfAbsent - Create fresh queue p2p.inbound.DL5MuTpzJvtyQFN74RV8CuqbLioLu49KoGYQFtY8i8fHTg bound on same address {}
[INFO ] 2019-03-17T16:17:58,308Z [Thread-0 (ActiveMQ-client-global-threads)] bridging.BridgeControlListener.processControlMessage - Received bridge control message NodeToBridgeSnapshot(nodeIdentity=DL5MuTpzJvtyQFN74RV8CuqbLioLu49KoGYQFtY8i8fHTg, inboxQueues=[p2p.inbound.DL5MuTpzJvtyQFN74RV8CuqbLioLu49KoGYQFtY8i8fHTg], sendQueues=[]) {}
[INFO ] 2019-03-17T16:17:58,746Z [main] internal.Node.registerInitiatedFlowInternal - Registered com.template.Flow1$Initiator to initiate com.template.Flow1$Reciever (version 1) {}
[INFO ] 2019-03-17T16:17:58,748Z [main] internal.Node.registerInitiatedFlowInternal - Registered com.template.Flow11$Initiator to initiate com.template.Flow11$Reciever (version 1) {}
[INFO ] 2019-03-17T16:17:58,750Z [main] internal.Node.registerInitiatedFlowInternal - Registered com.template.Flow2$Initiator to initiate com.template.Flow2$Reciever (version 1) {}
[INFO ] 2019-03-17T16:17:58,781Z [main] internal.Node.registerInitiatedFlowInternal - Registered com.template.Flow3$Initiator to initiate com.template.Flow3$Reciever (version 1) {}
[INFO ] 2019-03-17T16:17:58,782Z [main] internal.Node.registerInitiatedFlowInternal - Registered com.template.RupeeFlow$Issue to initiate com.template.RupeeFlow$Responder (version 1) {}
[INFO ] 2019-03-17T16:17:58,791Z [main] internal.Node.registerInitiatedFlowInternal - Registered com.template.RupeeFlow$Transfer to initiate com.template.RupeeFlow$TransferResponder (version 1) {}
[INFO ] 2019-03-17T16:17:58,793Z [main] internal.Node.registerInitiatedFlowInternal - Registered com.template.TestFlow$Initiator to initiate com.template.TestFlow$Reciever (version 1) {}
[INFO ] 2019-03-17T16:17:58,806Z [main] internal.Node.registerInitiatedFlowInternal - Registered com.template.flows.HouseRegTransFlow$Initiator to initiate com.template.flows.HouseRegTransFlow$Reciever (version 1) {}
[INFO ] 2019-03-17T16:17:58,808Z [main] internal.Node.registerInitiatedFlowInternal - Registered com.template.flows.HouseRegisterFlow$Initiator to initiate com.template.flows.HouseRegisterFlow$Reciever (version 1) {}
[INFO ] 2019-03-17T16:18:02,888Z [main] plugin.PluginManager.getPlugins - Loaded plugin Plugin[type=SSHPlugin,interface=SSHPlugin] {}
[INFO ] 2019-03-17T16:18:02,923Z [main] plugin.PluginManager.getPlugins - Loaded plugin Plugin[type=SSHInlinePlugin,interface=CommandPlugin] {}
[INFO ] 2019-03-17T16:18:02,932Z [main] plugin.PluginManager.getPlugins - Loaded plugin Plugin[type=KeyAuthenticationPlugin,interface=KeyAuthenticationPlugin] {}
[INFO ] 2019-03-17T16:18:02,942Z [main] plugin.PluginManager.getPlugins - Loaded plugin Plugin[type=CRaSHShellFactory,interface=ShellFactory] {}
[INFO ] 2019-03-17T16:18:02,951Z [main] plugin.PluginManager.getPlugins - Loaded plugin Plugin[type=GroovyLanguageProxy,interface=Language] {}
[INFO ] 2019-03-17T16:18:02,987Z [main] plugin.PluginManager.getPlugins - Loaded plugin Plugin[type=JavaLanguage,interface=Language] {}
[INFO ] 2019-03-17T16:18:02,998Z [main] plugin.PluginManager.getPlugins - Loaded plugin Plugin[type=ScriptLanguage,interface=Language] {}
[INFO ] 2019-03-17T16:18:03,000Z [main] plugin.PluginManager.getPlugins - Loaded plugin Plugin[type=JaasAuthenticationPlugin,interface=AuthenticationPlugin] {}
[INFO ] 2019-03-17T16:18:03,013Z [main] plugin.PluginManager.getPlugins - Loaded plugin Plugin[type=SimpleAuthenticationPlugin,interface=AuthenticationPlugin] {}
[INFO ] 2019-03-17T16:18:03,033Z [main] ssh.SSHPlugin.init - Could not boot SSHD due to missing due to missing port configuration {}
[INFO ] 2019-03-17T16:18:03,034Z [main] plugin.PluginManager.getPlugins - Initialized plugin Plugin[type=SSHPlugin,interface=SSHPlugin] {}
[INFO ] 2019-03-17T16:18:03,034Z [main] plugin.PluginManager.getPlugins - Initialized plugin Plugin[type=SSHInlinePlugin,interface=CommandPlugin] {}
[INFO ] 2019-03-17T16:18:03,035Z [main] plugin.PluginManager.getPlugins - Initialized plugin Plugin[type=KeyAuthenticationPlugin,interface=KeyAuthenticationPlugin] {}
[INFO ] 2019-03-17T16:18:03,155Z [main] plugin.PluginManager.getPlugins - Initialized plugin Plugin[type=GroovyLanguageProxy,interface=Language] {}
[INFO ] 2019-03-17T16:18:03,155Z [main] plugin.PluginManager.getPlugins - Initialized plugin Plugin[type=ScriptLanguage,interface=Language] {}
[INFO ] 2019-03-17T16:18:03,238Z [main] plugin.PluginManager.getPlugins - Initialized plugin Plugin[type=CRaSHShellFactory,interface=ShellFactory] {}
[INFO ] 2019-03-17T16:18:03,239Z [main] plugin.PluginManager.getPlugins - Initialized plugin Plugin[type=JaasAuthenticationPlugin,interface=AuthenticationPlugin] {}
[INFO ] 2019-03-17T16:18:03,239Z [main] plugin.PluginManager.getPlugins - Initialized plugin Plugin[type=SimpleAuthenticationPlugin,interface=AuthenticationPlugin] {}
[INFO ] 2019-03-17T16:18:03,240Z [main] plugin.PluginManager.getPlugins - Initialized plugin Plugin[type=CordaAuthenticationPlugin,interface=AuthenticationPlugin] {}
[WARN ] 2019-03-17T16:18:09,201Z [main] utilities.AppendOnlyPersistentMapBase.set - Double insert in net.corda.node.utilities.AppendOnlyPersistentMap for entity class class net.corda.node.services.identity.PersistentIdentityService$PersistentIdentity key 40C9AEF7F7C1106AF776A97AEDEC0626501368BE3DED0D13525BF0F9DCC0808B, not inserting the second time {}
[INFO ] 2019-03-17T16:18:09,227Z [main] messaging.P2PMessagingClient.updateBridgesOnNetworkChange - Updating bridges on network map change: NodeInfo(addresses=[localhost:10005], legalIdentitiesAndCerts=[O=PartyA, L=London, C=GB], platformVersion=3, serial=1552839455389) {}
[INFO ] 2019-03-17T16:18:10,004Z [RxIoScheduler-2] network.PersistentNetworkMapCache.addNode - Adding node with info: NodeInfo(addresses=[localhost:10011], legalIdentitiesAndCerts=[O=PartyC, L=New York, C=US], platformVersion=3, serial=1552839289838) {}
[INFO ] 2019-03-17T16:18:10,057Z [RxIoScheduler-2] network.PersistentNetworkMapCache.addNode - No previous node found {}
[INFO ] 2019-03-17T16:18:10,195Z [main] BasicInfo.printBasicNodeInfo - Loaded CorDapps                         : cordapp-0.1, cordapp-contracts-states-0.1, cordapp-flow-experiments-0.1, corda-core-3.3-corda {}
[INFO ] 2019-03-17T16:18:10,265Z [main] BasicInfo.printBasicNodeInfo - Node for "PartyA" started up and registered in 82.88 sec {}
[INFO ] 2019-03-17T16:18:10,339Z [main] messaging.RPCServer.start - Starting RPC server with configuration RPCServerConfiguration(rpcThreadPoolSize=4, reapInterval=PT1S, deduplicationCacheExpiry=PT24H) {}
[INFO ] 2019-03-17T16:18:10,456Z [RxIoScheduler-2] messaging.P2PMessagingClient.updateBridgesOnNetworkChange - Updating bridges on network map change: NodeInfo(addresses=[localhost:10011], legalIdentitiesAndCerts=[O=PartyC, L=New York, C=US], platformVersion=3, serial=1552839289838) {}
[INFO ] 2019-03-17T16:18:10,503Z [RxIoScheduler-2] network.PersistentNetworkMapCache.addNode - Done adding node with info: NodeInfo(addresses=[localhost:10011], legalIdentitiesAndCerts=[O=PartyC, L=New York, C=US], platformVersion=3, serial=1552839289838) {}
[INFO ] 2019-03-17T16:18:10,504Z [RxIoScheduler-2] network.PersistentNetworkMapCache.addNode - Adding node with info: NodeInfo(addresses=[localhost:10008], legalIdentitiesAndCerts=[O=PartyB, L=New York, C=US], platformVersion=3, serial=1552839292394) {}
[INFO ] 2019-03-17T16:18:10,532Z [RxIoScheduler-2] network.PersistentNetworkMapCache.addNode - No previous node found {}
[INFO ] 2019-03-17T16:18:10,772Z [RxIoScheduler-2] messaging.P2PMessagingClient.updateBridgesOnNetworkChange - Updating bridges on network map change: NodeInfo(addresses=[localhost:10008], legalIdentitiesAndCerts=[O=PartyB, L=New York, C=US], platformVersion=3, serial=1552839292394) {}
[INFO ] 2019-03-17T16:18:10,843Z [RxIoScheduler-2] network.PersistentNetworkMapCache.addNode - Done adding node with info: NodeInfo(addresses=[localhost:10008], legalIdentitiesAndCerts=[O=PartyB, L=New York, C=US], platformVersion=3, serial=1552839292394) {}
[INFO ] 2019-03-17T16:18:10,844Z [RxIoScheduler-2] network.PersistentNetworkMapCache.addNode - Adding node with info: NodeInfo(addresses=[localhost:10005], legalIdentitiesAndCerts=[O=PartyA, L=London, C=GB], platformVersion=3, serial=1552839293459) {}
[INFO ] 2019-03-17T16:18:11,328Z [RxIoScheduler-2] network.PersistentNetworkMapCache.addNode - Discarding older nodeInfo for O=PartyA, L=London, C=GB {}
[INFO ] 2019-03-17T16:18:11,329Z [RxIoScheduler-2] network.PersistentNetworkMapCache.addNode - Adding node with info: NodeInfo(addresses=[localhost:10002], legalIdentitiesAndCerts=[O=Notary, L=London, C=GB], platformVersion=3, serial=1552839291842) {}
[INFO ] 2019-03-17T16:18:11,370Z [RxIoScheduler-2] network.PersistentNetworkMapCache.addNode - No previous node found {}
[INFO ] 2019-03-17T16:18:11,561Z [RxIoScheduler-2] messaging.P2PMessagingClient.updateBridgesOnNetworkChange - Updating bridges on network map change: NodeInfo(addresses=[localhost:10002], legalIdentitiesAndCerts=[O=Notary, L=London, C=GB], platformVersion=3, serial=1552839291842) {}
[INFO ] 2019-03-17T16:18:11,595Z [RxIoScheduler-2] network.PersistentNetworkMapCache.addNode - Done adding node with info: NodeInfo(addresses=[localhost:10002], legalIdentitiesAndCerts=[O=Notary, L=London, C=GB], platformVersion=3, serial=1552839291842) {}
[INFO ] 2019-03-17T16:22:37,804Z [Node thread-1] flow.[97072f0e-bbd7-4998-98b2-72542e768317].initiateSession - Initiating flow session with party O=PartyB, L=New York, C=US. Session id for tracing purposes is SessionId(toLong=-8879521688880129177). {}
[INFO ] 2019-03-17T16:22:38,065Z [Messaging DL5MuTpzJvtyQFN74RV8CuqbLioLu49KoGYQFtY8i8fHTg] messaging.P2PMessagingClient.createQueueIfAbsent - Create fresh queue internal.peers.DLDKtzfSFJM2w9QLjTTMFzFuRRM7FTPBTgts5ZhTTXw1bo bound on same address {}
[INFO ] 2019-03-17T16:22:38,181Z [Thread-1 (ActiveMQ-client-global-threads)] bridging.BridgeControlListener.processControlMessage - Received bridge control message Create(nodeIdentity=DL5MuTpzJvtyQFN74RV8CuqbLioLu49KoGYQFtY8i8fHTg, bridgeInfo=BridgeEntry(queueName=internal.peers.DLDKtzfSFJM2w9QLjTTMFzFuRRM7FTPBTgts5ZhTTXw1bo, targets=[localhost:10008], legalNames=[O=PartyB, L=New York, C=US])) {}
[INFO ] 2019-03-17T16:22:38,324Z [Thread-1 (ActiveMQ-client-global-threads)] peers.DLDKtzfSFJM2w9QLjTTMFzFuRRM7FTPBTgts5ZhTTXw1bo -> localhost:10008:O=PartyB, L=New York, C=US.start - Create new AMQP bridge {}
[INFO ] 2019-03-17T16:22:38,327Z [Thread-1 (ActiveMQ-client-global-threads)] netty.AMQPClient.start - connect to: localhost:10008 {}
[INFO ] 2019-03-17T16:22:38,721Z [nioEventLoopGroup-2-1] netty.AMQPClient.operationComplete - Connected to localhost:10008 {}
[INFO ] 2019-03-17T16:22:38,772Z [nioEventLoopGroup-2-1] O=PartyB, L=New York, C=US.channelActive - New client connection e20596b0 from localhost/127.0.0.1:10008 to /127.0.0.1:39776 {}
[INFO ] 2019-03-17T16:22:38,879Z [nioEventLoopGroup-2-1] netty.LoggingTrustManagerWrapper.checkServerTrusted - Check Server Certpath:
  C=US,L=New York,O=PartyB[84CBB1ED28A8CC38A1235D05294F0876D3F205E3] issued by C=US,L=New York,O=PartyB[null]
  C=US,L=New York,O=PartyB[99BEDF77DC2D578B34AAAF5FD68615467F9A19FD] issued by C=US,L=New York,OU=Corda,O=R3 HoldCo LLC,CN=Corda Doorman CA[null]
  C=US,L=New York,OU=Corda,O=R3 HoldCo LLC,CN=Corda Doorman CA[EBEE2E30152940AE19981ED86FE37D7F07A2C213] issued by CN=Corda Node Root CA,O=R3,OU=corda,L=London,C=UK[7CAEA9DFB948012B13890B9AE645851C39170773]
  CN=Corda Node Root CA,O=R3,OU=corda,L=London,C=UK[7CAEA9DFB948012B13890B9AE645851C39170773] issued by CN=Corda Node Root CA,O=R3,OU=corda,L=London,C=UK[null] {}
[INFO ] 2019-03-17T16:22:38,954Z [nioEventLoopGroup-2-1] O=PartyB, L=New York, C=US.userEventTriggered - Handshake completed with subject: O=PartyB, L=New York, C=US {}
[INFO ] 2019-03-17T16:22:39,473Z [nioEventLoopGroup-2-1] peers.DLDKtzfSFJM2w9QLjTTMFzFuRRM7FTPBTgts5ZhTTXw1bo -> localhost:10008:O=PartyB, L=New York, C=US.onSocketConnected - Bridge Connected {}
[INFO ] 2019-03-17T16:22:39,489Z [nioEventLoopGroup-2-1] O=PartyA, L=London, C=GB.onConnectionLocalOpen - Connection local open org.apache.qpid.proton.engine.impl.ConnectionImpl@625fc77e {}
[INFO ] 2019-03-17T16:22:42,918Z [Thread-1 (ActiveMQ-client-global-threads)] messaging.P2PMessagingClient.artemisToCordaMessage - Received message from: p2p.inbound.DL5MuTpzJvtyQFN74RV8CuqbLioLu49KoGYQFtY8i8fHTg user: O=PartyB, L=New York, C=US topic: platform.session uuid: a629c3b3-0c9c-4e8c-a3b4-60a5a68e4208 {}
[INFO ] 2019-03-17T16:22:43,279Z [Thread-1 (ActiveMQ-client-global-threads)] messaging.P2PMessagingClient.artemisToCordaMessage - Received message from: p2p.inbound.DL5MuTpzJvtyQFN74RV8CuqbLioLu49KoGYQFtY8i8fHTg user: O=PartyB, L=New York, C=US topic: platform.session uuid: a9151895-2bdb-47ef-ac7b-926f7b496f1f {}
[INFO ] 2019-03-17T16:22:43,900Z [Thread-1 (ActiveMQ-client-global-threads)] messaging.P2PMessagingClient.artemisToCordaMessage - Received message from: p2p.inbound.DL5MuTpzJvtyQFN74RV8CuqbLioLu49KoGYQFtY8i8fHTg user: O=PartyB, L=New York, C=US topic: platform.session uuid: 8c4b332f-3f92-46ae-a686-55e0f5733094 {}
[INFO ] 2019-03-17T16:22:44,017Z [Thread-1 (ActiveMQ-client-global-threads)] messaging.P2PMessagingClient.artemisToCordaMessage - Received message from: p2p.inbound.DL5MuTpzJvtyQFN74RV8CuqbLioLu49KoGYQFtY8i8fHTg user: O=PartyB, L=New York, C=US topic: platform.session uuid: 2ef9187e-31b4-4ca5-a973-f3162df5dab4 {}
[INFO ] 2019-03-17T16:22:44,355Z [Node thread-1] flow.[97072f0e-bbd7-4998-98b2-72542e768317].initiateSession - Initiating flow session with party O=PartyB, L=New York, C=US. Session id for tracing purposes is SessionId(toLong=7080534714128474716). {}
[INFO ] 2019-03-17T16:22:44,566Z [Thread-2 (ActiveMQ-client-global-threads)] messaging.P2PMessagingClient.artemisToCordaMessage - Received message from: p2p.inbound.DL5MuTpzJvtyQFN74RV8CuqbLioLu49KoGYQFtY8i8fHTg user: O=PartyB, L=New York, C=US topic: platform.session uuid: 47085fbd-0868-4efd-8b72-a9034bafd64f {}
[INFO ] 2019-03-17T16:22:44,757Z [Thread-1 (ActiveMQ-client-global-threads)] messaging.P2PMessagingClient.artemisToCordaMessage - Received message from: p2p.inbound.DL5MuTpzJvtyQFN74RV8CuqbLioLu49KoGYQFtY8i8fHTg user: O=PartyB, L=New York, C=US topic: platform.session uuid: b454eb75-fa7e-48da-81e6-87fa4a264ecd {}
[INFO ] 2019-03-17T16:22:45,086Z [Thread-1 (ActiveMQ-client-global-threads)] messaging.P2PMessagingClient.artemisToCordaMessage - Received message from: p2p.inbound.DL5MuTpzJvtyQFN74RV8CuqbLioLu49KoGYQFtY8i8fHTg user: O=PartyB, L=New York, C=US topic: platform.session uuid: 82089d44-7357-42b4-a570-43e2420ae9ac {}
[INFO ] 2019-03-17T16:22:51,882Z [Node thread-1] flow.[f0a7558d-c011-4e6c-b5e8-f5ae7de58c13].initiateSession - Initiating flow session with party O=PartyB, L=New York, C=US. Session id for tracing purposes is SessionId(toLong=-2243682553940864309). {}
[INFO ] 2019-03-17T16:22:52,140Z [Thread-1 (ActiveMQ-client-global-threads)] messaging.P2PMessagingClient.artemisToCordaMessage - Received message from: p2p.inbound.DL5MuTpzJvtyQFN74RV8CuqbLioLu49KoGYQFtY8i8fHTg user: O=PartyB, L=New York, C=US topic: platform.session uuid: 01b9edf2-e06c-4fc1-b17e-6c88ced91ada {}
[INFO ] 2019-03-17T16:22:52,286Z [Thread-2 (ActiveMQ-client-global-threads)] messaging.P2PMessagingClient.artemisToCordaMessage - Received message from: p2p.inbound.DL5MuTpzJvtyQFN74RV8CuqbLioLu49KoGYQFtY8i8fHTg user: O=PartyB, L=New York, C=US topic: platform.session uuid: 65d4cda0-c5c2-4308-9972-aea8cbd858ac {}
[INFO ] 2019-03-17T16:22:52,630Z [Thread-2 (ActiveMQ-client-global-threads)] messaging.P2PMessagingClient.artemisToCordaMessage - Received message from: p2p.inbound.DL5MuTpzJvtyQFN74RV8CuqbLioLu49KoGYQFtY8i8fHTg user: O=PartyB, L=New York, C=US topic: platform.session uuid: 344d44ab-893f-4108-aa55-9ea638e6274b {}
[INFO ] 2019-03-17T16:22:52,702Z [Thread-2 (ActiveMQ-client-global-threads)] messaging.P2PMessagingClient.artemisToCordaMessage - Received message from: p2p.inbound.DL5MuTpzJvtyQFN74RV8CuqbLioLu49KoGYQFtY8i8fHTg user: O=PartyB, L=New York, C=US topic: platform.session uuid: 350c0ac6-63d1-4555-b3bf-df3832bb9f90 {}
[INFO ] 2019-03-17T16:22:52,968Z [Node thread-1] flow.[f0a7558d-c011-4e6c-b5e8-f5ae7de58c13].initiateSession - Initiating flow session with party O=PartyB, L=New York, C=US. Session id for tracing purposes is SessionId(toLong=7952133562244885201). {}
[INFO ] 2019-03-17T16:22:53,218Z [Thread-2 (ActiveMQ-client-global-threads)] messaging.P2PMessagingClient.artemisToCordaMessage - Received message from: p2p.inbound.DL5MuTpzJvtyQFN74RV8CuqbLioLu49KoGYQFtY8i8fHTg user: O=PartyB, L=New York, C=US topic: platform.session uuid: daf64a24-dff3-41b0-8dee-74712bf85cdb {}
[INFO ] 2019-03-17T16:22:53,427Z [Thread-2 (ActiveMQ-client-global-threads)] messaging.P2PMessagingClient.artemisToCordaMessage - Received message from: p2p.inbound.DL5MuTpzJvtyQFN74RV8CuqbLioLu49KoGYQFtY8i8fHTg user: O=PartyB, L=New York, C=US topic: platform.session uuid: 33863d36-2130-4503-8c8a-58ed13587a4c {}
[INFO ] 2019-03-17T16:22:53,581Z [Thread-1 (ActiveMQ-client-global-threads)] messaging.P2PMessagingClient.artemisToCordaMessage - Received message from: p2p.inbound.DL5MuTpzJvtyQFN74RV8CuqbLioLu49KoGYQFtY8i8fHTg user: O=PartyB, L=New York, C=US topic: platform.session uuid: 102efaca-4945-4623-8214-c993ee10da5e {}
[INFO ] 2019-03-17T16:26:02,700Z [Thread-7] BasicInfo.printBasicNodeInfo - Shutting down ... {}
[INFO ] 2019-03-17T16:26:03,188Z [main] internal.Node.run - Node exiting successfully {}
[INFO ] 2019-03-17T16:26:03,649Z [Thread-7] peers.DLDKtzfSFJM2w9QLjTTMFzFuRRM7FTPBTgts5ZhTTXw1bo -> localhost:10008:O=PartyB, L=New York, C=US.stop - Stopping AMQP bridge {}
[INFO ] 2019-03-17T16:26:03,665Z [Thread-7] netty.AMQPClient.stop - disconnect from: localhost:10008 {}
[INFO ] 2019-03-17T16:26:03,668Z [nioEventLoopGroup-2-1] netty.AMQPClient.operationComplete - Disconnected from localhost:10008 {}
[INFO ] 2019-03-17T16:26:03,668Z [Thread-7] netty.AMQPClient.stop - stopped connection to localhost:10008 {}
[INFO ] 2019-03-17T16:26:03,668Z [nioEventLoopGroup-2-1] O=PartyB, L=New York, C=US.channelInactive - Closed client connection e20596b0 from localhost/127.0.0.1:10008 to /127.0.0.1:39776 {}
[INFO ] 2019-03-17T16:26:03,669Z [nioEventLoopGroup-2-1] O=PartyA, L=London, C=GB.onConnectionLocalClose - Connection local close org.apache.qpid.proton.engine.impl.ConnectionImpl@625fc77e {}
[INFO ] 2019-03-17T16:26:03,670Z [nioEventLoopGroup-2-1] O=PartyA, L=London, C=GB.onTransportError - Transport Error TransportImpl [_connectionEndpoint=org.apache.qpid.proton.engine.impl.ConnectionImpl@625fc77e, org.apache.qpid.proton.engine.impl.TransportImpl@354072fe] {}
[INFO ] 2019-03-17T16:26:03,671Z [nioEventLoopGroup-2-1] O=PartyA, L=London, C=GB.onTransportError - Error: connection aborted {}
[INFO ] 2019-03-17T16:26:07,339Z [Thread-7] pool.HikariPool.shutdown - HikariPool-1 - Close initiated... {}
[INFO ] 2019-03-17T16:26:07,371Z [Thread-7] pool.HikariPool.shutdown - HikariPool-1 - Closed. {}
[INFO ] 2019-03-17T16:26:07,373Z [Thread-7] internal.Node.stop - Shutdown complete {}
