[INFO ] 2019-03-17T16:14:20,086Z [main] manifests.Manifests.info - 111 attributes loaded from 123 stream(s) in 8s, 111 saved, 1956 ignored: ["ActiveMQ-Version", "Agent-Class", "Ant-Version", "Application-Class", "Application-Library-Allowable-Codebase", "Application-Name", "Application-Version", "Archiver-Version", "Automatic-Module-Name", "Bnd-LastModified", "Branch", "Build-Date", "Build-Host", "Build-Id", "Build-Java-Version", "Build-Jdk", "Build-Job", "Build-Number", "Build-Timestamp", "Built-By", "Built-OS", "Built-Status", "Bundle-Activator", "Bundle-Category", "Bundle-ClassPath", "Bundle-Copyright", "Bundle-Description", "Bundle-DocURL", "Bundle-License", "Bundle-ManifestVersion", "Bundle-Name", "Bundle-RequiredExecutionEnvironment", "Bundle-SymbolicName", "Bundle-Vendor", "Bundle-Version", "Caller-Allowable-Codebase", "Can-Redefine-Classes", "Can-Retransform-Classes", "Can-Set-Native-Method-Prefix", "Caplets", "Change", "Codebase", "Corda-Platform-Version", "Corda-Release-Version", "Corda-Revision", "Corda-Vendor", "Created-By", "DynamicImport-Package", "Eclipse-BuddyPolicy", "Eclipse-LazyStart", "Export-Package", "Extension-Name", "Fragment-Host", "Gradle-Version", "Ignore-Package", "Implementation-Build", "Implementation-Build-Date", "Implementation-Title", "Implementation-URL", "Implementation-Url", "Implementation-Vendor", "Implementation-Vendor-Id", "Implementation-Version", "Import-Package", "Include-Resource", "JCabi-Build", "JCabi-Date", "JCabi-Version", "JVM-Args", "Java-Agents", "Java-Vendor", "Java-Version", "Kotlin-Runtime-Component", "Kotlin-Version", "Log4jReleaseKey", "Log4jReleaseManager", "Log4jReleaseVersion", "Main-Class", "Main-class", "Manifest-Version", "Min-Java-Version", "Min-Update-Version", "Module-Email", "Module-Origin", "Module-Owner", "Module-Source", "Multi-Release", "Originally-Created-By", "Os-Arch", "Os-Name", "Os-Version", "Package", "Permissions", "Premain-Class", "Private-Package", "Provide-Capability", "Require-Capability", "SCM-Revision", "SCM-url", "Scm-Connection", "Scm-Revision", "Scm-Url", "Service-Component", "Specification-Title", "Specification-Vendor", "Specification-Version", "System-Properties", "Tool", "Trusted-Library", "X-Compile-Source-JDK", "X-Compile-Target-JDK"] {}
[INFO ] 2019-03-17T16:14:21,162Z [main] BasicInfo.printBasicNodeInfo - Logs can be found in                    : /home/bg/Blockchain/corda/myprojects/cordapp-flow-experiments/build/nodes/PartyC/logs {}
[INFO ] 2019-03-17T16:14:21,727Z [main] config.ConfigHelper.loadConfig - Config:
{
    # reference.conf @ jar:file:/home/bg/Blockchain/corda/myprojects/cordapp-flow-experiments/build/nodes/PartyC/corda.jar!/reference.conf: 20
    "activeMQServer" : {
        # reference.conf @ jar:file:/home/bg/Blockchain/corda/myprojects/cordapp-flow-experiments/build/nodes/PartyC/corda.jar!/reference.conf: 21
        "bridge" : {
            # reference.conf @ jar:file:/home/bg/Blockchain/corda/myprojects/cordapp-flow-experiments/build/nodes/PartyC/corda.jar!/reference.conf: 24
            "maxRetryIntervalMin" : 3,
            # reference.conf @ jar:file:/home/bg/Blockchain/corda/myprojects/cordapp-flow-experiments/build/nodes/PartyC/corda.jar!/reference.conf: 22
            "retryIntervalMs" : 5000,
            # reference.conf @ jar:file:/home/bg/Blockchain/corda/myprojects/cordapp-flow-experiments/build/nodes/PartyC/corda.jar!/reference.conf: 23
            "retryIntervalMultiplier" : 1.5
        }
    },
    # hardcoded value
    "baseDirectory" : "/home/bg/Blockchain/corda/myprojects/cordapp-flow-experiments/build/nodes/PartyC",
    # merge of reference.conf @ jar:file:/home/bg/Blockchain/corda/myprojects/cordapp-flow-experiments/build/nodes/PartyC/corda.jar!/reference.conf: 6,reference.conf @ jar:file:/home/bg/Blockchain/corda/myprojects/cordapp-flow-experiments/build/nodes/.cache/apps/net.corda.node.Corda_3.3-corda/corda-node-3.3-corda.jar!/reference.conf: 6
    "dataSourceProperties" : {
        # reference.conf @ jar:file:/home/bg/Blockchain/corda/myprojects/cordapp-flow-experiments/build/nodes/PartyC/corda.jar!/reference.conf: 10
        "dataSource.password" : "",
        # merge of reference.conf @ jar:file:/home/bg/Blockchain/corda/myprojects/cordapp-flow-experiments/build/nodes/PartyC/corda.jar!/reference.conf: 8,hardcoded value,reference.conf @ jar:file:/home/bg/Blockchain/corda/myprojects/cordapp-flow-experiments/build/nodes/PartyC/corda.jar!/reference.conf: 8,reference.conf @ jar:file:/home/bg/Blockchain/corda/myprojects/cordapp-flow-experiments/build/nodes/PartyC/corda.jar!/reference.conf: 17
        "dataSource.url" : "jdbc:h2:file:/home/bg/Blockchain/corda/myprojects/cordapp-flow-experiments/build/nodes/PartyC/persistence;DB_CLOSE_ON_EXIT=FALSE;LOCK_TIMEOUT=10000;WRITE_DELAY=100;AUTO_SERVER_PORT=0",
        # reference.conf @ jar:file:/home/bg/Blockchain/corda/myprojects/cordapp-flow-experiments/build/nodes/PartyC/corda.jar!/reference.conf: 9
        "dataSource.user" : "sa",
        # reference.conf @ jar:file:/home/bg/Blockchain/corda/myprojects/cordapp-flow-experiments/build/nodes/PartyC/corda.jar!/reference.conf: 7
        "dataSourceClassName" : "org.h2.jdbcx.JdbcDataSource"
    },
    # reference.conf @ jar:file:/home/bg/Blockchain/corda/myprojects/cordapp-flow-experiments/build/nodes/PartyC/corda.jar!/reference.conf: 12
    "database" : {
        # reference.conf @ jar:file:/home/bg/Blockchain/corda/myprojects/cordapp-flow-experiments/build/nodes/PartyC/corda.jar!/reference.conf: 14
        "exportHibernateJMXStatistics" : "false",
        # reference.conf @ jar:file:/home/bg/Blockchain/corda/myprojects/cordapp-flow-experiments/build/nodes/PartyC/corda.jar!/reference.conf: 13
        "transactionIsolationLevel" : "REPEATABLE_READ"
    },
    # reference.conf @ jar:file:/home/bg/Blockchain/corda/myprojects/cordapp-flow-experiments/build/nodes/PartyC/corda.jar!/reference.conf: 16
    "devMode" : true,
    # reference.conf @ jar:file:/home/bg/Blockchain/corda/myprojects/cordapp-flow-experiments/build/nodes/PartyC/corda.jar!/reference.conf: 2
    "emailAddress" : "admin@company.com",
    # reference.conf @ jar:file:/home/bg/Blockchain/corda/myprojects/cordapp-flow-experiments/build/nodes/PartyC/corda.jar!/reference.conf: 3
    "exportJMXto" : "http",
    # reference.conf @ jar:file:/home/bg/Blockchain/corda/myprojects/cordapp-flow-experiments/build/nodes/PartyC/corda.jar!/reference.conf: 31
    "flowTimeout" : {
        # reference.conf @ jar:file:/home/bg/Blockchain/corda/myprojects/cordapp-flow-experiments/build/nodes/PartyC/corda.jar!/reference.conf: 34
        "backoffBase" : 1.8,
        # reference.conf @ jar:file:/home/bg/Blockchain/corda/myprojects/cordapp-flow-experiments/build/nodes/PartyC/corda.jar!/reference.conf: 33
        "maxRestartCount" : 5,
        # reference.conf @ jar:file:/home/bg/Blockchain/corda/myprojects/cordapp-flow-experiments/build/nodes/PartyC/corda.jar!/reference.conf: 32
        "timeout" : "30 seconds"
    },
    # reference.conf @ jar:file:/home/bg/Blockchain/corda/myprojects/cordapp-flow-experiments/build/nodes/PartyC/corda.jar!/reference.conf: 17
    "h2port" : 0,
    # reference.conf @ jar:file:/home/bg/Blockchain/corda/myprojects/cordapp-flow-experiments/build/nodes/PartyC/corda.jar!/reference.conf: 4
    "keyStorePassword" : "cordacadevpass",
    # /home/bg/Blockchain/corda/myprojects/cordapp-flow-experiments/build/nodes/PartyC/node.conf: 1
    "myLegalName" : "O=PartyC,L=New York,C=US",
    # hardcoded value
    "noLocalShell" : false,
    # /home/bg/Blockchain/corda/myprojects/cordapp-flow-experiments/build/nodes/PartyC/node.conf: 2
    "p2pAddress" : "localhost:10011",
    # merge of /home/bg/Blockchain/corda/myprojects/cordapp-flow-experiments/build/nodes/PartyC/node.conf: 3,reference.conf @ jar:file:/home/bg/Blockchain/corda/myprojects/cordapp-flow-experiments/build/nodes/PartyC/corda.jar!/reference.conf: 27
    "rpcSettings" : {
        # /home/bg/Blockchain/corda/myprojects/cordapp-flow-experiments/build/nodes/PartyC/node.conf: 4
        "address" : "localhost:10012",
        # /home/bg/Blockchain/corda/myprojects/cordapp-flow-experiments/build/nodes/PartyC/node.conf: 5
        "adminAddress" : "localhost:10052",
        # reference.conf @ jar:file:/home/bg/Blockchain/corda/myprojects/cordapp-flow-experiments/build/nodes/PartyC/corda.jar!/reference.conf: 29
        "standAloneBroker" : false,
        # reference.conf @ jar:file:/home/bg/Blockchain/corda/myprojects/cordapp-flow-experiments/build/nodes/PartyC/corda.jar!/reference.conf: 28
        "useSsl" : false
    },
    # /home/bg/Blockchain/corda/myprojects/cordapp-flow-experiments/build/nodes/PartyC/node.conf: 7
    "rpcUsers" : [
        # /home/bg/Blockchain/corda/myprojects/cordapp-flow-experiments/build/nodes/PartyC/node.conf: 8
        {
            # /home/bg/Blockchain/corda/myprojects/cordapp-flow-experiments/build/nodes/PartyC/node.conf: 9
            "password" : "test",
            # /home/bg/Blockchain/corda/myprojects/cordapp-flow-experiments/build/nodes/PartyC/node.conf: 10
            "permissions" : [
                # /home/bg/Blockchain/corda/myprojects/cordapp-flow-experiments/build/nodes/PartyC/node.conf: 11
                "ALL"
            ],
            # /home/bg/Blockchain/corda/myprojects/cordapp-flow-experiments/build/nodes/PartyC/node.conf: 13
            "user" : "user1"
        }
    ],
    # reference.conf @ jar:file:/home/bg/Blockchain/corda/myprojects/cordapp-flow-experiments/build/nodes/PartyC/corda.jar!/reference.conf: 5
    "trustStorePassword" : "trustpass",
    # reference.conf @ jar:file:/home/bg/Blockchain/corda/myprojects/cordapp-flow-experiments/build/nodes/PartyC/corda.jar!/reference.conf: 18
    "useTestClock" : false,
    # reference.conf @ jar:file:/home/bg/Blockchain/corda/myprojects/cordapp-flow-experiments/build/nodes/PartyC/corda.jar!/reference.conf: 19
    "verifierType" : "InMemory"
}
 {}
[WARN ] 2019-03-17T16:14:26,806Z [main] internal.config.defaultToOldPath - Config key user has been deprecated and will be removed in a future release. Use username instead {}
[INFO ] 2019-03-17T16:14:27,143Z [main] internal.Node.logStartupInfo - Vendor: Corda Open Source {}
[INFO ] 2019-03-17T16:14:27,150Z [main] internal.Node.logStartupInfo - Release: 3.3-corda {}
[INFO ] 2019-03-17T16:14:27,150Z [main] internal.Node.logStartupInfo - Platform Version: 3 {}
[INFO ] 2019-03-17T16:14:27,150Z [main] internal.Node.logStartupInfo - Revision: c834162cd488784a0412bba4c9e638da89912ac2 {}
[INFO ] 2019-03-17T16:14:27,152Z [main] internal.Node.logStartupInfo - PID: 23539 {}
[INFO ] 2019-03-17T16:14:27,152Z [main] internal.Node.logStartupInfo - Main class: /home/bg/Blockchain/corda/myprojects/cordapp-flow-experiments/build/nodes/.cache/apps/net.corda.node.Corda_3.3-corda/corda-node-3.3-corda.jar {}
[INFO ] 2019-03-17T16:14:27,152Z [main] internal.Node.logStartupInfo - CommandLine Args: -Xmx200m -XX:+UseG1GC -javaagent:/home/bg/Blockchain/corda/myprojects/cordapp-flow-experiments/build/nodes/.cache/apps/net.corda.node.Corda_3.3-corda/quasar-core-0.7.9-jdk8.jar=x(antlr**;bftsmart**;ch**;co.paralleluniverse**;com.codahale**;com.esotericsoftware**;com.fasterxml**;com.google**;com.ibm**;com.intellij**;com.jcabi**;com.nhaarman**;com.opengamma**;com.typesafe**;com.zaxxer**;de.javakaffee**;groovy**;groovyjarjarantlr**;groovyjarjarasm**;io.atomix**;io.github**;io.netty**;jdk**;joptsimple**;junit**;kotlin**;net.bytebuddy**;net.i2p**;org.apache**;org.assertj**;org.bouncycastle**;org.codehaus**;org.crsh**;org.dom4j**;org.fusesource**;org.h2**;org.hamcrest**;org.hibernate**;org.jboss**;org.jcp**;org.joda**;org.junit**;org.mockito**;org.objectweb**;org.objenesis**;org.slf4j**;org.w3c**;org.xml**;org.yaml**;reflectasm**;rx**;org.jolokia**) -Dvisualvm.display.name=Corda -Djava.library.path=/usr/java/packages/lib/amd64:/usr/lib64:/lib64:/lib:/usr/lib:/home/bg/Blockchain/corda/myprojects/cordapp-flow-experiments/build/nodes/.cache/apps/net.corda.node.Corda_3.3-corda -Dcapsule.app=net.corda.node.Corda_3.3-corda -Dcapsule.dir=/home/bg/Blockchain/corda/myprojects/cordapp-flow-experiments/build/nodes/.cache/apps/net.corda.node.Corda_3.3-corda -Dcapsule.jar=/home/bg/Blockchain/corda/myprojects/cordapp-flow-experiments/build/nodes/PartyC/corda.jar {}
[INFO ] 2019-03-17T16:14:27,162Z [main] internal.Node.logStartupInfo - Application Args: --just-generate-node-info {}
[INFO ] 2019-03-17T16:14:27,170Z [main] internal.Node.logStartupInfo - bootclasspath: /usr/lib/jvm/java-8-oracle/jre/lib/resources.jar:/usr/lib/jvm/java-8-oracle/jre/lib/rt.jar:/usr/lib/jvm/java-8-oracle/jre/lib/sunrsasign.jar:/usr/lib/jvm/java-8-oracle/jre/lib/jsse.jar:/usr/lib/jvm/java-8-oracle/jre/lib/jce.jar:/usr/lib/jvm/java-8-oracle/jre/lib/charsets.jar:/usr/lib/jvm/java-8-oracle/jre/lib/jfr.jar:/usr/lib/jvm/java-8-oracle/jre/classes {}
[INFO ] 2019-03-17T16:14:27,171Z [main] internal.Node.logStartupInfo - classpath: /home/bg/Blockchain/corda/myprojects/cordapp-flow-experiments/build/nodes/PartyC/corda.jar:/home/bg/Blockchain/corda/myprojects/cordapp-flow-experiments/build/nodes/.cache/apps/net.corda.node.Corda_3.3-corda/corda-rpc-3.3-corda.jar:/home/bg/Blockchain/corda/myprojects/cordapp-flow-experiments/build/nodes/.cache/apps/net.corda.node.Corda_3.3-corda/corda-node-api-3.3-corda.jar:/home/bg/Blockchain/corda/myprojects/cordapp-flow-experiments/build/nodes/.cache/apps/net.corda.node.Corda_3.3-corda/corda-confidential-identities-3.3-corda.jar:/home/bg/Blockchain/corda/myprojects/cordapp-flow-experiments/build/nodes/.cache/apps/net.corda.node.Corda_3.3-corda/cordform-common-3.2.1.jar:/home/bg/Blockchain/corda/myprojects/cordapp-flow-experiments/build/nodes/.cache/apps/net.corda.node.Corda_3.3-corda/log4j-slf4j-impl-2.9.1.jar:/home/bg/Blockchain/corda/myprojects/cordapp-flow-experiments/build/nodes/.cache/apps/net.corda.node.Corda_3.3-corda/log4j-web-2.9.1.jar:/home/bg/Blockchain/corda/myprojects/cordapp-flow-experiments/build/nodes/.cache/apps/net.corda.node.Corda_3.3-corda/jul-to-slf4j-1.7.25.jar:/home/bg/Blockchain/corda/myprojects/cordapp-flow-experiments/build/nodes/.cache/apps/net.corda.node.Corda_3.3-corda/corda-jackson-3.3-corda.jar:/home/bg/Blockchain/corda/myprojects/cordapp-flow-experiments/build/nodes/.cache/apps/net.corda.node.Corda_3.3-corda/corda-core-3.3-corda.jar:/home/bg/Blockchain/corda/myprojects/cordapp-flow-experiments/build/nodes/.cache/apps/net.corda.node.Corda_3.3-corda/kotlin-stdlib-jre8-1.1.60.jar:/home/bg/Blockchain/corda/myprojects/cordapp-flow-experiments/build/nodes/.cache/apps/net.corda.node.Corda_3.3-corda/jackson-module-kotlin-2.9.2.jar:/home/bg/Blockchain/corda/myprojects/cordapp-flow-experiments/build/nodes/.cache/apps/net.corda.node.Corda_3.3-corda/kotlin-reflect-1.1.60.jar:/home/bg/Blockchain/corda/myprojects/cordapp-flow-experiments/build/nodes/.cache/apps/net.corda.node.Corda_3.3-corda/jimfs-1.1.jar:/home/bg/Blockchain/corda/myprojects/cordapp-flow-experiments/build/nodes/.cache/apps/net.corda.node.Corda_3.3-corda/artemis-amqp-protocol-2.2.0.jar:/home/bg/Blockchain/corda/myprojects/cordapp-flow-experiments/build/nodes/.cache/apps/net.corda.node.Corda_3.3-corda/artemis-server-2.2.0.jar:/home/bg/Blockchain/corda/myprojects/cordapp-flow-experiments/build/nodes/.cache/apps/net.corda.node.Corda_3.3-corda/artemis-jdbc-store-2.2.0.jar:/home/bg/Blockchain/corda/myprojects/cordapp-flow-experiments/build/nodes/.cache/apps/net.corda.node.Corda_3.3-corda/artemis-jms-client-2.2.0.jar:/home/bg/Blockchain/corda/myprojects/cordapp-flow-experiments/build/nodes/.cache/apps/net.corda.node.Corda_3.3-corda/artemis-core-client-2.2.0.jar:/home/bg/Blockchain/corda/myprojects/cordapp-flow-experiments/build/nodes/.cache/apps/net.corda.node.Corda_3.3-corda/artemis-journal-2.2.0.jar:/home/bg/Blockchain/corda/myprojects/cordapp-flow-experiments/build/nodes/.cache/apps/net.corda.node.Corda_3.3-corda/artemis-commons-2.2.0.jar:/home/bg/Blockchain/corda/myprojects/cordapp-flow-experiments/build/nodes/.cache/apps/net.corda.node.Corda_3.3-corda/guava-21.0.jar:/home/bg/Blockchain/corda/myprojects/cordapp-flow-experiments/build/nodes/.cache/apps/net.corda.node.Corda_3.3-corda/jopt-simple-5.0.2.jar:/home/bg/Blockchain/corda/myprojects/cordapp-flow-experiments/build/nodes/.cache/apps/net.corda.node.Corda_3.3-corda/commons-collections4-4.1.jar:/home/bg/Blockchain/corda/myprojects/cordapp-flow-experiments/build/nodes/.cache/apps/net.corda.node.Corda_3.3-corda/shiro-core-1.4.0.jar:/home/bg/Blockchain/corda/myprojects/cordapp-flow-experiments/build/nodes/.cache/apps/net.corda.node.Corda_3.3-corda/shiro-config-ogdl-1.4.0.jar:/home/bg/Blockchain/corda/myprojects/cordapp-flow-experiments/build/nodes/.cache/apps/net.corda.node.Corda_3.3-corda/commons-beanutils-1.9.3.jar:/home/bg/Blockchain/corda/myprojects/cordapp-flow-experiments/build/nodes/.cache/apps/net.corda.node.Corda_3.3-corda/jansi-1.14.jar:/home/bg/Blockchain/corda/myprojects/cordapp-flow-experiments/build/nodes/.cache/apps/net.corda.node.Corda_3.3-corda/jcabi-manifests-1.1.jar:/home/bg/Blockchain/corda/myprojects/cordapp-flow-experiments/build/nodes/.cache/apps/net.corda.node.Corda_3.3-corda/forms_rt-7.0.3.jar:/home/bg/Blockchain/corda/myprojects/cordapp-flow-experiments/build/nodes/.cache/apps/net.corda.node.Corda_3.3-corda/metrics-core-3.1.2.jar:/home/bg/Blockchain/corda/myprojects/cordapp-flow-experiments/build/nodes/.cache/apps/net.corda.node.Corda_3.3-corda/config-1.3.1.jar:/home/bg/Blockchain/corda/myprojects/cordapp-flow-experiments/build/nodes/.cache/apps/net.corda.node.Corda_3.3-corda/h2-1.4.194.jar:/home/bg/Blockchain/corda/myprojects/cordapp-flow-experiments/build/nodes/.cache/apps/net.corda.node.Corda_3.3-corda/postgresql-42.1.4.jar:/home/bg/Blockchain/corda/myprojects/cordapp-flow-experiments/build/nodes/.cache/apps/net.corda.node.Corda_3.3-corda/HikariCP-2.5.1.jar:/home/bg/Blockchain/corda/myprojects/cordapp-flow-experiments/build/nodes/.cache/apps/net.corda.node.Corda_3.3-corda/hibernate-java8-5.2.6.Final.jar:/home/bg/Blockchain/corda/myprojects/cordapp-flow-experiments/build/nodes/.cache/apps/net.corda.node.Corda_3.3-corda/hibernate-core-5.2.6.Final.jar:/home/bg/Blockchain/corda/myprojects/cordapp-flow-experiments/build/nodes/.cache/apps/net.corda.node.Corda_3.3-corda/copycat-client-1.2.3.jar:/home/bg/Blockchain/corda/myprojects/cordapp-flow-experiments/build/nodes/.cache/apps/net.corda.node.Corda_3.3-corda/copycat-server-1.2.3.jar:/home/bg/Blockchain/corda/myprojects/cordapp-flow-experiments/build/nodes/.cache/apps/net.corda.node.Corda_3.3-corda/catalyst-netty-1.1.2.jar:/home/bg/Blockchain/corda/myprojects/cordapp-flow-experiments/build/nodes/.cache/apps/net.corda.node.Corda_3.3-corda/netty-all-4.1.9.Final.jar:/home/bg/Blockchain/corda/myprojects/cordapp-flow-experiments/build/nodes/.cache/apps/net.corda.node.Corda_3.3-corda/crash.connectors.ssh-cadb53544fbb3c0fb901445da614998a6a419488.jar:/home/bg/Blockchain/corda/myprojects/cordapp-flow-experiments/build/nodes/.cache/apps/net.corda.node.Corda_3.3-corda/crash.shell-cadb53544fbb3c0fb901445da614998a6a419488.jar:/home/bg/Blockchain/corda/myprojects/cordapp-flow-experiments/build/nodes/.cache/apps/net.corda.node.Corda_3.3-corda/okhttp-3.5.0.jar:/home/bg/Blockchain/corda/myprojects/cordapp-flow-experiments/build/nodes/.cache/apps/net.corda.node.Corda_3.3-corda/commons-codec-1.10.jar:/home/bg/Blockchain/corda/myprojects/cordapp-flow-experiments/build/nodes/.cache/apps/net.corda.node.Corda_3.3-corda/library-master-v1.1-beta-g6215ec8-87.jar:/home/bg/Blockchain/corda/myprojects/cordapp-flow-experiments/build/nodes/.cache/apps/net.corda.node.Corda_3.3-corda/jolokia-jvm-1.6.0-agent.jar:/home/bg/Blockchain/corda/myprojects/cordapp-flow-experiments/build/nodes/.cache/apps/net.corda.node.Corda_3.3-corda/quasar-core-0.7.9-jdk8.jar:/home/bg/Blockchain/corda/myprojects/cordapp-flow-experiments/build/nodes/.cache/apps/net.corda.node.Corda_3.3-corda/commons-fileupload-1.3.3.jar:/home/bg/Blockchain/corda/myprojects/cordapp-flow-experiments/build/nodes/.cache/apps/net.corda.node.Corda_3.3-corda/kryo-serializers-0.41.jar:/home/bg/Blockchain/corda/myprojects/cordapp-flow-experiments/build/nodes/.cache/apps/net.corda.node.Corda_3.3-corda/kryo-4.0.0.jar:/home/bg/Blockchain/corda/myprojects/cordapp-flow-experiments/build/nodes/.cache/apps/net.corda.node.Corda_3.3-corda/proton-j-0.21.0.jar:/home/bg/Blockchain/corda/myprojects/cordapp-flow-experiments/build/nodes/.cache/apps/net.corda.node.Corda_3.3-corda/fast-classpath-scanner-2.12.3.jar:/home/bg/Blockchain/corda/myprojects/cordapp-flow-experiments/build/nodes/.cache/apps/net.corda.node.Corda_3.3-corda/jsr305-3.0.2.jar:/home/bg/Blockchain/corda/myprojects/cordapp-flow-experiments/build/nodes/.cache/apps/net.corda.node.Corda_3.3-corda/jcabi-log-0.14.jar:/home/bg/Blockchain/corda/myprojects/cordapp-flow-experiments/build/nodes/.cache/apps/net.corda.node.Corda_3.3-corda/copycat-protocol-1.2.3.jar:/home/bg/Blockchain/corda/myprojects/cordapp-flow-experiments/build/nodes/.cache/apps/net.corda.node.Corda_3.3-corda/catalyst-transport-1.1.2.jar:/home/bg/Blockchain/corda/myprojects/cordapp-flow-experiments/build/nodes/.cache/apps/net.corda.node.Corda_3.3-corda/mina-core-2.0.16.jar:/home/bg/Blockchain/corda/myprojects/cordapp-flow-experiments/build/nodes/.cache/apps/net.corda.node.Corda_3.3-corda/shiro-cache-1.4.0.jar:/home/bg/Blockchain/corda/myprojects/cordapp-flow-experiments/build/nodes/.cache/apps/net.corda.node.Corda_3.3-corda/shiro-crypto-hash-1.4.0.jar:/home/bg/Blockchain/corda/myprojects/cordapp-flow-experiments/build/nodes/.cache/apps/net.corda.node.Corda_3.3-corda/shiro-crypto-cipher-1.4.0.jar:/home/bg/Blockchain/corda/myprojects/cordapp-flow-experiments/build/nodes/.cache/apps/net.corda.node.Corda_3.3-corda/shiro-config-core-1.4.0.jar:/home/bg/Blockchain/corda/myprojects/cordapp-flow-experiments/build/nodes/.cache/apps/net.corda.node.Corda_3.3-corda/shiro-event-1.4.0.jar:/home/bg/Blockchain/corda/myprojects/cordapp-flow-experiments/build/nodes/.cache/apps/net.corda.node.Corda_3.3-corda/shiro-crypto-core-1.4.0.jar:/home/bg/Blockchain/corda/myprojects/cordapp-flow-experiments/build/nodes/.cache/apps/net.corda.node.Corda_3.3-corda/shiro-lang-1.4.0.jar:/home/bg/Blockchain/corda/myprojects/cordapp-flow-experiments/build/nodes/.cache/apps/net.corda.node.Corda_3.3-corda/jcl-over-slf4j-1.7.25.jar:/home/bg/Blockchain/corda/myprojects/cordapp-flow-experiments/build/nodes/.cache/apps/net.corda.node.Corda_3.3-corda/catalyst-concurrent-1.1.2.jar:/home/bg/Blockchain/corda/myprojects/cordapp-flow-experiments/build/nodes/.cache/apps/net.corda.node.Corda_3.3-corda/catalyst-serializer-1.1.2.jar:/home/bg/Blockchain/corda/myprojects/cordapp-flow-experiments/build/nodes/.cache/apps/net.corda.node.Corda_3.3-corda/catalyst-buffer-1.1.2.jar:/home/bg/Blockchain/corda/myprojects/cordapp-flow-experiments/build/nodes/.cache/apps/net.corda.node.Corda_3.3-corda/catalyst-common-1.1.2.jar:/home/bg/Blockchain/corda/myprojects/cordapp-flow-experiments/build/nodes/.cache/apps/net.corda.node.Corda_3.3-corda/sshd-pam-0.11.0.jar:/home/bg/Blockchain/corda/myprojects/cordapp-flow-experiments/build/nodes/.cache/apps/net.corda.node.Corda_3.3-corda/sshd-core-1.6.0.jar:/home/bg/Blockchain/corda/myprojects/cordapp-flow-experiments/build/nodes/.cache/apps/net.corda.node.Corda_3.3-corda/slf4j-api-1.7.25.jar:/home/bg/Blockchain/corda/myprojects/cordapp-flow-experiments/build/nodes/.cache/apps/net.corda.node.Corda_3.3-corda/log4j-core-2.9.1.jar:/home/bg/Blockchain/corda/myprojects/cordapp-flow-experiments/build/nodes/.cache/apps/net.corda.node.Corda_3.3-corda/log4j-api-2.9.1.jar:/home/bg/Blockchain/corda/myprojects/cordapp-flow-experiments/build/nodes/.cache/apps/net.corda.node.Corda_3.3-corda/kotlin-stdlib-jre7-1.1.60.jar:/home/bg/Blockchain/corda/myprojects/cordapp-flow-experiments/build/nodes/.cache/apps/net.corda.node.Corda_3.3-corda/kotlin-stdlib-1.1.60.jar:/home/bg/Blockchain/corda/myprojects/cordapp-flow-experiments/build/nodes/.cache/apps/net.corda.node.Corda_3.3-corda/commons-collections-3.2.2.jar:/home/bg/Blockchain/corda/myprojects/cordapp-flow-experiments/build/nodes/.cache/apps/net.corda.node.Corda_3.3-corda/hibernate-commons-annotations-5.0.1.Final.jar:/home/bg/Blockchain/corda/myprojects/cordapp-flow-experiments/build/nodes/.cache/apps/net.corda.node.Corda_3.3-corda/artemis-native-2.2.0.jar:/home/bg/Blockchain/corda/myprojects/cordapp-flow-experiments/build/nodes/.cache/apps/net.corda.node.Corda_3.3-corda/jboss-logging-3.3.0.Final.jar:/home/bg/Blockchain/corda/myprojects/cordapp-flow-experiments/build/nodes/.cache/apps/net.corda.node.Corda_3.3-corda/artemis-selector-2.2.0.jar:/home/bg/Blockchain/corda/myprojects/cordapp-flow-experiments/build/nodes/.cache/apps/net.corda.node.Corda_3.3-corda/jgroups-3.6.13.Final.jar:/home/bg/Blockchain/corda/myprojects/cordapp-flow-experiments/build/nodes/.cache/apps/net.corda.node.Corda_3.3-corda/geronimo-json_1.0_spec-1.0-alpha-1.jar:/home/bg/Blockchain/corda/myprojects/cordapp-flow-experiments/build/nodes/.cache/apps/net.corda.node.Corda_3.3-corda/johnzon-core-0.9.5.jar:/home/bg/Blockchain/corda/myprojects/cordapp-flow-experiments/build/nodes/.cache/apps/net.corda.node.Corda_3.3-corda/forms-1.1-preview.jar:/home/bg/Blockchain/corda/myprojects/cordapp-flow-experiments/build/nodes/.cache/apps/net.corda.node.Corda_3.3-corda/jdom-1.0.jar:/home/bg/Blockchain/corda/myprojects/cordapp-flow-experiments/build/nodes/.cache/apps/net.corda.node.Corda_3.3-corda/jackson-dataformat-yaml-2.9.2.jar:/home/bg/Blockchain/corda/myprojects/cordapp-flow-experiments/build/nodes/.cache/apps/net.corda.node.Corda_3.3-corda/jackson-datatype-jsr310-2.9.2.jar:/home/bg/Blockchain/corda/myprojects/cordapp-flow-experiments/build/nodes/.cache/apps/net.corda.node.Corda_3.3-corda/hibernate-jpa-2.1-api-1.0.0.Final.jar:/home/bg/Blockchain/corda/myprojects/cordapp-flow-experiments/build/nodes/.cache/apps/net.corda.node.Corda_3.3-corda/javassist-3.20.0-GA.jar:/home/bg/Blockchain/corda/myprojects/cordapp-flow-experiments/build/nodes/.cache/apps/net.corda.node.Corda_3.3-corda/antlr-2.7.7.jar:/home/bg/Blockchain/corda/myprojects/cordapp-flow-experiments/build/nodes/.cache/apps/net.corda.node.Corda_3.3-corda/geronimo-jta_1.1_spec-1.1.1.jar:/home/bg/Blockchain/corda/myprojects/cordapp-flow-experiments/build/nodes/.cache/apps/net.corda.node.Corda_3.3-corda/jandex-2.0.3.Final.jar:/home/bg/Blockchain/corda/myprojects/cordapp-flow-experiments/build/nodes/.cache/apps/net.corda.node.Corda_3.3-corda/classmate-1.3.0.jar:/home/bg/Blockchain/corda/myprojects/cordapp-flow-experiments/build/nodes/.cache/apps/net.corda.node.Corda_3.3-corda/dom4j-1.6.1.jar:/home/bg/Blockchain/corda/myprojects/cordapp-flow-experiments/build/nodes/.cache/apps/net.corda.node.Corda_3.3-corda/cdi-api-1.1.jar:/home/bg/Blockchain/corda/myprojects/cordapp-flow-experiments/build/nodes/.cache/apps/net.corda.node.Corda_3.3-corda/crash.cli-cadb53544fbb3c0fb901445da614998a6a419488.jar:/home/bg/Blockchain/corda/myprojects/cordapp-flow-experiments/build/nodes/.cache/apps/net.corda.node.Corda_3.3-corda/groovy-all-1.8.9.jar:/home/bg/Blockchain/corda/myprojects/cordapp-flow-experiments/build/nodes/.cache/apps/net.corda.node.Corda_3.3-corda/okio-1.11.0.jar:/home/bg/Blockchain/corda/myprojects/cordapp-flow-experiments/build/nodes/.cache/apps/net.corda.node.Corda_3.3-corda/jolokia-core-1.6.0.jar:/home/bg/Blockchain/corda/myprojects/cordapp-flow-experiments/build/nodes/.cache/apps/net.corda.node.Corda_3.3-corda/json-simple-1.1.1.jar:/home/bg/Blockchain/corda/myprojects/cordapp-flow-experiments/build/nodes/.cache/apps/net.corda.node.Corda_3.3-corda/rxjava-1.2.4.jar:/home/bg/Blockchain/corda/myprojects/cordapp-flow-experiments/build/nodes/.cache/apps/net.corda.node.Corda_3.3-corda/commons-jexl3-3.0.jar:/home/bg/Blockchain/corda/myprojects/cordapp-flow-experiments/build/nodes/.cache/apps/net.corda.node.Corda_3.3-corda/jackson-databind-2.9.2.jar:/home/bg/Blockchain/corda/myprojects/cordapp-flow-experiments/build/nodes/.cache/apps/net.corda.node.Corda_3.3-corda/eddsa-0.2.0.jar:/home/bg/Blockchain/corda/myprojects/cordapp-flow-experiments/build/nodes/.cache/apps/net.corda.node.Corda_3.3-corda/bcpkix-jdk15on-1.57.jar:/home/bg/Blockchain/corda/myprojects/cordapp-flow-experiments/build/nodes/.cache/apps/net.corda.node.Corda_3.3-corda/bcprov-jdk15on-1.57.jar:/home/bg/Blockchain/corda/myprojects/cordapp-flow-experiments/build/nodes/.cache/apps/net.corda.node.Corda_3.3-corda/commons-io-2.2.jar:/home/bg/Blockchain/corda/myprojects/cordapp-flow-experiments/build/nodes/.cache/apps/net.corda.node.Corda_3.3-corda/reflectasm-1.11.3.jar:/home/bg/Blockchain/corda/myprojects/cordapp-flow-experiments/build/nodes/.cache/apps/net.corda.node.Corda_3.3-corda/minlog-1.3.0.jar:/home/bg/Blockchain/corda/myprojects/cordapp-flow-experiments/build/nodes/.cache/apps/net.corda.node.Corda_3.3-corda/objenesis-2.2.jar:/home/bg/Blockchain/corda/myprojects/cordapp-flow-experiments/build/nodes/.cache/apps/net.corda.node.Corda_3.3-corda/annotations-13.0.jar:/home/bg/Blockchain/corda/myprojects/cordapp-flow-experiments/build/nodes/.cache/apps/net.corda.node.Corda_3.3-corda/jackson-annotations-2.9.0.jar:/home/bg/Blockchain/corda/myprojects/cordapp-flow-experiments/build/nodes/.cache/apps/net.corda.node.Corda_3.3-corda/snakeyaml-1.18.jar:/home/bg/Blockchain/corda/myprojects/cordapp-flow-experiments/build/nodes/.cache/apps/net.corda.node.Corda_3.3-corda/jackson-core-2.9.2.jar:/home/bg/Blockchain/corda/myprojects/cordapp-flow-experiments/build/nodes/.cache/apps/net.corda.node.Corda_3.3-corda/el-api-2.2.jar:/home/bg/Blockchain/corda/myprojects/cordapp-flow-experiments/build/nodes/.cache/apps/net.corda.node.Corda_3.3-corda/jboss-interceptors-api_1.1_spec-1.0.0.Beta1.jar:/home/bg/Blockchain/corda/myprojects/cordapp-flow-experiments/build/nodes/.cache/apps/net.corda.node.Corda_3.3-corda/jsr250-api-1.0.jar:/home/bg/Blockchain/corda/myprojects/cordapp-flow-experiments/build/nodes/.cache/apps/net.corda.node.Corda_3.3-corda/javax.inject-1.jar:/home/bg/Blockchain/corda/myprojects/cordapp-flow-experiments/build/nodes/.cache/apps/net.corda.node.Corda_3.3-corda/jpam-1.1.jar:/home/bg/Blockchain/corda/myprojects/cordapp-flow-experiments/build/nodes/.cache/apps/net.corda.node.Corda_3.3-corda/geronimo-jms_2.0_spec-1.0-alpha-2.jar:/home/bg/Blockchain/corda/myprojects/cordapp-flow-experiments/build/nodes/.cache/apps/net.corda.node.Corda_3.3-corda/asm-5.0.4.jar:/home/bg/Blockchain/corda/myprojects/cordapp-flow-experiments/build/nodes/.cache/apps/net.corda.node.Corda_3.3-corda/corda-node-3.3-corda.jar:/home/bg/Blockchain/corda/myprojects/cordapp-flow-experiments/build/nodes/.cache/apps/net.corda.node.Corda_3.3-corda/quasar-core-0.7.9-jdk8.jar {}
[INFO ] 2019-03-17T16:14:27,184Z [main] internal.Node.logStartupInfo - VM Java HotSpot(TM) 64-Bit Server VM Oracle Corporation 25.201-b09 {}
[INFO ] 2019-03-17T16:14:27,184Z [main] internal.Node.logStartupInfo - Machine: bg {}
[INFO ] 2019-03-17T16:14:27,186Z [main] internal.Node.logStartupInfo - Working Directory: /home/bg/Blockchain/corda/myprojects/cordapp-flow-experiments/build/nodes/PartyC {}
[INFO ] 2019-03-17T16:14:27,187Z [main] internal.Node.logStartupInfo - Starting as node on localhost:10011 {}
[INFO ] 2019-03-17T16:14:28,016Z [main] cordapp.CordappLoader.<init> - No CorDapp paths provided {}
[INFO ] 2019-03-17T16:14:29,333Z [main] internal.Node.generateAndSaveNodeInfo - Generating nodeInfo ... {}
[WARN ] 2019-03-17T16:14:29,342Z [main] internal.Node.initCertificate - Corda node is running in dev mode. {}
[INFO ] 2019-03-17T16:14:34,591Z [main] internal.Node.obtainIdentity - identity-private-key not found in key store /home/bg/Blockchain/corda/myprojects/cordapp-flow-experiments/build/nodes/PartyC/certificates/nodekeystore.jks, generating fresh key! {}
[INFO ] 2019-03-17T16:14:36,195Z [main] BasicInfo.printBasicNodeInfo - Database connection url is              : jdbc:h2:tcp://localhost:46329/node {}
[INFO ] 2019-03-17T16:14:37,059Z [main] hikari.HikariDataSource.<init> - HikariPool-1 - Started. {}
[INFO ] 2019-03-17T16:14:38,340Z [main] internal.Node.invoke - Connected to H2 database. {}
[INFO ] 2019-03-17T16:14:38,574Z [main] persistence.HibernateConfiguration.<init> - Init HibernateConfiguration for schemas: [CommonSchemaV1(name=net.corda.core.schemas.CommonSchema, version=1), VaultSchemaV1(name=net.corda.node.services.vault.VaultSchema, version=1), NodeInfoSchemaV1(name=net.corda.node.internal.schemas.NodeInfoSchema, version=1), NodeCoreV1(name=net.corda.node.services.schema.NodeSchemaService$NodeCore, version=1)] {}
[INFO ] 2019-03-17T16:14:38,579Z [main] persistence.HibernateConfiguration.makeSessionFactoryForSchemas - Creating session factory for schemas: [CommonSchemaV1(name=net.corda.core.schemas.CommonSchema, version=1), VaultSchemaV1(name=net.corda.node.services.vault.VaultSchema, version=1), NodeInfoSchemaV1(name=net.corda.node.internal.schemas.NodeInfoSchema, version=1), NodeCoreV1(name=net.corda.node.services.schema.NodeSchemaService$NodeCore, version=1)] {}
[INFO ] 2019-03-17T16:14:39,358Z [main] hibernate.Version.logVersion - HHH000412: Hibernate Core {5.2.6.Final} {}
[INFO ] 2019-03-17T16:14:39,382Z [main] cfg.Environment.<clinit> - HHH000206: hibernate.properties not found {}
[INFO ] 2019-03-17T16:14:39,708Z [main] common.Version.<clinit> - HCANN000001: Hibernate Commons Annotations {5.0.1.Final} {}
[INFO ] 2019-03-17T16:14:40,346Z [main] internal.ConnectionProviderInitiator.initiateService - HHH000130: Instantiating explicit connection provider: net.corda.nodeapi.internal.persistence.HibernateConfiguration$NodeDatabaseConnectionProvider {}
[INFO ] 2019-03-17T16:14:40,484Z [main] dialect.Dialect.<init> - HHH000400: Using dialect: org.hibernate.dialect.H2Dialect {}
[INFO ] 2019-03-17T16:14:40,847Z [main] type.BasicTypeRegistry.register - HHH000270: Type registration [materialized_blob] overrides previous : org.hibernate.type.MaterializedBlobType@2574a9e3 {}
[INFO ] 2019-03-17T16:14:47,117Z [main] connections.access.getIsolatedConnection - HHH10001501: Connection obtained from JdbcConnectionAccess [org.hibernate.engine.jdbc.env.internal.JdbcEnvironmentInitiator$ConnectionProviderJdbcConnectionAccess@d969452] for (non-JTA) DDL execution was not in auto-commit mode; the Connection 'local transaction' will be committed and the Connection will be set into auto-commit mode. {}
[INFO ] 2019-03-17T16:14:47,782Z [main] persistence.HibernateConfiguration.makeSessionFactoryForSchemas - Created session factory for schemas: [CommonSchemaV1(name=net.corda.core.schemas.CommonSchema, version=1), VaultSchemaV1(name=net.corda.node.services.vault.VaultSchema, version=1), NodeInfoSchemaV1(name=net.corda.node.internal.schemas.NodeInfoSchema, version=1), NodeCoreV1(name=net.corda.node.services.schema.NodeSchemaService$NodeCore, version=1)] {}
[INFO ] 2019-03-17T16:14:48,875Z [main] internal.QueryTranslatorFactoryInitiator.initiateService - HHH000397: Using ASTQueryTranslatorFactory {}
[INFO ] 2019-03-17T16:14:49,836Z [main] internal.Node.updateNodeInfo - Node-info has changed so submitting update. Old node-info was null {}
[INFO ] 2019-03-17T16:14:49,839Z [main] network.PersistentNetworkMapCache.addNode - Adding node with info: NodeInfo(addresses=[localhost:10011], legalIdentitiesAndCerts=[O=PartyC, L=New York, C=US], platformVersion=3, serial=1552839289838) {}
[INFO ] 2019-03-17T16:14:50,038Z [main] network.PersistentNetworkMapCache.addNode - No previous node found {}
[INFO ] 2019-03-17T16:14:53,282Z [main] network.PersistentNetworkMapCache.addNode - Done adding node with info: NodeInfo(addresses=[localhost:10011], legalIdentitiesAndCerts=[O=PartyC, L=New York, C=US], platformVersion=3, serial=1552839289838) {}
[INFO ] 2019-03-17T16:14:53,283Z [main] internal.Node.updateNodeInfo - New node-info: NodeInfo(addresses=[localhost:10011], legalIdentitiesAndCerts=[O=PartyC, L=New York, C=US], platformVersion=3, serial=1552839289838) {}
[INFO ] 2019-03-17T16:14:54,956Z [main] internal.Node.run - Node exiting successfully {}
[WARN ] 2019-03-17T16:17:00,143Z [main] internal.config.defaultToOldPath - Config key user has been deprecated and will be removed in a future release. Use username instead {}
[INFO ] 2019-03-17T16:17:00,532Z [main] internal.Node.logStartupInfo - Vendor: Corda Open Source {}
[INFO ] 2019-03-17T16:17:00,533Z [main] internal.Node.logStartupInfo - Release: 3.3-corda {}
[INFO ] 2019-03-17T16:17:00,533Z [main] internal.Node.logStartupInfo - Platform Version: 3 {}
[INFO ] 2019-03-17T16:17:00,533Z [main] internal.Node.logStartupInfo - Revision: c834162cd488784a0412bba4c9e638da89912ac2 {}
[INFO ] 2019-03-17T16:17:00,534Z [main] internal.Node.logStartupInfo - PID: 24321 {}
[INFO ] 2019-03-17T16:17:00,534Z [main] internal.Node.logStartupInfo - Main class: /home/bg/.capsule/apps/net.corda.node.Corda_3.3-corda/corda-node-3.3-corda.jar {}
[INFO ] 2019-03-17T16:17:00,535Z [main] internal.Node.logStartupInfo - CommandLine Args: -Xmx200m -XX:+UseG1GC -agentlib:jdwp=transport=dt_socket,server=y,suspend=n,address=5008 -javaagent:drivers/jolokia-jvm-1.3.7-agent.jar=port=7008,logHandlerClass=net.corda.node.JolokiaSlf4Adapter -javaagent:/home/bg/.capsule/apps/net.corda.node.Corda_3.3-corda/quasar-core-0.7.9-jdk8.jar=x(antlr**;bftsmart**;ch**;co.paralleluniverse**;com.codahale**;com.esotericsoftware**;com.fasterxml**;com.google**;com.ibm**;com.intellij**;com.jcabi**;com.nhaarman**;com.opengamma**;com.typesafe**;com.zaxxer**;de.javakaffee**;groovy**;groovyjarjarantlr**;groovyjarjarasm**;io.atomix**;io.github**;io.netty**;jdk**;joptsimple**;junit**;kotlin**;net.bytebuddy**;net.i2p**;org.apache**;org.assertj**;org.bouncycastle**;org.codehaus**;org.crsh**;org.dom4j**;org.fusesource**;org.h2**;org.hamcrest**;org.hibernate**;org.jboss**;org.jcp**;org.joda**;org.junit**;org.mockito**;org.objectweb**;org.objenesis**;org.slf4j**;org.w3c**;org.xml**;org.yaml**;reflectasm**;rx**;org.jolokia**) -Dvisualvm.display.name=Corda -Djava.library.path=/usr/java/packages/lib/amd64:/usr/lib64:/lib64:/lib:/usr/lib:/home/bg/.capsule/apps/net.corda.node.Corda_3.3-corda -Dcapsule.app=net.corda.node.Corda_3.3-corda -Dname=PartyC-corda.jar -Dcapsule.dir=/home/bg/.capsule/apps/net.corda.node.Corda_3.3-corda -Dcapsule.jar=/home/bg/Blockchain/corda/myprojects/cordapp-flow-experiments/build/nodes/PartyC/corda.jar {}
[INFO ] 2019-03-17T16:17:00,536Z [main] internal.Node.logStartupInfo - Application Args:  {}
[INFO ] 2019-03-17T16:17:00,536Z [main] internal.Node.logStartupInfo - bootclasspath: /usr/lib/jvm/java-8-oracle/jre/lib/resources.jar:/usr/lib/jvm/java-8-oracle/jre/lib/rt.jar:/usr/lib/jvm/java-8-oracle/jre/lib/sunrsasign.jar:/usr/lib/jvm/java-8-oracle/jre/lib/jsse.jar:/usr/lib/jvm/java-8-oracle/jre/lib/jce.jar:/usr/lib/jvm/java-8-oracle/jre/lib/charsets.jar:/usr/lib/jvm/java-8-oracle/jre/lib/jfr.jar:/usr/lib/jvm/java-8-oracle/jre/classes {}
[INFO ] 2019-03-17T16:17:00,536Z [main] internal.Node.logStartupInfo - classpath: /home/bg/Blockchain/corda/myprojects/cordapp-flow-experiments/build/nodes/PartyC/corda.jar:/home/bg/.capsule/apps/net.corda.node.Corda_3.3-corda/corda-rpc-3.3-corda.jar:/home/bg/.capsule/apps/net.corda.node.Corda_3.3-corda/corda-node-api-3.3-corda.jar:/home/bg/.capsule/apps/net.corda.node.Corda_3.3-corda/corda-confidential-identities-3.3-corda.jar:/home/bg/.capsule/apps/net.corda.node.Corda_3.3-corda/cordform-common-3.2.1.jar:/home/bg/.capsule/apps/net.corda.node.Corda_3.3-corda/log4j-slf4j-impl-2.9.1.jar:/home/bg/.capsule/apps/net.corda.node.Corda_3.3-corda/log4j-web-2.9.1.jar:/home/bg/.capsule/apps/net.corda.node.Corda_3.3-corda/jul-to-slf4j-1.7.25.jar:/home/bg/.capsule/apps/net.corda.node.Corda_3.3-corda/corda-jackson-3.3-corda.jar:/home/bg/.capsule/apps/net.corda.node.Corda_3.3-corda/corda-core-3.3-corda.jar:/home/bg/.capsule/apps/net.corda.node.Corda_3.3-corda/kotlin-stdlib-jre8-1.1.60.jar:/home/bg/.capsule/apps/net.corda.node.Corda_3.3-corda/jackson-module-kotlin-2.9.2.jar:/home/bg/.capsule/apps/net.corda.node.Corda_3.3-corda/kotlin-reflect-1.1.60.jar:/home/bg/.capsule/apps/net.corda.node.Corda_3.3-corda/jimfs-1.1.jar:/home/bg/.capsule/apps/net.corda.node.Corda_3.3-corda/artemis-amqp-protocol-2.2.0.jar:/home/bg/.capsule/apps/net.corda.node.Corda_3.3-corda/artemis-server-2.2.0.jar:/home/bg/.capsule/apps/net.corda.node.Corda_3.3-corda/artemis-jdbc-store-2.2.0.jar:/home/bg/.capsule/apps/net.corda.node.Corda_3.3-corda/artemis-jms-client-2.2.0.jar:/home/bg/.capsule/apps/net.corda.node.Corda_3.3-corda/artemis-core-client-2.2.0.jar:/home/bg/.capsule/apps/net.corda.node.Corda_3.3-corda/artemis-journal-2.2.0.jar:/home/bg/.capsule/apps/net.corda.node.Corda_3.3-corda/artemis-commons-2.2.0.jar:/home/bg/.capsule/apps/net.corda.node.Corda_3.3-corda/guava-21.0.jar:/home/bg/.capsule/apps/net.corda.node.Corda_3.3-corda/jopt-simple-5.0.2.jar:/home/bg/.capsule/apps/net.corda.node.Corda_3.3-corda/commons-collections4-4.1.jar:/home/bg/.capsule/apps/net.corda.node.Corda_3.3-corda/shiro-core-1.4.0.jar:/home/bg/.capsule/apps/net.corda.node.Corda_3.3-corda/shiro-config-ogdl-1.4.0.jar:/home/bg/.capsule/apps/net.corda.node.Corda_3.3-corda/commons-beanutils-1.9.3.jar:/home/bg/.capsule/apps/net.corda.node.Corda_3.3-corda/jansi-1.14.jar:/home/bg/.capsule/apps/net.corda.node.Corda_3.3-corda/jcabi-manifests-1.1.jar:/home/bg/.capsule/apps/net.corda.node.Corda_3.3-corda/forms_rt-7.0.3.jar:/home/bg/.capsule/apps/net.corda.node.Corda_3.3-corda/metrics-core-3.1.2.jar:/home/bg/.capsule/apps/net.corda.node.Corda_3.3-corda/config-1.3.1.jar:/home/bg/.capsule/apps/net.corda.node.Corda_3.3-corda/h2-1.4.194.jar:/home/bg/.capsule/apps/net.corda.node.Corda_3.3-corda/postgresql-42.1.4.jar:/home/bg/.capsule/apps/net.corda.node.Corda_3.3-corda/HikariCP-2.5.1.jar:/home/bg/.capsule/apps/net.corda.node.Corda_3.3-corda/hibernate-java8-5.2.6.Final.jar:/home/bg/.capsule/apps/net.corda.node.Corda_3.3-corda/hibernate-core-5.2.6.Final.jar:/home/bg/.capsule/apps/net.corda.node.Corda_3.3-corda/copycat-client-1.2.3.jar:/home/bg/.capsule/apps/net.corda.node.Corda_3.3-corda/copycat-server-1.2.3.jar:/home/bg/.capsule/apps/net.corda.node.Corda_3.3-corda/catalyst-netty-1.1.2.jar:/home/bg/.capsule/apps/net.corda.node.Corda_3.3-corda/netty-all-4.1.9.Final.jar:/home/bg/.capsule/apps/net.corda.node.Corda_3.3-corda/crash.connectors.ssh-cadb53544fbb3c0fb901445da614998a6a419488.jar:/home/bg/.capsule/apps/net.corda.node.Corda_3.3-corda/crash.shell-cadb53544fbb3c0fb901445da614998a6a419488.jar:/home/bg/.capsule/apps/net.corda.node.Corda_3.3-corda/okhttp-3.5.0.jar:/home/bg/.capsule/apps/net.corda.node.Corda_3.3-corda/commons-codec-1.10.jar:/home/bg/.capsule/apps/net.corda.node.Corda_3.3-corda/library-master-v1.1-beta-g6215ec8-87.jar:/home/bg/.capsule/apps/net.corda.node.Corda_3.3-corda/jolokia-jvm-1.6.0-agent.jar:/home/bg/.capsule/apps/net.corda.node.Corda_3.3-corda/quasar-core-0.7.9-jdk8.jar:/home/bg/.capsule/apps/net.corda.node.Corda_3.3-corda/commons-fileupload-1.3.3.jar:/home/bg/.capsule/apps/net.corda.node.Corda_3.3-corda/kryo-serializers-0.41.jar:/home/bg/.capsule/apps/net.corda.node.Corda_3.3-corda/kryo-4.0.0.jar:/home/bg/.capsule/apps/net.corda.node.Corda_3.3-corda/proton-j-0.21.0.jar:/home/bg/.capsule/apps/net.corda.node.Corda_3.3-corda/fast-classpath-scanner-2.12.3.jar:/home/bg/.capsule/apps/net.corda.node.Corda_3.3-corda/jsr305-3.0.2.jar:/home/bg/.capsule/apps/net.corda.node.Corda_3.3-corda/jcabi-log-0.14.jar:/home/bg/.capsule/apps/net.corda.node.Corda_3.3-corda/copycat-protocol-1.2.3.jar:/home/bg/.capsule/apps/net.corda.node.Corda_3.3-corda/catalyst-transport-1.1.2.jar:/home/bg/.capsule/apps/net.corda.node.Corda_3.3-corda/mina-core-2.0.16.jar:/home/bg/.capsule/apps/net.corda.node.Corda_3.3-corda/shiro-cache-1.4.0.jar:/home/bg/.capsule/apps/net.corda.node.Corda_3.3-corda/shiro-crypto-hash-1.4.0.jar:/home/bg/.capsule/apps/net.corda.node.Corda_3.3-corda/shiro-crypto-cipher-1.4.0.jar:/home/bg/.capsule/apps/net.corda.node.Corda_3.3-corda/shiro-config-core-1.4.0.jar:/home/bg/.capsule/apps/net.corda.node.Corda_3.3-corda/shiro-event-1.4.0.jar:/home/bg/.capsule/apps/net.corda.node.Corda_3.3-corda/shiro-crypto-core-1.4.0.jar:/home/bg/.capsule/apps/net.corda.node.Corda_3.3-corda/shiro-lang-1.4.0.jar:/home/bg/.capsule/apps/net.corda.node.Corda_3.3-corda/jcl-over-slf4j-1.7.25.jar:/home/bg/.capsule/apps/net.corda.node.Corda_3.3-corda/catalyst-concurrent-1.1.2.jar:/home/bg/.capsule/apps/net.corda.node.Corda_3.3-corda/catalyst-serializer-1.1.2.jar:/home/bg/.capsule/apps/net.corda.node.Corda_3.3-corda/catalyst-buffer-1.1.2.jar:/home/bg/.capsule/apps/net.corda.node.Corda_3.3-corda/catalyst-common-1.1.2.jar:/home/bg/.capsule/apps/net.corda.node.Corda_3.3-corda/sshd-pam-0.11.0.jar:/home/bg/.capsule/apps/net.corda.node.Corda_3.3-corda/sshd-core-1.6.0.jar:/home/bg/.capsule/apps/net.corda.node.Corda_3.3-corda/slf4j-api-1.7.25.jar:/home/bg/.capsule/apps/net.corda.node.Corda_3.3-corda/log4j-core-2.9.1.jar:/home/bg/.capsule/apps/net.corda.node.Corda_3.3-corda/log4j-api-2.9.1.jar:/home/bg/.capsule/apps/net.corda.node.Corda_3.3-corda/kotlin-stdlib-jre7-1.1.60.jar:/home/bg/.capsule/apps/net.corda.node.Corda_3.3-corda/kotlin-stdlib-1.1.60.jar:/home/bg/.capsule/apps/net.corda.node.Corda_3.3-corda/commons-collections-3.2.2.jar:/home/bg/.capsule/apps/net.corda.node.Corda_3.3-corda/hibernate-commons-annotations-5.0.1.Final.jar:/home/bg/.capsule/apps/net.corda.node.Corda_3.3-corda/artemis-native-2.2.0.jar:/home/bg/.capsule/apps/net.corda.node.Corda_3.3-corda/jboss-logging-3.3.0.Final.jar:/home/bg/.capsule/apps/net.corda.node.Corda_3.3-corda/artemis-selector-2.2.0.jar:/home/bg/.capsule/apps/net.corda.node.Corda_3.3-corda/jgroups-3.6.13.Final.jar:/home/bg/.capsule/apps/net.corda.node.Corda_3.3-corda/geronimo-json_1.0_spec-1.0-alpha-1.jar:/home/bg/.capsule/apps/net.corda.node.Corda_3.3-corda/johnzon-core-0.9.5.jar:/home/bg/.capsule/apps/net.corda.node.Corda_3.3-corda/forms-1.1-preview.jar:/home/bg/.capsule/apps/net.corda.node.Corda_3.3-corda/jdom-1.0.jar:/home/bg/.capsule/apps/net.corda.node.Corda_3.3-corda/jackson-dataformat-yaml-2.9.2.jar:/home/bg/.capsule/apps/net.corda.node.Corda_3.3-corda/jackson-datatype-jsr310-2.9.2.jar:/home/bg/.capsule/apps/net.corda.node.Corda_3.3-corda/hibernate-jpa-2.1-api-1.0.0.Final.jar:/home/bg/.capsule/apps/net.corda.node.Corda_3.3-corda/javassist-3.20.0-GA.jar:/home/bg/.capsule/apps/net.corda.node.Corda_3.3-corda/antlr-2.7.7.jar:/home/bg/.capsule/apps/net.corda.node.Corda_3.3-corda/geronimo-jta_1.1_spec-1.1.1.jar:/home/bg/.capsule/apps/net.corda.node.Corda_3.3-corda/jandex-2.0.3.Final.jar:/home/bg/.capsule/apps/net.corda.node.Corda_3.3-corda/classmate-1.3.0.jar:/home/bg/.capsule/apps/net.corda.node.Corda_3.3-corda/dom4j-1.6.1.jar:/home/bg/.capsule/apps/net.corda.node.Corda_3.3-corda/cdi-api-1.1.jar:/home/bg/.capsule/apps/net.corda.node.Corda_3.3-corda/crash.cli-cadb53544fbb3c0fb901445da614998a6a419488.jar:/home/bg/.capsule/apps/net.corda.node.Corda_3.3-corda/groovy-all-1.8.9.jar:/home/bg/.capsule/apps/net.corda.node.Corda_3.3-corda/okio-1.11.0.jar:/home/bg/.capsule/apps/net.corda.node.Corda_3.3-corda/jolokia-core-1.6.0.jar:/home/bg/.capsule/apps/net.corda.node.Corda_3.3-corda/json-simple-1.1.1.jar:/home/bg/.capsule/apps/net.corda.node.Corda_3.3-corda/rxjava-1.2.4.jar:/home/bg/.capsule/apps/net.corda.node.Corda_3.3-corda/commons-jexl3-3.0.jar:/home/bg/.capsule/apps/net.corda.node.Corda_3.3-corda/jackson-databind-2.9.2.jar:/home/bg/.capsule/apps/net.corda.node.Corda_3.3-corda/eddsa-0.2.0.jar:/home/bg/.capsule/apps/net.corda.node.Corda_3.3-corda/bcpkix-jdk15on-1.57.jar:/home/bg/.capsule/apps/net.corda.node.Corda_3.3-corda/bcprov-jdk15on-1.57.jar:/home/bg/.capsule/apps/net.corda.node.Corda_3.3-corda/commons-io-2.2.jar:/home/bg/.capsule/apps/net.corda.node.Corda_3.3-corda/reflectasm-1.11.3.jar:/home/bg/.capsule/apps/net.corda.node.Corda_3.3-corda/minlog-1.3.0.jar:/home/bg/.capsule/apps/net.corda.node.Corda_3.3-corda/objenesis-2.2.jar:/home/bg/.capsule/apps/net.corda.node.Corda_3.3-corda/annotations-13.0.jar:/home/bg/.capsule/apps/net.corda.node.Corda_3.3-corda/jackson-annotations-2.9.0.jar:/home/bg/.capsule/apps/net.corda.node.Corda_3.3-corda/snakeyaml-1.18.jar:/home/bg/.capsule/apps/net.corda.node.Corda_3.3-corda/jackson-core-2.9.2.jar:/home/bg/.capsule/apps/net.corda.node.Corda_3.3-corda/el-api-2.2.jar:/home/bg/.capsule/apps/net.corda.node.Corda_3.3-corda/jboss-interceptors-api_1.1_spec-1.0.0.Beta1.jar:/home/bg/.capsule/apps/net.corda.node.Corda_3.3-corda/jsr250-api-1.0.jar:/home/bg/.capsule/apps/net.corda.node.Corda_3.3-corda/javax.inject-1.jar:/home/bg/.capsule/apps/net.corda.node.Corda_3.3-corda/jpam-1.1.jar:/home/bg/.capsule/apps/net.corda.node.Corda_3.3-corda/geronimo-jms_2.0_spec-1.0-alpha-2.jar:/home/bg/.capsule/apps/net.corda.node.Corda_3.3-corda/asm-5.0.4.jar:/home/bg/.capsule/apps/net.corda.node.Corda_3.3-corda/corda-node-3.3-corda.jar:/home/bg/Blockchain/corda/myprojects/cordapp-flow-experiments/build/nodes/PartyC/cordapps/cordapp-0.1.jar:/home/bg/Blockchain/corda/myprojects/cordapp-flow-experiments/build/nodes/PartyC/cordapps/cordapp-contracts-states-0.1.jar:/home/bg/Blockchain/corda/myprojects/cordapp-flow-experiments/build/nodes/PartyC/cordapps/cordapp-flow-experiments-0.1.jar:drivers/jolokia-jvm-1.3.7-agent.jar:/home/bg/.capsule/apps/net.corda.node.Corda_3.3-corda/quasar-core-0.7.9-jdk8.jar {}
[INFO ] 2019-03-17T16:17:00,555Z [main] internal.Node.logStartupInfo - VM Java HotSpot(TM) 64-Bit Server VM Oracle Corporation 25.201-b09 {}
[INFO ] 2019-03-17T16:17:00,555Z [main] internal.Node.logStartupInfo - Machine: bg {}
[INFO ] 2019-03-17T16:17:00,556Z [main] internal.Node.logStartupInfo - Working Directory: /home/bg/Blockchain/corda/myprojects/cordapp-flow-experiments/build/nodes/PartyC {}
[INFO ] 2019-03-17T16:17:00,562Z [main] internal.Node.logStartupInfo - Debug port: dt_socket:5008 {}
[INFO ] 2019-03-17T16:17:00,563Z [main] internal.Node.logStartupInfo - Starting as node on localhost:10011 {}
[INFO ] 2019-03-17T16:17:01,449Z [main] cordapp.CordappLoader.<init> - Loading CorDapps from RestrictedURL(url=file:/home/bg/Blockchain/corda/myprojects/cordapp-flow-experiments/build/nodes/PartyC/cordapps/cordapp-0.1.jar, rootPackageName=null), RestrictedURL(url=file:/home/bg/Blockchain/corda/myprojects/cordapp-flow-experiments/build/nodes/PartyC/cordapps/cordapp-contracts-states-0.1.jar, rootPackageName=null), RestrictedURL(url=file:/home/bg/Blockchain/corda/myprojects/cordapp-flow-experiments/build/nodes/PartyC/cordapps/cordapp-flow-experiments-0.1.jar, rootPackageName=null) {}
[INFO ] 2019-03-17T16:17:02,056Z [main] cordapp.CordappLoader.scanCordapp - Scanning CorDapp in file:/home/bg/Blockchain/corda/myprojects/cordapp-flow-experiments/build/nodes/PartyC/cordapps/cordapp-0.1.jar {}
[INFO ] 2019-03-17T16:17:03,403Z [main] cordapp.CordappLoader.scanCordapp - Scanning CorDapp in file:/home/bg/Blockchain/corda/myprojects/cordapp-flow-experiments/build/nodes/PartyC/cordapps/cordapp-contracts-states-0.1.jar {}
[INFO ] 2019-03-17T16:17:03,529Z [main] cordapp.CordappLoader.scanCordapp - Scanning CorDapp in file:/home/bg/Blockchain/corda/myprojects/cordapp-flow-experiments/build/nodes/PartyC/cordapps/cordapp-flow-experiments-0.1.jar {}
[INFO ] 2019-03-17T16:17:04,299Z [main] internal.Node.start - Node starting up ... {}
[WARN ] 2019-03-17T16:17:04,311Z [main] internal.Node.initCertificate - Corda node is running in dev mode. {}
[INFO ] 2019-03-17T16:17:12,593Z [main] internal.NetworkParametersReader.retrieveNetworkParameters - Loaded network parameters: net.corda.core.internal.SignedDataWithCert@29be997f {}
[INFO ] 2019-03-17T16:17:15,545Z [main] BasicInfo.printBasicNodeInfo - Database connection url is              : jdbc:h2:tcp://localhost:41537/node {}
[INFO ] 2019-03-17T16:17:16,194Z [main] hikari.HikariDataSource.<init> - HikariPool-1 - Started. {}
[INFO ] 2019-03-17T16:17:17,581Z [main] internal.Node.invoke - Connected to H2 database. {}
[INFO ] 2019-03-17T16:17:18,283Z [main] persistence.HibernateConfiguration.<init> - Init HibernateConfiguration for schemas: [CommonSchemaV1(name=net.corda.core.schemas.CommonSchema, version=1), VaultSchemaV1(name=net.corda.node.services.vault.VaultSchema, version=1), NodeInfoSchemaV1(name=net.corda.node.internal.schemas.NodeInfoSchema, version=1), NodeCoreV1(name=net.corda.node.services.schema.NodeSchemaService$NodeCore, version=1)] {}
[INFO ] 2019-03-17T16:17:18,310Z [main] persistence.HibernateConfiguration.makeSessionFactoryForSchemas - Creating session factory for schemas: [CommonSchemaV1(name=net.corda.core.schemas.CommonSchema, version=1), VaultSchemaV1(name=net.corda.node.services.vault.VaultSchema, version=1), NodeInfoSchemaV1(name=net.corda.node.internal.schemas.NodeInfoSchema, version=1), NodeCoreV1(name=net.corda.node.services.schema.NodeSchemaService$NodeCore, version=1)] {}
[INFO ] 2019-03-17T16:17:19,328Z [main] hibernate.Version.logVersion - HHH000412: Hibernate Core {5.2.6.Final} {}
[INFO ] 2019-03-17T16:17:19,341Z [main] cfg.Environment.<clinit> - HHH000206: hibernate.properties not found {}
[INFO ] 2019-03-17T16:17:19,910Z [main] common.Version.<clinit> - HCANN000001: Hibernate Commons Annotations {5.0.1.Final} {}
[INFO ] 2019-03-17T16:17:20,829Z [main] internal.ConnectionProviderInitiator.initiateService - HHH000130: Instantiating explicit connection provider: net.corda.nodeapi.internal.persistence.HibernateConfiguration$NodeDatabaseConnectionProvider {}
[INFO ] 2019-03-17T16:17:20,988Z [main] dialect.Dialect.<init> - HHH000400: Using dialect: org.hibernate.dialect.H2Dialect {}
[INFO ] 2019-03-17T16:17:21,444Z [main] type.BasicTypeRegistry.register - HHH000270: Type registration [materialized_blob] overrides previous : org.hibernate.type.MaterializedBlobType@2fbd390 {}
[INFO ] 2019-03-17T16:17:32,332Z [main] connections.access.getIsolatedConnection - HHH10001501: Connection obtained from JdbcConnectionAccess [org.hibernate.engine.jdbc.env.internal.JdbcEnvironmentInitiator$ConnectionProviderJdbcConnectionAccess@299786b1] for (non-JTA) DDL execution was not in auto-commit mode; the Connection 'local transaction' will be committed and the Connection will be set into auto-commit mode. {}
[INFO ] 2019-03-17T16:17:33,349Z [main] persistence.HibernateConfiguration.makeSessionFactoryForSchemas - Created session factory for schemas: [CommonSchemaV1(name=net.corda.core.schemas.CommonSchema, version=1), VaultSchemaV1(name=net.corda.node.services.vault.VaultSchema, version=1), NodeInfoSchemaV1(name=net.corda.node.internal.schemas.NodeInfoSchema, version=1), NodeCoreV1(name=net.corda.node.services.schema.NodeSchemaService$NodeCore, version=1)] {}
[INFO ] 2019-03-17T16:17:35,385Z [main] internal.QueryTranslatorFactoryInitiator.initiateService - HHH000397: Using ASTQueryTranslatorFactory {}
[INFO ] 2019-03-17T16:17:41,517Z [main] persistence.NodeAttachmentService.invoke - Stored new attachment 7409F0F45CFE7C37C38C92AB1D3D6372E04FF698217FF30C91E1D57B323FD00E {}
[INFO ] 2019-03-17T16:17:42,285Z [main] security.RPCSecurityManagerImpl.buildImpl - Constructing realm from list of users in config [User(user1, permissions=[ALL])] {}
[INFO ] 2019-03-17T16:17:43,285Z [main] BasicInfo.printBasicNodeInfo - Advertised P2P messaging addresses      : localhost:10011 {}
[INFO ] 2019-03-17T16:17:43,324Z [main] BasicInfo.printBasicNodeInfo - RPC connection address                  : localhost:10012 {}
[INFO ] 2019-03-17T16:17:43,334Z [main] BasicInfo.printBasicNodeInfo - RPC admin connection address            : localhost:10052 {}
[INFO ] 2019-03-17T16:17:50,109Z [main] messaging.ArtemisMessagingServer.configureAndStartServer - P2P messaging server listening on port 10011 {}
[INFO ] 2019-03-17T16:17:54,427Z [main] internal.ArtemisMessagingClient.start - Connecting to message broker: localhost:10011 {}
[INFO ] 2019-03-17T16:17:57,013Z [main] internal.ArtemisMessagingClient.start - Connecting to message broker: localhost:10011 {}
[INFO ] 2019-03-17T16:17:57,581Z [main] internal.ArtemisMessagingClient.start - Connecting to message broker: localhost:10052 {}
[INFO ] 2019-03-17T16:17:58,143Z [main] messaging.P2PMessagingClient.start - Connecting to message broker: localhost:10011 {}
[INFO ] 2019-03-17T16:17:58,426Z [main] messaging.P2PMessagingClient.createQueueIfAbsent - Create fresh queue p2p.inbound.DLdHR7iRaTmyyQP5aWR92U2CfSXSX7BnTtuUybPEDcLmi bound on same address {}
[INFO ] 2019-03-17T16:17:59,028Z [Thread-0 (ActiveMQ-client-global-threads)] bridging.BridgeControlListener.processControlMessage - Received bridge control message NodeToBridgeSnapshot(nodeIdentity=DLdHR7iRaTmyyQP5aWR92U2CfSXSX7BnTtuUybPEDcLmi, inboxQueues=[p2p.inbound.DLdHR7iRaTmyyQP5aWR92U2CfSXSX7BnTtuUybPEDcLmi], sendQueues=[]) {}
[INFO ] 2019-03-17T16:17:59,496Z [main] internal.Node.registerInitiatedFlowInternal - Registered com.template.Flow1$Initiator to initiate com.template.Flow1$Reciever (version 1) {}
[INFO ] 2019-03-17T16:17:59,508Z [main] internal.Node.registerInitiatedFlowInternal - Registered com.template.Flow11$Initiator to initiate com.template.Flow11$Reciever (version 1) {}
[INFO ] 2019-03-17T16:17:59,510Z [main] internal.Node.registerInitiatedFlowInternal - Registered com.template.Flow2$Initiator to initiate com.template.Flow2$Reciever (version 1) {}
[INFO ] 2019-03-17T16:17:59,526Z [main] internal.Node.registerInitiatedFlowInternal - Registered com.template.Flow3$Initiator to initiate com.template.Flow3$Reciever (version 1) {}
[INFO ] 2019-03-17T16:17:59,528Z [main] internal.Node.registerInitiatedFlowInternal - Registered com.template.RupeeFlow$Issue to initiate com.template.RupeeFlow$Responder (version 1) {}
[INFO ] 2019-03-17T16:17:59,534Z [main] internal.Node.registerInitiatedFlowInternal - Registered com.template.RupeeFlow$Transfer to initiate com.template.RupeeFlow$TransferResponder (version 1) {}
[INFO ] 2019-03-17T16:17:59,535Z [main] internal.Node.registerInitiatedFlowInternal - Registered com.template.TestFlow$Initiator to initiate com.template.TestFlow$Reciever (version 1) {}
[INFO ] 2019-03-17T16:17:59,546Z [main] internal.Node.registerInitiatedFlowInternal - Registered com.template.flows.HouseRegTransFlow$Initiator to initiate com.template.flows.HouseRegTransFlow$Reciever (version 1) {}
[INFO ] 2019-03-17T16:17:59,559Z [main] internal.Node.registerInitiatedFlowInternal - Registered com.template.flows.HouseRegisterFlow$Initiator to initiate com.template.flows.HouseRegisterFlow$Reciever (version 1) {}
[INFO ] 2019-03-17T16:18:02,892Z [main] plugin.PluginManager.getPlugins - Loaded plugin Plugin[type=SSHPlugin,interface=SSHPlugin] {}
[INFO ] 2019-03-17T16:18:02,926Z [main] plugin.PluginManager.getPlugins - Loaded plugin Plugin[type=SSHInlinePlugin,interface=CommandPlugin] {}
[INFO ] 2019-03-17T16:18:02,934Z [main] plugin.PluginManager.getPlugins - Loaded plugin Plugin[type=KeyAuthenticationPlugin,interface=KeyAuthenticationPlugin] {}
[INFO ] 2019-03-17T16:18:02,939Z [main] plugin.PluginManager.getPlugins - Loaded plugin Plugin[type=CRaSHShellFactory,interface=ShellFactory] {}
[INFO ] 2019-03-17T16:18:02,960Z [main] plugin.PluginManager.getPlugins - Loaded plugin Plugin[type=GroovyLanguageProxy,interface=Language] {}
[INFO ] 2019-03-17T16:18:02,991Z [main] plugin.PluginManager.getPlugins - Loaded plugin Plugin[type=JavaLanguage,interface=Language] {}
[INFO ] 2019-03-17T16:18:02,993Z [main] plugin.PluginManager.getPlugins - Loaded plugin Plugin[type=ScriptLanguage,interface=Language] {}
[INFO ] 2019-03-17T16:18:02,997Z [main] plugin.PluginManager.getPlugins - Loaded plugin Plugin[type=JaasAuthenticationPlugin,interface=AuthenticationPlugin] {}
[INFO ] 2019-03-17T16:18:03,005Z [main] plugin.PluginManager.getPlugins - Loaded plugin Plugin[type=SimpleAuthenticationPlugin,interface=AuthenticationPlugin] {}
[INFO ] 2019-03-17T16:18:03,165Z [main] ssh.SSHPlugin.init - Could not boot SSHD due to missing due to missing port configuration {}
[INFO ] 2019-03-17T16:18:03,176Z [main] plugin.PluginManager.getPlugins - Initialized plugin Plugin[type=SSHPlugin,interface=SSHPlugin] {}
[INFO ] 2019-03-17T16:18:03,177Z [main] plugin.PluginManager.getPlugins - Initialized plugin Plugin[type=SSHInlinePlugin,interface=CommandPlugin] {}
[INFO ] 2019-03-17T16:18:03,177Z [main] plugin.PluginManager.getPlugins - Initialized plugin Plugin[type=KeyAuthenticationPlugin,interface=KeyAuthenticationPlugin] {}
[INFO ] 2019-03-17T16:18:03,321Z [main] plugin.PluginManager.getPlugins - Initialized plugin Plugin[type=GroovyLanguageProxy,interface=Language] {}
[INFO ] 2019-03-17T16:18:03,322Z [main] plugin.PluginManager.getPlugins - Initialized plugin Plugin[type=ScriptLanguage,interface=Language] {}
[INFO ] 2019-03-17T16:18:03,359Z [main] plugin.PluginManager.getPlugins - Initialized plugin Plugin[type=CRaSHShellFactory,interface=ShellFactory] {}
[INFO ] 2019-03-17T16:18:03,359Z [main] plugin.PluginManager.getPlugins - Initialized plugin Plugin[type=JaasAuthenticationPlugin,interface=AuthenticationPlugin] {}
[INFO ] 2019-03-17T16:18:03,360Z [main] plugin.PluginManager.getPlugins - Initialized plugin Plugin[type=SimpleAuthenticationPlugin,interface=AuthenticationPlugin] {}
[INFO ] 2019-03-17T16:18:03,361Z [main] plugin.PluginManager.getPlugins - Initialized plugin Plugin[type=CordaAuthenticationPlugin,interface=AuthenticationPlugin] {}
[WARN ] 2019-03-17T16:18:09,000Z [main] utilities.AppendOnlyPersistentMapBase.set - Double insert in net.corda.node.utilities.AppendOnlyPersistentMap for entity class class net.corda.node.services.identity.PersistentIdentityService$PersistentIdentity key 094B7873E6844F8E8B70F889908E4C33343C934EFA196BBA26DC6BE8825199A5, not inserting the second time {}
[INFO ] 2019-03-17T16:18:09,001Z [main] messaging.P2PMessagingClient.updateBridgesOnNetworkChange - Updating bridges on network map change: NodeInfo(addresses=[localhost:10011], legalIdentitiesAndCerts=[O=PartyC, L=New York, C=US], platformVersion=3, serial=1552839289838) {}
[INFO ] 2019-03-17T16:18:10,189Z [RxIoScheduler-2] network.PersistentNetworkMapCache.addNode - Adding node with info: NodeInfo(addresses=[localhost:10011], legalIdentitiesAndCerts=[O=PartyC, L=New York, C=US], platformVersion=3, serial=1552839289838) {}
[INFO ] 2019-03-17T16:18:10,195Z [main] BasicInfo.printBasicNodeInfo - Loaded CorDapps                         : cordapp-0.1, cordapp-contracts-states-0.1, cordapp-flow-experiments-0.1, corda-core-3.3-corda {}
[INFO ] 2019-03-17T16:18:10,224Z [main] BasicInfo.printBasicNodeInfo - Node for "PartyC" started up and registered in 83.47 sec {}
[INFO ] 2019-03-17T16:18:10,388Z [RxIoScheduler-2] network.PersistentNetworkMapCache.addNode - Previous node was identical to incoming one - doing nothing {}
[INFO ] 2019-03-17T16:18:10,389Z [RxIoScheduler-2] network.PersistentNetworkMapCache.addNode - Done adding node with info: NodeInfo(addresses=[localhost:10011], legalIdentitiesAndCerts=[O=PartyC, L=New York, C=US], platformVersion=3, serial=1552839289838) {}
[INFO ] 2019-03-17T16:18:10,389Z [RxIoScheduler-2] network.PersistentNetworkMapCache.addNode - Adding node with info: NodeInfo(addresses=[localhost:10008], legalIdentitiesAndCerts=[O=PartyB, L=New York, C=US], platformVersion=3, serial=1552839292394) {}
[INFO ] 2019-03-17T16:18:10,421Z [RxIoScheduler-2] network.PersistentNetworkMapCache.addNode - No previous node found {}
[INFO ] 2019-03-17T16:18:10,860Z [RxIoScheduler-2] messaging.P2PMessagingClient.updateBridgesOnNetworkChange - Updating bridges on network map change: NodeInfo(addresses=[localhost:10008], legalIdentitiesAndCerts=[O=PartyB, L=New York, C=US], platformVersion=3, serial=1552839292394) {}
[INFO ] 2019-03-17T16:18:10,904Z [RxIoScheduler-2] network.PersistentNetworkMapCache.addNode - Done adding node with info: NodeInfo(addresses=[localhost:10008], legalIdentitiesAndCerts=[O=PartyB, L=New York, C=US], platformVersion=3, serial=1552839292394) {}
[INFO ] 2019-03-17T16:18:10,905Z [RxIoScheduler-2] network.PersistentNetworkMapCache.addNode - Adding node with info: NodeInfo(addresses=[localhost:10005], legalIdentitiesAndCerts=[O=PartyA, L=London, C=GB], platformVersion=3, serial=1552839293459) {}
[INFO ] 2019-03-17T16:18:10,966Z [RxIoScheduler-2] network.PersistentNetworkMapCache.addNode - No previous node found {}
[INFO ] 2019-03-17T16:18:11,129Z [RxIoScheduler-2] messaging.P2PMessagingClient.updateBridgesOnNetworkChange - Updating bridges on network map change: NodeInfo(addresses=[localhost:10005], legalIdentitiesAndCerts=[O=PartyA, L=London, C=GB], platformVersion=3, serial=1552839293459) {}
[INFO ] 2019-03-17T16:18:11,149Z [RxIoScheduler-2] network.PersistentNetworkMapCache.addNode - Done adding node with info: NodeInfo(addresses=[localhost:10005], legalIdentitiesAndCerts=[O=PartyA, L=London, C=GB], platformVersion=3, serial=1552839293459) {}
[INFO ] 2019-03-17T16:18:11,150Z [RxIoScheduler-2] network.PersistentNetworkMapCache.addNode - Adding node with info: NodeInfo(addresses=[localhost:10002], legalIdentitiesAndCerts=[O=Notary, L=London, C=GB], platformVersion=3, serial=1552839291842) {}
[INFO ] 2019-03-17T16:18:11,167Z [RxIoScheduler-2] network.PersistentNetworkMapCache.addNode - No previous node found {}
[INFO ] 2019-03-17T16:18:11,408Z [RxIoScheduler-2] messaging.P2PMessagingClient.updateBridgesOnNetworkChange - Updating bridges on network map change: NodeInfo(addresses=[localhost:10002], legalIdentitiesAndCerts=[O=Notary, L=London, C=GB], platformVersion=3, serial=1552839291842) {}
[INFO ] 2019-03-17T16:18:11,419Z [RxIoScheduler-2] network.PersistentNetworkMapCache.addNode - Done adding node with info: NodeInfo(addresses=[localhost:10002], legalIdentitiesAndCerts=[O=Notary, L=London, C=GB], platformVersion=3, serial=1552839291842) {}
[INFO ] 2019-03-17T16:18:11,723Z [main] messaging.RPCServer.start - Starting RPC server with configuration RPCServerConfiguration(rpcThreadPoolSize=4, reapInterval=PT1S, deduplicationCacheExpiry=PT24H) {}
[INFO ] 2019-03-17T16:23:58,298Z [Thread-1 (ActiveMQ-client-global-threads)] messaging.P2PMessagingClient.artemisToCordaMessage - Received message from: p2p.inbound.DLdHR7iRaTmyyQP5aWR92U2CfSXSX7BnTtuUybPEDcLmi user: O=PartyB, L=New York, C=US topic: platform.session uuid: 157da85b-faf4-4cab-8949-56767d09b48f {}
[INFO ] 2019-03-17T16:23:58,714Z [Node thread-1] statemachine.StateMachineManagerImpl.onSessionInit - Accepting flow session from party O=PartyB, L=New York, C=US. Session id for tracing purposes is SessionId(toLong=-4332528690258889642). {invocation_id=673055f2-27e9-44a5-910b-e16a2be25e5b, invocation_timestamp=2019-03-17T16:23:58.501Z, session_id=673055f2-27e9-44a5-910b-e16a2be25e5b, session_timestamp=2019-03-17T16:23:58.501Z}
[INFO ] 2019-03-17T16:23:59,551Z [Messaging DLdHR7iRaTmyyQP5aWR92U2CfSXSX7BnTtuUybPEDcLmi] messaging.P2PMessagingClient.createQueueIfAbsent - Create fresh queue internal.peers.DLDKtzfSFJM2w9QLjTTMFzFuRRM7FTPBTgts5ZhTTXw1bo bound on same address {}
[INFO ] 2019-03-17T16:23:59,803Z [Thread-2 (ActiveMQ-client-global-threads)] bridging.BridgeControlListener.processControlMessage - Received bridge control message Create(nodeIdentity=DLdHR7iRaTmyyQP5aWR92U2CfSXSX7BnTtuUybPEDcLmi, bridgeInfo=BridgeEntry(queueName=internal.peers.DLDKtzfSFJM2w9QLjTTMFzFuRRM7FTPBTgts5ZhTTXw1bo, targets=[localhost:10008], legalNames=[O=PartyB, L=New York, C=US])) {}
[INFO ] 2019-03-17T16:23:59,997Z [Thread-2 (ActiveMQ-client-global-threads)] peers.DLDKtzfSFJM2w9QLjTTMFzFuRRM7FTPBTgts5ZhTTXw1bo -> localhost:10008:O=PartyB, L=New York, C=US.start - Create new AMQP bridge {}
[INFO ] 2019-03-17T16:24:00,007Z [Thread-2 (ActiveMQ-client-global-threads)] netty.AMQPClient.start - connect to: localhost:10008 {}
[INFO ] 2019-03-17T16:24:00,258Z [nioEventLoopGroup-2-1] netty.AMQPClient.operationComplete - Connected to localhost:10008 {}
[INFO ] 2019-03-17T16:24:00,367Z [nioEventLoopGroup-2-1] O=PartyB, L=New York, C=US.channelActive - New client connection 6347cdb7 from localhost/127.0.0.1:10008 to /127.0.0.1:39792 {}
[INFO ] 2019-03-17T16:24:00,595Z [nioEventLoopGroup-2-1] netty.LoggingTrustManagerWrapper.checkServerTrusted - Check Server Certpath:
  C=US,L=New York,O=PartyB[84CBB1ED28A8CC38A1235D05294F0876D3F205E3] issued by C=US,L=New York,O=PartyB[null]
  C=US,L=New York,O=PartyB[99BEDF77DC2D578B34AAAF5FD68615467F9A19FD] issued by C=US,L=New York,OU=Corda,O=R3 HoldCo LLC,CN=Corda Doorman CA[null]
  C=US,L=New York,OU=Corda,O=R3 HoldCo LLC,CN=Corda Doorman CA[EBEE2E30152940AE19981ED86FE37D7F07A2C213] issued by CN=Corda Node Root CA,O=R3,OU=corda,L=London,C=UK[7CAEA9DFB948012B13890B9AE645851C39170773]
  CN=Corda Node Root CA,O=R3,OU=corda,L=London,C=UK[7CAEA9DFB948012B13890B9AE645851C39170773] issued by CN=Corda Node Root CA,O=R3,OU=corda,L=London,C=UK[null] {}
[INFO ] 2019-03-17T16:24:00,667Z [nioEventLoopGroup-2-1] O=PartyB, L=New York, C=US.userEventTriggered - Handshake completed with subject: O=PartyB, L=New York, C=US {}
[INFO ] 2019-03-17T16:24:00,807Z [nioEventLoopGroup-2-1] peers.DLDKtzfSFJM2w9QLjTTMFzFuRRM7FTPBTgts5ZhTTXw1bo -> localhost:10008:O=PartyB, L=New York, C=US.onSocketConnected - Bridge Connected {}
[INFO ] 2019-03-17T16:24:00,843Z [nioEventLoopGroup-2-1] O=PartyC, L=New York, C=US.onConnectionLocalOpen - Connection local open org.apache.qpid.proton.engine.impl.ConnectionImpl@4622400 {}
[INFO ] 2019-03-17T16:24:01,005Z [Node thread-1] flow.[047049b5-311b-416a-8c48-98b699d53eaf].call - Requesting 1 dependency(s) for verification from O=PartyB, L=New York, C=US {}
[INFO ] 2019-03-17T16:24:01,769Z [Thread-1 (ActiveMQ-client-global-threads)] messaging.P2PMessagingClient.artemisToCordaMessage - Received message from: p2p.inbound.DLdHR7iRaTmyyQP5aWR92U2CfSXSX7BnTtuUybPEDcLmi user: O=PartyB, L=New York, C=US topic: platform.session uuid: cb510347-7e42-41d3-8851-7eff5ecd2b30 {}
[INFO ] 2019-03-17T16:24:01,860Z [Node thread-1] flow.[047049b5-311b-416a-8c48-98b699d53eaf].call - Fetched 1 elements from O=PartyB, L=New York, C=US {}
[INFO ] 2019-03-17T16:24:02,118Z [Thread-1 (ActiveMQ-client-global-threads)] messaging.P2PMessagingClient.artemisToCordaMessage - Received message from: p2p.inbound.DLdHR7iRaTmyyQP5aWR92U2CfSXSX7BnTtuUybPEDcLmi user: O=PartyB, L=New York, C=US topic: platform.session uuid: 961a594a-383d-4163-870b-7257b0ebfbb7 {}
[INFO ] 2019-03-17T16:24:06,877Z [Thread-2 (ActiveMQ-client-global-threads)] messaging.P2PMessagingClient.artemisToCordaMessage - Received message from: p2p.inbound.DLdHR7iRaTmyyQP5aWR92U2CfSXSX7BnTtuUybPEDcLmi user: O=PartyB, L=New York, C=US topic: platform.session uuid: 60268130-e6a7-49b9-bb36-24aaa4d9b20b {}
[INFO ] 2019-03-17T16:24:06,893Z [Node thread-1] statemachine.StateMachineManagerImpl.onSessionInit - Accepting flow session from party O=PartyB, L=New York, C=US. Session id for tracing purposes is SessionId(toLong=-6598319553937793963). {invocation_id=123f18a9-a171-4820-bb9f-96b861ed92c2, invocation_timestamp=2019-03-17T16:24:06.891Z, session_id=123f18a9-a171-4820-bb9f-96b861ed92c2, session_timestamp=2019-03-17T16:24:06.891Z}
[INFO ] 2019-03-17T16:24:07,251Z [Thread-2 (ActiveMQ-client-global-threads)] messaging.P2PMessagingClient.artemisToCordaMessage - Received message from: p2p.inbound.DLdHR7iRaTmyyQP5aWR92U2CfSXSX7BnTtuUybPEDcLmi user: O=PartyB, L=New York, C=US topic: platform.session uuid: 9017364c-d024-417b-ba82-8e7672062f4e {}
[INFO ] 2019-03-17T16:24:07,279Z [Node thread-1] vault.NodeVaultService._queryBy - Vault Query for contract type: interface net.corda.core.contracts.ContractState, criteria: VaultQueryCriteria(status=UNCONSUMED, contractStateTypes=null, stateRefs=[55375F614405798233DBEB2245C3D9EFBCE7B5E373245C9D8AD73DEB7F1FF17F(0)], notary=null, softLockingCondition=null, timeCondition=null), pagination: PageSpecification(pageNumber=-1, pageSize=200), sorting: Sort(columns=[]) {}
[INFO ] 2019-03-17T16:25:49,033Z [Thread-14] vault.NodeVaultService._queryBy - Vault Query for contract type: class com.template.states.RupeeState, criteria: VaultQueryCriteria(status=UNCONSUMED, contractStateTypes=null, stateRefs=null, notary=null, softLockingCondition=null, timeCondition=null), pagination: PageSpecification(pageNumber=-1, pageSize=200), sorting: Sort(columns=[]) {invocation_id=4ec9b5c5-e838-48d4-bef4-00769a2fed36, invocation_timestamp=2019-03-17T16:18:03.528Z, session_id=4ec9b5c5-e838-48d4-bef4-00769a2fed36, session_timestamp=2019-03-17T16:18:03.528Z}
[INFO ] 2019-03-17T16:25:55,301Z [Thread-7] BasicInfo.printBasicNodeInfo - Shutting down ... {}
[INFO ] 2019-03-17T16:25:58,207Z [main] internal.Node.run - Node exiting successfully {}
[INFO ] 2019-03-17T16:26:02,484Z [Thread-7] peers.DLDKtzfSFJM2w9QLjTTMFzFuRRM7FTPBTgts5ZhTTXw1bo -> localhost:10008:O=PartyB, L=New York, C=US.stop - Stopping AMQP bridge {}
[INFO ] 2019-03-17T16:26:02,492Z [Thread-7] netty.AMQPClient.stop - disconnect from: localhost:10008 {}
[INFO ] 2019-03-17T16:26:02,494Z [nioEventLoopGroup-2-1] netty.AMQPClient.operationComplete - Disconnected from localhost:10008 {}
[INFO ] 2019-03-17T16:26:02,496Z [Thread-7] netty.AMQPClient.stop - stopped connection to localhost:10008 {}
[INFO ] 2019-03-17T16:26:02,496Z [nioEventLoopGroup-2-1] O=PartyB, L=New York, C=US.channelInactive - Closed client connection 6347cdb7 from localhost/127.0.0.1:10008 to /127.0.0.1:39792 {}
[INFO ] 2019-03-17T16:26:02,497Z [nioEventLoopGroup-2-1] O=PartyC, L=New York, C=US.onConnectionLocalClose - Connection local close org.apache.qpid.proton.engine.impl.ConnectionImpl@4622400 {}
[INFO ] 2019-03-17T16:26:02,876Z [nioEventLoopGroup-2-1] O=PartyC, L=New York, C=US.onTransportError - Transport Error TransportImpl [_connectionEndpoint=org.apache.qpid.proton.engine.impl.ConnectionImpl@4622400, org.apache.qpid.proton.engine.impl.TransportImpl@fd15e44] {}
[INFO ] 2019-03-17T16:26:02,877Z [nioEventLoopGroup-2-1] O=PartyC, L=New York, C=US.onTransportError - Error: connection aborted {}
[INFO ] 2019-03-17T16:26:06,170Z [Thread-7] pool.HikariPool.shutdown - HikariPool-1 - Close initiated... {}
[INFO ] 2019-03-17T16:26:06,348Z [Thread-7] pool.HikariPool.shutdown - HikariPool-1 - Closed. {}
[INFO ] 2019-03-17T16:26:06,625Z [Thread-7] internal.Node.stop - Shutdown complete {}
