[INFO ] 2019-03-17T16:14:23,730Z [main] manifests.Manifests.info - 111 attributes loaded from 123 stream(s) in 8s, 111 saved, 1956 ignored: ["ActiveMQ-Version", "Agent-Class", "Ant-Version", "Application-Class", "Application-Library-Allowable-Codebase", "Application-Name", "Application-Version", "Archiver-Version", "Automatic-Module-Name", "Bnd-LastModified", "Branch", "Build-Date", "Build-Host", "Build-Id", "Build-Java-Version", "Build-Jdk", "Build-Job", "Build-Number", "Build-Timestamp", "Built-By", "Built-OS", "Built-Status", "Bundle-Activator", "Bundle-Category", "Bundle-ClassPath", "Bundle-Copyright", "Bundle-Description", "Bundle-DocURL", "Bundle-License", "Bundle-ManifestVersion", "Bundle-Name", "Bundle-RequiredExecutionEnvironment", "Bundle-SymbolicName", "Bundle-Vendor", "Bundle-Version", "Caller-Allowable-Codebase", "Can-Redefine-Classes", "Can-Retransform-Classes", "Can-Set-Native-Method-Prefix", "Caplets", "Change", "Codebase", "Corda-Platform-Version", "Corda-Release-Version", "Corda-Revision", "Corda-Vendor", "Created-By", "DynamicImport-Package", "Eclipse-BuddyPolicy", "Eclipse-LazyStart", "Export-Package", "Extension-Name", "Fragment-Host", "Gradle-Version", "Ignore-Package", "Implementation-Build", "Implementation-Build-Date", "Implementation-Title", "Implementation-URL", "Implementation-Url", "Implementation-Vendor", "Implementation-Vendor-Id", "Implementation-Version", "Import-Package", "Include-Resource", "JCabi-Build", "JCabi-Date", "JCabi-Version", "JVM-Args", "Java-Agents", "Java-Vendor", "Java-Version", "Kotlin-Runtime-Component", "Kotlin-Version", "Log4jReleaseKey", "Log4jReleaseManager", "Log4jReleaseVersion", "Main-Class", "Main-class", "Manifest-Version", "Min-Java-Version", "Min-Update-Version", "Module-Email", "Module-Origin", "Module-Owner", "Module-Source", "Multi-Release", "Originally-Created-By", "Os-Arch", "Os-Name", "Os-Version", "Package", "Permissions", "Premain-Class", "Private-Package", "Provide-Capability", "Require-Capability", "SCM-Revision", "SCM-url", "Scm-Connection", "Scm-Revision", "Scm-Url", "Service-Component", "Specification-Title", "Specification-Vendor", "Specification-Version", "System-Properties", "Tool", "Trusted-Library", "X-Compile-Source-JDK", "X-Compile-Target-JDK"] {}
[INFO ] 2019-03-17T16:14:24,583Z [main] BasicInfo.printBasicNodeInfo - Logs can be found in                    : /home/bg/Blockchain/corda/myprojects/cordapp-flow-experiments/build/nodes/Notary/logs {}
[INFO ] 2019-03-17T16:14:25,062Z [main] config.ConfigHelper.loadConfig - Config:
{
    # reference.conf @ jar:file:/home/bg/Blockchain/corda/myprojects/cordapp-flow-experiments/build/nodes/Notary/corda.jar!/reference.conf: 20
    "activeMQServer" : {
        # reference.conf @ jar:file:/home/bg/Blockchain/corda/myprojects/cordapp-flow-experiments/build/nodes/Notary/corda.jar!/reference.conf: 21
        "bridge" : {
            # reference.conf @ jar:file:/home/bg/Blockchain/corda/myprojects/cordapp-flow-experiments/build/nodes/Notary/corda.jar!/reference.conf: 24
            "maxRetryIntervalMin" : 3,
            # reference.conf @ jar:file:/home/bg/Blockchain/corda/myprojects/cordapp-flow-experiments/build/nodes/Notary/corda.jar!/reference.conf: 22
            "retryIntervalMs" : 5000,
            # reference.conf @ jar:file:/home/bg/Blockchain/corda/myprojects/cordapp-flow-experiments/build/nodes/Notary/corda.jar!/reference.conf: 23
            "retryIntervalMultiplier" : 1.5
        }
    },
    # hardcoded value
    "baseDirectory" : "/home/bg/Blockchain/corda/myprojects/cordapp-flow-experiments/build/nodes/Notary",
    # merge of reference.conf @ jar:file:/home/bg/Blockchain/corda/myprojects/cordapp-flow-experiments/build/nodes/Notary/corda.jar!/reference.conf: 6,reference.conf @ jar:file:/home/bg/Blockchain/corda/myprojects/cordapp-flow-experiments/build/nodes/.cache/apps/net.corda.node.Corda_3.3-corda/corda-node-3.3-corda.jar!/reference.conf: 6
    "dataSourceProperties" : {
        # reference.conf @ jar:file:/home/bg/Blockchain/corda/myprojects/cordapp-flow-experiments/build/nodes/Notary/corda.jar!/reference.conf: 10
        "dataSource.password" : "",
        # merge of reference.conf @ jar:file:/home/bg/Blockchain/corda/myprojects/cordapp-flow-experiments/build/nodes/Notary/corda.jar!/reference.conf: 8,hardcoded value,reference.conf @ jar:file:/home/bg/Blockchain/corda/myprojects/cordapp-flow-experiments/build/nodes/Notary/corda.jar!/reference.conf: 8,reference.conf @ jar:file:/home/bg/Blockchain/corda/myprojects/cordapp-flow-experiments/build/nodes/Notary/corda.jar!/reference.conf: 17
        "dataSource.url" : "jdbc:h2:file:/home/bg/Blockchain/corda/myprojects/cordapp-flow-experiments/build/nodes/Notary/persistence;DB_CLOSE_ON_EXIT=FALSE;LOCK_TIMEOUT=10000;WRITE_DELAY=100;AUTO_SERVER_PORT=0",
        # reference.conf @ jar:file:/home/bg/Blockchain/corda/myprojects/cordapp-flow-experiments/build/nodes/Notary/corda.jar!/reference.conf: 9
        "dataSource.user" : "sa",
        # reference.conf @ jar:file:/home/bg/Blockchain/corda/myprojects/cordapp-flow-experiments/build/nodes/Notary/corda.jar!/reference.conf: 7
        "dataSourceClassName" : "org.h2.jdbcx.JdbcDataSource"
    },
    # reference.conf @ jar:file:/home/bg/Blockchain/corda/myprojects/cordapp-flow-experiments/build/nodes/Notary/corda.jar!/reference.conf: 12
    "database" : {
        # reference.conf @ jar:file:/home/bg/Blockchain/corda/myprojects/cordapp-flow-experiments/build/nodes/Notary/corda.jar!/reference.conf: 14
        "exportHibernateJMXStatistics" : "false",
        # reference.conf @ jar:file:/home/bg/Blockchain/corda/myprojects/cordapp-flow-experiments/build/nodes/Notary/corda.jar!/reference.conf: 13
        "transactionIsolationLevel" : "REPEATABLE_READ"
    },
    # reference.conf @ jar:file:/home/bg/Blockchain/corda/myprojects/cordapp-flow-experiments/build/nodes/Notary/corda.jar!/reference.conf: 16
    "devMode" : true,
    # reference.conf @ jar:file:/home/bg/Blockchain/corda/myprojects/cordapp-flow-experiments/build/nodes/Notary/corda.jar!/reference.conf: 2
    "emailAddress" : "admin@company.com",
    # reference.conf @ jar:file:/home/bg/Blockchain/corda/myprojects/cordapp-flow-experiments/build/nodes/Notary/corda.jar!/reference.conf: 3
    "exportJMXto" : "http",
    # reference.conf @ jar:file:/home/bg/Blockchain/corda/myprojects/cordapp-flow-experiments/build/nodes/Notary/corda.jar!/reference.conf: 31
    "flowTimeout" : {
        # reference.conf @ jar:file:/home/bg/Blockchain/corda/myprojects/cordapp-flow-experiments/build/nodes/Notary/corda.jar!/reference.conf: 34
        "backoffBase" : 1.8,
        # reference.conf @ jar:file:/home/bg/Blockchain/corda/myprojects/cordapp-flow-experiments/build/nodes/Notary/corda.jar!/reference.conf: 33
        "maxRestartCount" : 5,
        # reference.conf @ jar:file:/home/bg/Blockchain/corda/myprojects/cordapp-flow-experiments/build/nodes/Notary/corda.jar!/reference.conf: 32
        "timeout" : "30 seconds"
    },
    # reference.conf @ jar:file:/home/bg/Blockchain/corda/myprojects/cordapp-flow-experiments/build/nodes/Notary/corda.jar!/reference.conf: 17
    "h2port" : 0,
    # reference.conf @ jar:file:/home/bg/Blockchain/corda/myprojects/cordapp-flow-experiments/build/nodes/Notary/corda.jar!/reference.conf: 4
    "keyStorePassword" : "cordacadevpass",
    # /home/bg/Blockchain/corda/myprojects/cordapp-flow-experiments/build/nodes/Notary/node.conf: 1
    "myLegalName" : "O=Notary,L=London,C=GB",
    # hardcoded value
    "noLocalShell" : false,
    # /home/bg/Blockchain/corda/myprojects/cordapp-flow-experiments/build/nodes/Notary/node.conf: 2
    "notary" : {
        # /home/bg/Blockchain/corda/myprojects/cordapp-flow-experiments/build/nodes/Notary/node.conf: 3
        "validating" : false
    },
    # /home/bg/Blockchain/corda/myprojects/cordapp-flow-experiments/build/nodes/Notary/node.conf: 5
    "p2pAddress" : "localhost:10002",
    # merge of /home/bg/Blockchain/corda/myprojects/cordapp-flow-experiments/build/nodes/Notary/node.conf: 6,reference.conf @ jar:file:/home/bg/Blockchain/corda/myprojects/cordapp-flow-experiments/build/nodes/Notary/corda.jar!/reference.conf: 27
    "rpcSettings" : {
        # /home/bg/Blockchain/corda/myprojects/cordapp-flow-experiments/build/nodes/Notary/node.conf: 7
        "address" : "localhost:10003",
        # /home/bg/Blockchain/corda/myprojects/cordapp-flow-experiments/build/nodes/Notary/node.conf: 8
        "adminAddress" : "localhost:10043",
        # reference.conf @ jar:file:/home/bg/Blockchain/corda/myprojects/cordapp-flow-experiments/build/nodes/Notary/corda.jar!/reference.conf: 29
        "standAloneBroker" : false,
        # reference.conf @ jar:file:/home/bg/Blockchain/corda/myprojects/cordapp-flow-experiments/build/nodes/Notary/corda.jar!/reference.conf: 28
        "useSsl" : false
    },
    # /home/bg/Blockchain/corda/myprojects/cordapp-flow-experiments/build/nodes/Notary/node.conf: 10
    "rpcUsers" : [],
    # reference.conf @ jar:file:/home/bg/Blockchain/corda/myprojects/cordapp-flow-experiments/build/nodes/Notary/corda.jar!/reference.conf: 5
    "trustStorePassword" : "trustpass",
    # reference.conf @ jar:file:/home/bg/Blockchain/corda/myprojects/cordapp-flow-experiments/build/nodes/Notary/corda.jar!/reference.conf: 18
    "useTestClock" : false,
    # reference.conf @ jar:file:/home/bg/Blockchain/corda/myprojects/cordapp-flow-experiments/build/nodes/Notary/corda.jar!/reference.conf: 19
    "verifierType" : "InMemory"
}
 {}
[INFO ] 2019-03-17T16:14:29,428Z [main] internal.Node.logStartupInfo - Vendor: Corda Open Source {}
[INFO ] 2019-03-17T16:14:29,443Z [main] internal.Node.logStartupInfo - Release: 3.3-corda {}
[INFO ] 2019-03-17T16:14:29,443Z [main] internal.Node.logStartupInfo - Platform Version: 3 {}
[INFO ] 2019-03-17T16:14:29,443Z [main] internal.Node.logStartupInfo - Revision: c834162cd488784a0412bba4c9e638da89912ac2 {}
[INFO ] 2019-03-17T16:14:29,444Z [main] internal.Node.logStartupInfo - PID: 23567 {}
[INFO ] 2019-03-17T16:14:29,445Z [main] internal.Node.logStartupInfo - Main class: /home/bg/Blockchain/corda/myprojects/cordapp-flow-experiments/build/nodes/.cache/apps/net.corda.node.Corda_3.3-corda/corda-node-3.3-corda.jar {}
[INFO ] 2019-03-17T16:14:29,448Z [main] internal.Node.logStartupInfo - CommandLine Args: -Xmx200m -XX:+UseG1GC -javaagent:/home/bg/Blockchain/corda/myprojects/cordapp-flow-experiments/build/nodes/.cache/apps/net.corda.node.Corda_3.3-corda/quasar-core-0.7.9-jdk8.jar=x(antlr**;bftsmart**;ch**;co.paralleluniverse**;com.codahale**;com.esotericsoftware**;com.fasterxml**;com.google**;com.ibm**;com.intellij**;com.jcabi**;com.nhaarman**;com.opengamma**;com.typesafe**;com.zaxxer**;de.javakaffee**;groovy**;groovyjarjarantlr**;groovyjarjarasm**;io.atomix**;io.github**;io.netty**;jdk**;joptsimple**;junit**;kotlin**;net.bytebuddy**;net.i2p**;org.apache**;org.assertj**;org.bouncycastle**;org.codehaus**;org.crsh**;org.dom4j**;org.fusesource**;org.h2**;org.hamcrest**;org.hibernate**;org.jboss**;org.jcp**;org.joda**;org.junit**;org.mockito**;org.objectweb**;org.objenesis**;org.slf4j**;org.w3c**;org.xml**;org.yaml**;reflectasm**;rx**;org.jolokia**) -Dvisualvm.display.name=Corda -Djava.library.path=/usr/java/packages/lib/amd64:/usr/lib64:/lib64:/lib:/usr/lib:/home/bg/Blockchain/corda/myprojects/cordapp-flow-experiments/build/nodes/.cache/apps/net.corda.node.Corda_3.3-corda -Dcapsule.app=net.corda.node.Corda_3.3-corda -Dcapsule.dir=/home/bg/Blockchain/corda/myprojects/cordapp-flow-experiments/build/nodes/.cache/apps/net.corda.node.Corda_3.3-corda -Dcapsule.jar=/home/bg/Blockchain/corda/myprojects/cordapp-flow-experiments/build/nodes/Notary/corda.jar {}
[INFO ] 2019-03-17T16:14:29,448Z [main] internal.Node.logStartupInfo - Application Args: --just-generate-node-info {}
[INFO ] 2019-03-17T16:14:29,449Z [main] internal.Node.logStartupInfo - bootclasspath: /usr/lib/jvm/java-8-oracle/jre/lib/resources.jar:/usr/lib/jvm/java-8-oracle/jre/lib/rt.jar:/usr/lib/jvm/java-8-oracle/jre/lib/sunrsasign.jar:/usr/lib/jvm/java-8-oracle/jre/lib/jsse.jar:/usr/lib/jvm/java-8-oracle/jre/lib/jce.jar:/usr/lib/jvm/java-8-oracle/jre/lib/charsets.jar:/usr/lib/jvm/java-8-oracle/jre/lib/jfr.jar:/usr/lib/jvm/java-8-oracle/jre/classes {}
[INFO ] 2019-03-17T16:14:29,453Z [main] internal.Node.logStartupInfo - classpath: /home/bg/Blockchain/corda/myprojects/cordapp-flow-experiments/build/nodes/Notary/corda.jar:/home/bg/Blockchain/corda/myprojects/cordapp-flow-experiments/build/nodes/.cache/apps/net.corda.node.Corda_3.3-corda/corda-rpc-3.3-corda.jar:/home/bg/Blockchain/corda/myprojects/cordapp-flow-experiments/build/nodes/.cache/apps/net.corda.node.Corda_3.3-corda/corda-node-api-3.3-corda.jar:/home/bg/Blockchain/corda/myprojects/cordapp-flow-experiments/build/nodes/.cache/apps/net.corda.node.Corda_3.3-corda/corda-confidential-identities-3.3-corda.jar:/home/bg/Blockchain/corda/myprojects/cordapp-flow-experiments/build/nodes/.cache/apps/net.corda.node.Corda_3.3-corda/cordform-common-3.2.1.jar:/home/bg/Blockchain/corda/myprojects/cordapp-flow-experiments/build/nodes/.cache/apps/net.corda.node.Corda_3.3-corda/log4j-slf4j-impl-2.9.1.jar:/home/bg/Blockchain/corda/myprojects/cordapp-flow-experiments/build/nodes/.cache/apps/net.corda.node.Corda_3.3-corda/log4j-web-2.9.1.jar:/home/bg/Blockchain/corda/myprojects/cordapp-flow-experiments/build/nodes/.cache/apps/net.corda.node.Corda_3.3-corda/jul-to-slf4j-1.7.25.jar:/home/bg/Blockchain/corda/myprojects/cordapp-flow-experiments/build/nodes/.cache/apps/net.corda.node.Corda_3.3-corda/corda-jackson-3.3-corda.jar:/home/bg/Blockchain/corda/myprojects/cordapp-flow-experiments/build/nodes/.cache/apps/net.corda.node.Corda_3.3-corda/corda-core-3.3-corda.jar:/home/bg/Blockchain/corda/myprojects/cordapp-flow-experiments/build/nodes/.cache/apps/net.corda.node.Corda_3.3-corda/kotlin-stdlib-jre8-1.1.60.jar:/home/bg/Blockchain/corda/myprojects/cordapp-flow-experiments/build/nodes/.cache/apps/net.corda.node.Corda_3.3-corda/jackson-module-kotlin-2.9.2.jar:/home/bg/Blockchain/corda/myprojects/cordapp-flow-experiments/build/nodes/.cache/apps/net.corda.node.Corda_3.3-corda/kotlin-reflect-1.1.60.jar:/home/bg/Blockchain/corda/myprojects/cordapp-flow-experiments/build/nodes/.cache/apps/net.corda.node.Corda_3.3-corda/jimfs-1.1.jar:/home/bg/Blockchain/corda/myprojects/cordapp-flow-experiments/build/nodes/.cache/apps/net.corda.node.Corda_3.3-corda/artemis-amqp-protocol-2.2.0.jar:/home/bg/Blockchain/corda/myprojects/cordapp-flow-experiments/build/nodes/.cache/apps/net.corda.node.Corda_3.3-corda/artemis-server-2.2.0.jar:/home/bg/Blockchain/corda/myprojects/cordapp-flow-experiments/build/nodes/.cache/apps/net.corda.node.Corda_3.3-corda/artemis-jdbc-store-2.2.0.jar:/home/bg/Blockchain/corda/myprojects/cordapp-flow-experiments/build/nodes/.cache/apps/net.corda.node.Corda_3.3-corda/artemis-jms-client-2.2.0.jar:/home/bg/Blockchain/corda/myprojects/cordapp-flow-experiments/build/nodes/.cache/apps/net.corda.node.Corda_3.3-corda/artemis-core-client-2.2.0.jar:/home/bg/Blockchain/corda/myprojects/cordapp-flow-experiments/build/nodes/.cache/apps/net.corda.node.Corda_3.3-corda/artemis-journal-2.2.0.jar:/home/bg/Blockchain/corda/myprojects/cordapp-flow-experiments/build/nodes/.cache/apps/net.corda.node.Corda_3.3-corda/artemis-commons-2.2.0.jar:/home/bg/Blockchain/corda/myprojects/cordapp-flow-experiments/build/nodes/.cache/apps/net.corda.node.Corda_3.3-corda/guava-21.0.jar:/home/bg/Blockchain/corda/myprojects/cordapp-flow-experiments/build/nodes/.cache/apps/net.corda.node.Corda_3.3-corda/jopt-simple-5.0.2.jar:/home/bg/Blockchain/corda/myprojects/cordapp-flow-experiments/build/nodes/.cache/apps/net.corda.node.Corda_3.3-corda/commons-collections4-4.1.jar:/home/bg/Blockchain/corda/myprojects/cordapp-flow-experiments/build/nodes/.cache/apps/net.corda.node.Corda_3.3-corda/shiro-core-1.4.0.jar:/home/bg/Blockchain/corda/myprojects/cordapp-flow-experiments/build/nodes/.cache/apps/net.corda.node.Corda_3.3-corda/shiro-config-ogdl-1.4.0.jar:/home/bg/Blockchain/corda/myprojects/cordapp-flow-experiments/build/nodes/.cache/apps/net.corda.node.Corda_3.3-corda/commons-beanutils-1.9.3.jar:/home/bg/Blockchain/corda/myprojects/cordapp-flow-experiments/build/nodes/.cache/apps/net.corda.node.Corda_3.3-corda/jansi-1.14.jar:/home/bg/Blockchain/corda/myprojects/cordapp-flow-experiments/build/nodes/.cache/apps/net.corda.node.Corda_3.3-corda/jcabi-manifests-1.1.jar:/home/bg/Blockchain/corda/myprojects/cordapp-flow-experiments/build/nodes/.cache/apps/net.corda.node.Corda_3.3-corda/forms_rt-7.0.3.jar:/home/bg/Blockchain/corda/myprojects/cordapp-flow-experiments/build/nodes/.cache/apps/net.corda.node.Corda_3.3-corda/metrics-core-3.1.2.jar:/home/bg/Blockchain/corda/myprojects/cordapp-flow-experiments/build/nodes/.cache/apps/net.corda.node.Corda_3.3-corda/config-1.3.1.jar:/home/bg/Blockchain/corda/myprojects/cordapp-flow-experiments/build/nodes/.cache/apps/net.corda.node.Corda_3.3-corda/h2-1.4.194.jar:/home/bg/Blockchain/corda/myprojects/cordapp-flow-experiments/build/nodes/.cache/apps/net.corda.node.Corda_3.3-corda/postgresql-42.1.4.jar:/home/bg/Blockchain/corda/myprojects/cordapp-flow-experiments/build/nodes/.cache/apps/net.corda.node.Corda_3.3-corda/HikariCP-2.5.1.jar:/home/bg/Blockchain/corda/myprojects/cordapp-flow-experiments/build/nodes/.cache/apps/net.corda.node.Corda_3.3-corda/hibernate-java8-5.2.6.Final.jar:/home/bg/Blockchain/corda/myprojects/cordapp-flow-experiments/build/nodes/.cache/apps/net.corda.node.Corda_3.3-corda/hibernate-core-5.2.6.Final.jar:/home/bg/Blockchain/corda/myprojects/cordapp-flow-experiments/build/nodes/.cache/apps/net.corda.node.Corda_3.3-corda/copycat-client-1.2.3.jar:/home/bg/Blockchain/corda/myprojects/cordapp-flow-experiments/build/nodes/.cache/apps/net.corda.node.Corda_3.3-corda/copycat-server-1.2.3.jar:/home/bg/Blockchain/corda/myprojects/cordapp-flow-experiments/build/nodes/.cache/apps/net.corda.node.Corda_3.3-corda/catalyst-netty-1.1.2.jar:/home/bg/Blockchain/corda/myprojects/cordapp-flow-experiments/build/nodes/.cache/apps/net.corda.node.Corda_3.3-corda/netty-all-4.1.9.Final.jar:/home/bg/Blockchain/corda/myprojects/cordapp-flow-experiments/build/nodes/.cache/apps/net.corda.node.Corda_3.3-corda/crash.connectors.ssh-cadb53544fbb3c0fb901445da614998a6a419488.jar:/home/bg/Blockchain/corda/myprojects/cordapp-flow-experiments/build/nodes/.cache/apps/net.corda.node.Corda_3.3-corda/crash.shell-cadb53544fbb3c0fb901445da614998a6a419488.jar:/home/bg/Blockchain/corda/myprojects/cordapp-flow-experiments/build/nodes/.cache/apps/net.corda.node.Corda_3.3-corda/okhttp-3.5.0.jar:/home/bg/Blockchain/corda/myprojects/cordapp-flow-experiments/build/nodes/.cache/apps/net.corda.node.Corda_3.3-corda/commons-codec-1.10.jar:/home/bg/Blockchain/corda/myprojects/cordapp-flow-experiments/build/nodes/.cache/apps/net.corda.node.Corda_3.3-corda/library-master-v1.1-beta-g6215ec8-87.jar:/home/bg/Blockchain/corda/myprojects/cordapp-flow-experiments/build/nodes/.cache/apps/net.corda.node.Corda_3.3-corda/jolokia-jvm-1.6.0-agent.jar:/home/bg/Blockchain/corda/myprojects/cordapp-flow-experiments/build/nodes/.cache/apps/net.corda.node.Corda_3.3-corda/quasar-core-0.7.9-jdk8.jar:/home/bg/Blockchain/corda/myprojects/cordapp-flow-experiments/build/nodes/.cache/apps/net.corda.node.Corda_3.3-corda/commons-fileupload-1.3.3.jar:/home/bg/Blockchain/corda/myprojects/cordapp-flow-experiments/build/nodes/.cache/apps/net.corda.node.Corda_3.3-corda/kryo-serializers-0.41.jar:/home/bg/Blockchain/corda/myprojects/cordapp-flow-experiments/build/nodes/.cache/apps/net.corda.node.Corda_3.3-corda/kryo-4.0.0.jar:/home/bg/Blockchain/corda/myprojects/cordapp-flow-experiments/build/nodes/.cache/apps/net.corda.node.Corda_3.3-corda/proton-j-0.21.0.jar:/home/bg/Blockchain/corda/myprojects/cordapp-flow-experiments/build/nodes/.cache/apps/net.corda.node.Corda_3.3-corda/fast-classpath-scanner-2.12.3.jar:/home/bg/Blockchain/corda/myprojects/cordapp-flow-experiments/build/nodes/.cache/apps/net.corda.node.Corda_3.3-corda/jsr305-3.0.2.jar:/home/bg/Blockchain/corda/myprojects/cordapp-flow-experiments/build/nodes/.cache/apps/net.corda.node.Corda_3.3-corda/jcabi-log-0.14.jar:/home/bg/Blockchain/corda/myprojects/cordapp-flow-experiments/build/nodes/.cache/apps/net.corda.node.Corda_3.3-corda/copycat-protocol-1.2.3.jar:/home/bg/Blockchain/corda/myprojects/cordapp-flow-experiments/build/nodes/.cache/apps/net.corda.node.Corda_3.3-corda/catalyst-transport-1.1.2.jar:/home/bg/Blockchain/corda/myprojects/cordapp-flow-experiments/build/nodes/.cache/apps/net.corda.node.Corda_3.3-corda/mina-core-2.0.16.jar:/home/bg/Blockchain/corda/myprojects/cordapp-flow-experiments/build/nodes/.cache/apps/net.corda.node.Corda_3.3-corda/shiro-cache-1.4.0.jar:/home/bg/Blockchain/corda/myprojects/cordapp-flow-experiments/build/nodes/.cache/apps/net.corda.node.Corda_3.3-corda/shiro-crypto-hash-1.4.0.jar:/home/bg/Blockchain/corda/myprojects/cordapp-flow-experiments/build/nodes/.cache/apps/net.corda.node.Corda_3.3-corda/shiro-crypto-cipher-1.4.0.jar:/home/bg/Blockchain/corda/myprojects/cordapp-flow-experiments/build/nodes/.cache/apps/net.corda.node.Corda_3.3-corda/shiro-config-core-1.4.0.jar:/home/bg/Blockchain/corda/myprojects/cordapp-flow-experiments/build/nodes/.cache/apps/net.corda.node.Corda_3.3-corda/shiro-event-1.4.0.jar:/home/bg/Blockchain/corda/myprojects/cordapp-flow-experiments/build/nodes/.cache/apps/net.corda.node.Corda_3.3-corda/shiro-crypto-core-1.4.0.jar:/home/bg/Blockchain/corda/myprojects/cordapp-flow-experiments/build/nodes/.cache/apps/net.corda.node.Corda_3.3-corda/shiro-lang-1.4.0.jar:/home/bg/Blockchain/corda/myprojects/cordapp-flow-experiments/build/nodes/.cache/apps/net.corda.node.Corda_3.3-corda/jcl-over-slf4j-1.7.25.jar:/home/bg/Blockchain/corda/myprojects/cordapp-flow-experiments/build/nodes/.cache/apps/net.corda.node.Corda_3.3-corda/catalyst-concurrent-1.1.2.jar:/home/bg/Blockchain/corda/myprojects/cordapp-flow-experiments/build/nodes/.cache/apps/net.corda.node.Corda_3.3-corda/catalyst-serializer-1.1.2.jar:/home/bg/Blockchain/corda/myprojects/cordapp-flow-experiments/build/nodes/.cache/apps/net.corda.node.Corda_3.3-corda/catalyst-buffer-1.1.2.jar:/home/bg/Blockchain/corda/myprojects/cordapp-flow-experiments/build/nodes/.cache/apps/net.corda.node.Corda_3.3-corda/catalyst-common-1.1.2.jar:/home/bg/Blockchain/corda/myprojects/cordapp-flow-experiments/build/nodes/.cache/apps/net.corda.node.Corda_3.3-corda/sshd-pam-0.11.0.jar:/home/bg/Blockchain/corda/myprojects/cordapp-flow-experiments/build/nodes/.cache/apps/net.corda.node.Corda_3.3-corda/sshd-core-1.6.0.jar:/home/bg/Blockchain/corda/myprojects/cordapp-flow-experiments/build/nodes/.cache/apps/net.corda.node.Corda_3.3-corda/slf4j-api-1.7.25.jar:/home/bg/Blockchain/corda/myprojects/cordapp-flow-experiments/build/nodes/.cache/apps/net.corda.node.Corda_3.3-corda/log4j-core-2.9.1.jar:/home/bg/Blockchain/corda/myprojects/cordapp-flow-experiments/build/nodes/.cache/apps/net.corda.node.Corda_3.3-corda/log4j-api-2.9.1.jar:/home/bg/Blockchain/corda/myprojects/cordapp-flow-experiments/build/nodes/.cache/apps/net.corda.node.Corda_3.3-corda/kotlin-stdlib-jre7-1.1.60.jar:/home/bg/Blockchain/corda/myprojects/cordapp-flow-experiments/build/nodes/.cache/apps/net.corda.node.Corda_3.3-corda/kotlin-stdlib-1.1.60.jar:/home/bg/Blockchain/corda/myprojects/cordapp-flow-experiments/build/nodes/.cache/apps/net.corda.node.Corda_3.3-corda/commons-collections-3.2.2.jar:/home/bg/Blockchain/corda/myprojects/cordapp-flow-experiments/build/nodes/.cache/apps/net.corda.node.Corda_3.3-corda/hibernate-commons-annotations-5.0.1.Final.jar:/home/bg/Blockchain/corda/myprojects/cordapp-flow-experiments/build/nodes/.cache/apps/net.corda.node.Corda_3.3-corda/artemis-native-2.2.0.jar:/home/bg/Blockchain/corda/myprojects/cordapp-flow-experiments/build/nodes/.cache/apps/net.corda.node.Corda_3.3-corda/jboss-logging-3.3.0.Final.jar:/home/bg/Blockchain/corda/myprojects/cordapp-flow-experiments/build/nodes/.cache/apps/net.corda.node.Corda_3.3-corda/artemis-selector-2.2.0.jar:/home/bg/Blockchain/corda/myprojects/cordapp-flow-experiments/build/nodes/.cache/apps/net.corda.node.Corda_3.3-corda/jgroups-3.6.13.Final.jar:/home/bg/Blockchain/corda/myprojects/cordapp-flow-experiments/build/nodes/.cache/apps/net.corda.node.Corda_3.3-corda/geronimo-json_1.0_spec-1.0-alpha-1.jar:/home/bg/Blockchain/corda/myprojects/cordapp-flow-experiments/build/nodes/.cache/apps/net.corda.node.Corda_3.3-corda/johnzon-core-0.9.5.jar:/home/bg/Blockchain/corda/myprojects/cordapp-flow-experiments/build/nodes/.cache/apps/net.corda.node.Corda_3.3-corda/forms-1.1-preview.jar:/home/bg/Blockchain/corda/myprojects/cordapp-flow-experiments/build/nodes/.cache/apps/net.corda.node.Corda_3.3-corda/jdom-1.0.jar:/home/bg/Blockchain/corda/myprojects/cordapp-flow-experiments/build/nodes/.cache/apps/net.corda.node.Corda_3.3-corda/jackson-dataformat-yaml-2.9.2.jar:/home/bg/Blockchain/corda/myprojects/cordapp-flow-experiments/build/nodes/.cache/apps/net.corda.node.Corda_3.3-corda/jackson-datatype-jsr310-2.9.2.jar:/home/bg/Blockchain/corda/myprojects/cordapp-flow-experiments/build/nodes/.cache/apps/net.corda.node.Corda_3.3-corda/hibernate-jpa-2.1-api-1.0.0.Final.jar:/home/bg/Blockchain/corda/myprojects/cordapp-flow-experiments/build/nodes/.cache/apps/net.corda.node.Corda_3.3-corda/javassist-3.20.0-GA.jar:/home/bg/Blockchain/corda/myprojects/cordapp-flow-experiments/build/nodes/.cache/apps/net.corda.node.Corda_3.3-corda/antlr-2.7.7.jar:/home/bg/Blockchain/corda/myprojects/cordapp-flow-experiments/build/nodes/.cache/apps/net.corda.node.Corda_3.3-corda/geronimo-jta_1.1_spec-1.1.1.jar:/home/bg/Blockchain/corda/myprojects/cordapp-flow-experiments/build/nodes/.cache/apps/net.corda.node.Corda_3.3-corda/jandex-2.0.3.Final.jar:/home/bg/Blockchain/corda/myprojects/cordapp-flow-experiments/build/nodes/.cache/apps/net.corda.node.Corda_3.3-corda/classmate-1.3.0.jar:/home/bg/Blockchain/corda/myprojects/cordapp-flow-experiments/build/nodes/.cache/apps/net.corda.node.Corda_3.3-corda/dom4j-1.6.1.jar:/home/bg/Blockchain/corda/myprojects/cordapp-flow-experiments/build/nodes/.cache/apps/net.corda.node.Corda_3.3-corda/cdi-api-1.1.jar:/home/bg/Blockchain/corda/myprojects/cordapp-flow-experiments/build/nodes/.cache/apps/net.corda.node.Corda_3.3-corda/crash.cli-cadb53544fbb3c0fb901445da614998a6a419488.jar:/home/bg/Blockchain/corda/myprojects/cordapp-flow-experiments/build/nodes/.cache/apps/net.corda.node.Corda_3.3-corda/groovy-all-1.8.9.jar:/home/bg/Blockchain/corda/myprojects/cordapp-flow-experiments/build/nodes/.cache/apps/net.corda.node.Corda_3.3-corda/okio-1.11.0.jar:/home/bg/Blockchain/corda/myprojects/cordapp-flow-experiments/build/nodes/.cache/apps/net.corda.node.Corda_3.3-corda/jolokia-core-1.6.0.jar:/home/bg/Blockchain/corda/myprojects/cordapp-flow-experiments/build/nodes/.cache/apps/net.corda.node.Corda_3.3-corda/json-simple-1.1.1.jar:/home/bg/Blockchain/corda/myprojects/cordapp-flow-experiments/build/nodes/.cache/apps/net.corda.node.Corda_3.3-corda/rxjava-1.2.4.jar:/home/bg/Blockchain/corda/myprojects/cordapp-flow-experiments/build/nodes/.cache/apps/net.corda.node.Corda_3.3-corda/commons-jexl3-3.0.jar:/home/bg/Blockchain/corda/myprojects/cordapp-flow-experiments/build/nodes/.cache/apps/net.corda.node.Corda_3.3-corda/jackson-databind-2.9.2.jar:/home/bg/Blockchain/corda/myprojects/cordapp-flow-experiments/build/nodes/.cache/apps/net.corda.node.Corda_3.3-corda/eddsa-0.2.0.jar:/home/bg/Blockchain/corda/myprojects/cordapp-flow-experiments/build/nodes/.cache/apps/net.corda.node.Corda_3.3-corda/bcpkix-jdk15on-1.57.jar:/home/bg/Blockchain/corda/myprojects/cordapp-flow-experiments/build/nodes/.cache/apps/net.corda.node.Corda_3.3-corda/bcprov-jdk15on-1.57.jar:/home/bg/Blockchain/corda/myprojects/cordapp-flow-experiments/build/nodes/.cache/apps/net.corda.node.Corda_3.3-corda/commons-io-2.2.jar:/home/bg/Blockchain/corda/myprojects/cordapp-flow-experiments/build/nodes/.cache/apps/net.corda.node.Corda_3.3-corda/reflectasm-1.11.3.jar:/home/bg/Blockchain/corda/myprojects/cordapp-flow-experiments/build/nodes/.cache/apps/net.corda.node.Corda_3.3-corda/minlog-1.3.0.jar:/home/bg/Blockchain/corda/myprojects/cordapp-flow-experiments/build/nodes/.cache/apps/net.corda.node.Corda_3.3-corda/objenesis-2.2.jar:/home/bg/Blockchain/corda/myprojects/cordapp-flow-experiments/build/nodes/.cache/apps/net.corda.node.Corda_3.3-corda/annotations-13.0.jar:/home/bg/Blockchain/corda/myprojects/cordapp-flow-experiments/build/nodes/.cache/apps/net.corda.node.Corda_3.3-corda/jackson-annotations-2.9.0.jar:/home/bg/Blockchain/corda/myprojects/cordapp-flow-experiments/build/nodes/.cache/apps/net.corda.node.Corda_3.3-corda/snakeyaml-1.18.jar:/home/bg/Blockchain/corda/myprojects/cordapp-flow-experiments/build/nodes/.cache/apps/net.corda.node.Corda_3.3-corda/jackson-core-2.9.2.jar:/home/bg/Blockchain/corda/myprojects/cordapp-flow-experiments/build/nodes/.cache/apps/net.corda.node.Corda_3.3-corda/el-api-2.2.jar:/home/bg/Blockchain/corda/myprojects/cordapp-flow-experiments/build/nodes/.cache/apps/net.corda.node.Corda_3.3-corda/jboss-interceptors-api_1.1_spec-1.0.0.Beta1.jar:/home/bg/Blockchain/corda/myprojects/cordapp-flow-experiments/build/nodes/.cache/apps/net.corda.node.Corda_3.3-corda/jsr250-api-1.0.jar:/home/bg/Blockchain/corda/myprojects/cordapp-flow-experiments/build/nodes/.cache/apps/net.corda.node.Corda_3.3-corda/javax.inject-1.jar:/home/bg/Blockchain/corda/myprojects/cordapp-flow-experiments/build/nodes/.cache/apps/net.corda.node.Corda_3.3-corda/jpam-1.1.jar:/home/bg/Blockchain/corda/myprojects/cordapp-flow-experiments/build/nodes/.cache/apps/net.corda.node.Corda_3.3-corda/geronimo-jms_2.0_spec-1.0-alpha-2.jar:/home/bg/Blockchain/corda/myprojects/cordapp-flow-experiments/build/nodes/.cache/apps/net.corda.node.Corda_3.3-corda/asm-5.0.4.jar:/home/bg/Blockchain/corda/myprojects/cordapp-flow-experiments/build/nodes/.cache/apps/net.corda.node.Corda_3.3-corda/corda-node-3.3-corda.jar:/home/bg/Blockchain/corda/myprojects/cordapp-flow-experiments/build/nodes/.cache/apps/net.corda.node.Corda_3.3-corda/quasar-core-0.7.9-jdk8.jar {}
[INFO ] 2019-03-17T16:14:29,461Z [main] internal.Node.logStartupInfo - VM Java HotSpot(TM) 64-Bit Server VM Oracle Corporation 25.201-b09 {}
[INFO ] 2019-03-17T16:14:29,461Z [main] internal.Node.logStartupInfo - Machine: bg {}
[INFO ] 2019-03-17T16:14:29,469Z [main] internal.Node.logStartupInfo - Working Directory: /home/bg/Blockchain/corda/myprojects/cordapp-flow-experiments/build/nodes/Notary {}
[INFO ] 2019-03-17T16:14:29,471Z [main] internal.Node.logStartupInfo - Starting as node on localhost:10002 {}
[INFO ] 2019-03-17T16:14:30,426Z [main] cordapp.CordappLoader.<init> - No CorDapp paths provided {}
[INFO ] 2019-03-17T16:14:32,024Z [main] internal.Node.generateAndSaveNodeInfo - Generating nodeInfo ... {}
[WARN ] 2019-03-17T16:14:32,053Z [main] internal.Node.initCertificate - Corda node is running in dev mode. {}
[INFO ] 2019-03-17T16:14:36,895Z [main] internal.Node.obtainIdentity - identity-private-key not found in key store /home/bg/Blockchain/corda/myprojects/cordapp-flow-experiments/build/nodes/Notary/certificates/nodekeystore.jks, generating fresh key! {}
[INFO ] 2019-03-17T16:14:38,576Z [main] BasicInfo.printBasicNodeInfo - Database connection url is              : jdbc:h2:tcp://localhost:33109/node {}
[INFO ] 2019-03-17T16:14:38,981Z [main] hikari.HikariDataSource.<init> - HikariPool-1 - Started. {}
[INFO ] 2019-03-17T16:14:39,960Z [main] internal.Node.invoke - Connected to H2 database. {}
[INFO ] 2019-03-17T16:14:40,338Z [main] persistence.HibernateConfiguration.<init> - Init HibernateConfiguration for schemas: [CommonSchemaV1(name=net.corda.core.schemas.CommonSchema, version=1), VaultSchemaV1(name=net.corda.node.services.vault.VaultSchema, version=1), NodeInfoSchemaV1(name=net.corda.node.internal.schemas.NodeInfoSchema, version=1), NodeCoreV1(name=net.corda.node.services.schema.NodeSchemaService$NodeCore, version=1)] {}
[INFO ] 2019-03-17T16:14:40,344Z [main] persistence.HibernateConfiguration.makeSessionFactoryForSchemas - Creating session factory for schemas: [CommonSchemaV1(name=net.corda.core.schemas.CommonSchema, version=1), VaultSchemaV1(name=net.corda.node.services.vault.VaultSchema, version=1), NodeInfoSchemaV1(name=net.corda.node.internal.schemas.NodeInfoSchema, version=1), NodeCoreV1(name=net.corda.node.services.schema.NodeSchemaService$NodeCore, version=1)] {}
[INFO ] 2019-03-17T16:14:41,143Z [main] hibernate.Version.logVersion - HHH000412: Hibernate Core {5.2.6.Final} {}
[INFO ] 2019-03-17T16:14:41,159Z [main] cfg.Environment.<clinit> - HHH000206: hibernate.properties not found {}
[INFO ] 2019-03-17T16:14:41,440Z [main] common.Version.<clinit> - HCANN000001: Hibernate Commons Annotations {5.0.1.Final} {}
[INFO ] 2019-03-17T16:14:41,991Z [main] internal.ConnectionProviderInitiator.initiateService - HHH000130: Instantiating explicit connection provider: net.corda.nodeapi.internal.persistence.HibernateConfiguration$NodeDatabaseConnectionProvider {}
[INFO ] 2019-03-17T16:14:42,117Z [main] dialect.Dialect.<init> - HHH000400: Using dialect: org.hibernate.dialect.H2Dialect {}
[INFO ] 2019-03-17T16:14:42,437Z [main] type.BasicTypeRegistry.register - HHH000270: Type registration [materialized_blob] overrides previous : org.hibernate.type.MaterializedBlobType@7f79edee {}
[INFO ] 2019-03-17T16:14:49,148Z [main] connections.access.getIsolatedConnection - HHH10001501: Connection obtained from JdbcConnectionAccess [org.hibernate.engine.jdbc.env.internal.JdbcEnvironmentInitiator$ConnectionProviderJdbcConnectionAccess@31228d83] for (non-JTA) DDL execution was not in auto-commit mode; the Connection 'local transaction' will be committed and the Connection will be set into auto-commit mode. {}
[INFO ] 2019-03-17T16:14:49,765Z [main] persistence.HibernateConfiguration.makeSessionFactoryForSchemas - Created session factory for schemas: [CommonSchemaV1(name=net.corda.core.schemas.CommonSchema, version=1), VaultSchemaV1(name=net.corda.node.services.vault.VaultSchema, version=1), NodeInfoSchemaV1(name=net.corda.node.internal.schemas.NodeInfoSchema, version=1), NodeCoreV1(name=net.corda.node.services.schema.NodeSchemaService$NodeCore, version=1)] {}
[INFO ] 2019-03-17T16:14:50,806Z [main] internal.QueryTranslatorFactoryInitiator.initiateService - HHH000397: Using ASTQueryTranslatorFactory {}
[INFO ] 2019-03-17T16:14:51,839Z [main] internal.Node.updateNodeInfo - Node-info has changed so submitting update. Old node-info was null {}
[INFO ] 2019-03-17T16:14:51,842Z [main] network.PersistentNetworkMapCache.addNode - Adding node with info: NodeInfo(addresses=[localhost:10002], legalIdentitiesAndCerts=[O=Notary, L=London, C=GB], platformVersion=3, serial=1552839291842) {}
[INFO ] 2019-03-17T16:14:52,078Z [main] network.PersistentNetworkMapCache.addNode - No previous node found {}
[INFO ] 2019-03-17T16:14:55,320Z [main] network.PersistentNetworkMapCache.addNode - Done adding node with info: NodeInfo(addresses=[localhost:10002], legalIdentitiesAndCerts=[O=Notary, L=London, C=GB], platformVersion=3, serial=1552839291842) {}
[INFO ] 2019-03-17T16:14:55,329Z [main] internal.Node.updateNodeInfo - New node-info: NodeInfo(addresses=[localhost:10002], legalIdentitiesAndCerts=[O=Notary, L=London, C=GB], platformVersion=3, serial=1552839291842) {}
[INFO ] 2019-03-17T16:14:56,657Z [main] internal.Node.run - Node exiting successfully {}
[INFO ] 2019-03-17T16:17:01,182Z [main] internal.Node.logStartupInfo - Vendor: Corda Open Source {}
[INFO ] 2019-03-17T16:17:01,214Z [main] internal.Node.logStartupInfo - Release: 3.3-corda {}
[INFO ] 2019-03-17T16:17:01,215Z [main] internal.Node.logStartupInfo - Platform Version: 3 {}
[INFO ] 2019-03-17T16:17:01,215Z [main] internal.Node.logStartupInfo - Revision: c834162cd488784a0412bba4c9e638da89912ac2 {}
[INFO ] 2019-03-17T16:17:01,219Z [main] internal.Node.logStartupInfo - PID: 24358 {}
[INFO ] 2019-03-17T16:17:01,219Z [main] internal.Node.logStartupInfo - Main class: /home/bg/.capsule/apps/net.corda.node.Corda_3.3-corda/corda-node-3.3-corda.jar {}
[INFO ] 2019-03-17T16:17:01,222Z [main] internal.Node.logStartupInfo - CommandLine Args: -Xmx200m -XX:+UseG1GC -agentlib:jdwp=transport=dt_socket,server=y,suspend=n,address=5007 -javaagent:drivers/jolokia-jvm-1.3.7-agent.jar=port=7007,logHandlerClass=net.corda.node.JolokiaSlf4Adapter -javaagent:/home/bg/.capsule/apps/net.corda.node.Corda_3.3-corda/quasar-core-0.7.9-jdk8.jar=x(antlr**;bftsmart**;ch**;co.paralleluniverse**;com.codahale**;com.esotericsoftware**;com.fasterxml**;com.google**;com.ibm**;com.intellij**;com.jcabi**;com.nhaarman**;com.opengamma**;com.typesafe**;com.zaxxer**;de.javakaffee**;groovy**;groovyjarjarantlr**;groovyjarjarasm**;io.atomix**;io.github**;io.netty**;jdk**;joptsimple**;junit**;kotlin**;net.bytebuddy**;net.i2p**;org.apache**;org.assertj**;org.bouncycastle**;org.codehaus**;org.crsh**;org.dom4j**;org.fusesource**;org.h2**;org.hamcrest**;org.hibernate**;org.jboss**;org.jcp**;org.joda**;org.junit**;org.mockito**;org.objectweb**;org.objenesis**;org.slf4j**;org.w3c**;org.xml**;org.yaml**;reflectasm**;rx**;org.jolokia**) -Dvisualvm.display.name=Corda -Djava.library.path=/usr/java/packages/lib/amd64:/usr/lib64:/lib64:/lib:/usr/lib:/home/bg/.capsule/apps/net.corda.node.Corda_3.3-corda -Dcapsule.app=net.corda.node.Corda_3.3-corda -Dname=Notary-corda.jar -Dcapsule.dir=/home/bg/.capsule/apps/net.corda.node.Corda_3.3-corda -Dcapsule.jar=/home/bg/Blockchain/corda/myprojects/cordapp-flow-experiments/build/nodes/Notary/corda.jar {}
[INFO ] 2019-03-17T16:17:01,227Z [main] internal.Node.logStartupInfo - Application Args:  {}
[INFO ] 2019-03-17T16:17:01,227Z [main] internal.Node.logStartupInfo - bootclasspath: /usr/lib/jvm/java-8-oracle/jre/lib/resources.jar:/usr/lib/jvm/java-8-oracle/jre/lib/rt.jar:/usr/lib/jvm/java-8-oracle/jre/lib/sunrsasign.jar:/usr/lib/jvm/java-8-oracle/jre/lib/jsse.jar:/usr/lib/jvm/java-8-oracle/jre/lib/jce.jar:/usr/lib/jvm/java-8-oracle/jre/lib/charsets.jar:/usr/lib/jvm/java-8-oracle/jre/lib/jfr.jar:/usr/lib/jvm/java-8-oracle/jre/classes {}
[INFO ] 2019-03-17T16:17:01,233Z [main] internal.Node.logStartupInfo - classpath: /home/bg/Blockchain/corda/myprojects/cordapp-flow-experiments/build/nodes/Notary/corda.jar:/home/bg/.capsule/apps/net.corda.node.Corda_3.3-corda/corda-rpc-3.3-corda.jar:/home/bg/.capsule/apps/net.corda.node.Corda_3.3-corda/corda-node-api-3.3-corda.jar:/home/bg/.capsule/apps/net.corda.node.Corda_3.3-corda/corda-confidential-identities-3.3-corda.jar:/home/bg/.capsule/apps/net.corda.node.Corda_3.3-corda/cordform-common-3.2.1.jar:/home/bg/.capsule/apps/net.corda.node.Corda_3.3-corda/log4j-slf4j-impl-2.9.1.jar:/home/bg/.capsule/apps/net.corda.node.Corda_3.3-corda/log4j-web-2.9.1.jar:/home/bg/.capsule/apps/net.corda.node.Corda_3.3-corda/jul-to-slf4j-1.7.25.jar:/home/bg/.capsule/apps/net.corda.node.Corda_3.3-corda/corda-jackson-3.3-corda.jar:/home/bg/.capsule/apps/net.corda.node.Corda_3.3-corda/corda-core-3.3-corda.jar:/home/bg/.capsule/apps/net.corda.node.Corda_3.3-corda/kotlin-stdlib-jre8-1.1.60.jar:/home/bg/.capsule/apps/net.corda.node.Corda_3.3-corda/jackson-module-kotlin-2.9.2.jar:/home/bg/.capsule/apps/net.corda.node.Corda_3.3-corda/kotlin-reflect-1.1.60.jar:/home/bg/.capsule/apps/net.corda.node.Corda_3.3-corda/jimfs-1.1.jar:/home/bg/.capsule/apps/net.corda.node.Corda_3.3-corda/artemis-amqp-protocol-2.2.0.jar:/home/bg/.capsule/apps/net.corda.node.Corda_3.3-corda/artemis-server-2.2.0.jar:/home/bg/.capsule/apps/net.corda.node.Corda_3.3-corda/artemis-jdbc-store-2.2.0.jar:/home/bg/.capsule/apps/net.corda.node.Corda_3.3-corda/artemis-jms-client-2.2.0.jar:/home/bg/.capsule/apps/net.corda.node.Corda_3.3-corda/artemis-core-client-2.2.0.jar:/home/bg/.capsule/apps/net.corda.node.Corda_3.3-corda/artemis-journal-2.2.0.jar:/home/bg/.capsule/apps/net.corda.node.Corda_3.3-corda/artemis-commons-2.2.0.jar:/home/bg/.capsule/apps/net.corda.node.Corda_3.3-corda/guava-21.0.jar:/home/bg/.capsule/apps/net.corda.node.Corda_3.3-corda/jopt-simple-5.0.2.jar:/home/bg/.capsule/apps/net.corda.node.Corda_3.3-corda/commons-collections4-4.1.jar:/home/bg/.capsule/apps/net.corda.node.Corda_3.3-corda/shiro-core-1.4.0.jar:/home/bg/.capsule/apps/net.corda.node.Corda_3.3-corda/shiro-config-ogdl-1.4.0.jar:/home/bg/.capsule/apps/net.corda.node.Corda_3.3-corda/commons-beanutils-1.9.3.jar:/home/bg/.capsule/apps/net.corda.node.Corda_3.3-corda/jansi-1.14.jar:/home/bg/.capsule/apps/net.corda.node.Corda_3.3-corda/jcabi-manifests-1.1.jar:/home/bg/.capsule/apps/net.corda.node.Corda_3.3-corda/forms_rt-7.0.3.jar:/home/bg/.capsule/apps/net.corda.node.Corda_3.3-corda/metrics-core-3.1.2.jar:/home/bg/.capsule/apps/net.corda.node.Corda_3.3-corda/config-1.3.1.jar:/home/bg/.capsule/apps/net.corda.node.Corda_3.3-corda/h2-1.4.194.jar:/home/bg/.capsule/apps/net.corda.node.Corda_3.3-corda/postgresql-42.1.4.jar:/home/bg/.capsule/apps/net.corda.node.Corda_3.3-corda/HikariCP-2.5.1.jar:/home/bg/.capsule/apps/net.corda.node.Corda_3.3-corda/hibernate-java8-5.2.6.Final.jar:/home/bg/.capsule/apps/net.corda.node.Corda_3.3-corda/hibernate-core-5.2.6.Final.jar:/home/bg/.capsule/apps/net.corda.node.Corda_3.3-corda/copycat-client-1.2.3.jar:/home/bg/.capsule/apps/net.corda.node.Corda_3.3-corda/copycat-server-1.2.3.jar:/home/bg/.capsule/apps/net.corda.node.Corda_3.3-corda/catalyst-netty-1.1.2.jar:/home/bg/.capsule/apps/net.corda.node.Corda_3.3-corda/netty-all-4.1.9.Final.jar:/home/bg/.capsule/apps/net.corda.node.Corda_3.3-corda/crash.connectors.ssh-cadb53544fbb3c0fb901445da614998a6a419488.jar:/home/bg/.capsule/apps/net.corda.node.Corda_3.3-corda/crash.shell-cadb53544fbb3c0fb901445da614998a6a419488.jar:/home/bg/.capsule/apps/net.corda.node.Corda_3.3-corda/okhttp-3.5.0.jar:/home/bg/.capsule/apps/net.corda.node.Corda_3.3-corda/commons-codec-1.10.jar:/home/bg/.capsule/apps/net.corda.node.Corda_3.3-corda/library-master-v1.1-beta-g6215ec8-87.jar:/home/bg/.capsule/apps/net.corda.node.Corda_3.3-corda/jolokia-jvm-1.6.0-agent.jar:/home/bg/.capsule/apps/net.corda.node.Corda_3.3-corda/quasar-core-0.7.9-jdk8.jar:/home/bg/.capsule/apps/net.corda.node.Corda_3.3-corda/commons-fileupload-1.3.3.jar:/home/bg/.capsule/apps/net.corda.node.Corda_3.3-corda/kryo-serializers-0.41.jar:/home/bg/.capsule/apps/net.corda.node.Corda_3.3-corda/kryo-4.0.0.jar:/home/bg/.capsule/apps/net.corda.node.Corda_3.3-corda/proton-j-0.21.0.jar:/home/bg/.capsule/apps/net.corda.node.Corda_3.3-corda/fast-classpath-scanner-2.12.3.jar:/home/bg/.capsule/apps/net.corda.node.Corda_3.3-corda/jsr305-3.0.2.jar:/home/bg/.capsule/apps/net.corda.node.Corda_3.3-corda/jcabi-log-0.14.jar:/home/bg/.capsule/apps/net.corda.node.Corda_3.3-corda/copycat-protocol-1.2.3.jar:/home/bg/.capsule/apps/net.corda.node.Corda_3.3-corda/catalyst-transport-1.1.2.jar:/home/bg/.capsule/apps/net.corda.node.Corda_3.3-corda/mina-core-2.0.16.jar:/home/bg/.capsule/apps/net.corda.node.Corda_3.3-corda/shiro-cache-1.4.0.jar:/home/bg/.capsule/apps/net.corda.node.Corda_3.3-corda/shiro-crypto-hash-1.4.0.jar:/home/bg/.capsule/apps/net.corda.node.Corda_3.3-corda/shiro-crypto-cipher-1.4.0.jar:/home/bg/.capsule/apps/net.corda.node.Corda_3.3-corda/shiro-config-core-1.4.0.jar:/home/bg/.capsule/apps/net.corda.node.Corda_3.3-corda/shiro-event-1.4.0.jar:/home/bg/.capsule/apps/net.corda.node.Corda_3.3-corda/shiro-crypto-core-1.4.0.jar:/home/bg/.capsule/apps/net.corda.node.Corda_3.3-corda/shiro-lang-1.4.0.jar:/home/bg/.capsule/apps/net.corda.node.Corda_3.3-corda/jcl-over-slf4j-1.7.25.jar:/home/bg/.capsule/apps/net.corda.node.Corda_3.3-corda/catalyst-concurrent-1.1.2.jar:/home/bg/.capsule/apps/net.corda.node.Corda_3.3-corda/catalyst-serializer-1.1.2.jar:/home/bg/.capsule/apps/net.corda.node.Corda_3.3-corda/catalyst-buffer-1.1.2.jar:/home/bg/.capsule/apps/net.corda.node.Corda_3.3-corda/catalyst-common-1.1.2.jar:/home/bg/.capsule/apps/net.corda.node.Corda_3.3-corda/sshd-pam-0.11.0.jar:/home/bg/.capsule/apps/net.corda.node.Corda_3.3-corda/sshd-core-1.6.0.jar:/home/bg/.capsule/apps/net.corda.node.Corda_3.3-corda/slf4j-api-1.7.25.jar:/home/bg/.capsule/apps/net.corda.node.Corda_3.3-corda/log4j-core-2.9.1.jar:/home/bg/.capsule/apps/net.corda.node.Corda_3.3-corda/log4j-api-2.9.1.jar:/home/bg/.capsule/apps/net.corda.node.Corda_3.3-corda/kotlin-stdlib-jre7-1.1.60.jar:/home/bg/.capsule/apps/net.corda.node.Corda_3.3-corda/kotlin-stdlib-1.1.60.jar:/home/bg/.capsule/apps/net.corda.node.Corda_3.3-corda/commons-collections-3.2.2.jar:/home/bg/.capsule/apps/net.corda.node.Corda_3.3-corda/hibernate-commons-annotations-5.0.1.Final.jar:/home/bg/.capsule/apps/net.corda.node.Corda_3.3-corda/artemis-native-2.2.0.jar:/home/bg/.capsule/apps/net.corda.node.Corda_3.3-corda/jboss-logging-3.3.0.Final.jar:/home/bg/.capsule/apps/net.corda.node.Corda_3.3-corda/artemis-selector-2.2.0.jar:/home/bg/.capsule/apps/net.corda.node.Corda_3.3-corda/jgroups-3.6.13.Final.jar:/home/bg/.capsule/apps/net.corda.node.Corda_3.3-corda/geronimo-json_1.0_spec-1.0-alpha-1.jar:/home/bg/.capsule/apps/net.corda.node.Corda_3.3-corda/johnzon-core-0.9.5.jar:/home/bg/.capsule/apps/net.corda.node.Corda_3.3-corda/forms-1.1-preview.jar:/home/bg/.capsule/apps/net.corda.node.Corda_3.3-corda/jdom-1.0.jar:/home/bg/.capsule/apps/net.corda.node.Corda_3.3-corda/jackson-dataformat-yaml-2.9.2.jar:/home/bg/.capsule/apps/net.corda.node.Corda_3.3-corda/jackson-datatype-jsr310-2.9.2.jar:/home/bg/.capsule/apps/net.corda.node.Corda_3.3-corda/hibernate-jpa-2.1-api-1.0.0.Final.jar:/home/bg/.capsule/apps/net.corda.node.Corda_3.3-corda/javassist-3.20.0-GA.jar:/home/bg/.capsule/apps/net.corda.node.Corda_3.3-corda/antlr-2.7.7.jar:/home/bg/.capsule/apps/net.corda.node.Corda_3.3-corda/geronimo-jta_1.1_spec-1.1.1.jar:/home/bg/.capsule/apps/net.corda.node.Corda_3.3-corda/jandex-2.0.3.Final.jar:/home/bg/.capsule/apps/net.corda.node.Corda_3.3-corda/classmate-1.3.0.jar:/home/bg/.capsule/apps/net.corda.node.Corda_3.3-corda/dom4j-1.6.1.jar:/home/bg/.capsule/apps/net.corda.node.Corda_3.3-corda/cdi-api-1.1.jar:/home/bg/.capsule/apps/net.corda.node.Corda_3.3-corda/crash.cli-cadb53544fbb3c0fb901445da614998a6a419488.jar:/home/bg/.capsule/apps/net.corda.node.Corda_3.3-corda/groovy-all-1.8.9.jar:/home/bg/.capsule/apps/net.corda.node.Corda_3.3-corda/okio-1.11.0.jar:/home/bg/.capsule/apps/net.corda.node.Corda_3.3-corda/jolokia-core-1.6.0.jar:/home/bg/.capsule/apps/net.corda.node.Corda_3.3-corda/json-simple-1.1.1.jar:/home/bg/.capsule/apps/net.corda.node.Corda_3.3-corda/rxjava-1.2.4.jar:/home/bg/.capsule/apps/net.corda.node.Corda_3.3-corda/commons-jexl3-3.0.jar:/home/bg/.capsule/apps/net.corda.node.Corda_3.3-corda/jackson-databind-2.9.2.jar:/home/bg/.capsule/apps/net.corda.node.Corda_3.3-corda/eddsa-0.2.0.jar:/home/bg/.capsule/apps/net.corda.node.Corda_3.3-corda/bcpkix-jdk15on-1.57.jar:/home/bg/.capsule/apps/net.corda.node.Corda_3.3-corda/bcprov-jdk15on-1.57.jar:/home/bg/.capsule/apps/net.corda.node.Corda_3.3-corda/commons-io-2.2.jar:/home/bg/.capsule/apps/net.corda.node.Corda_3.3-corda/reflectasm-1.11.3.jar:/home/bg/.capsule/apps/net.corda.node.Corda_3.3-corda/minlog-1.3.0.jar:/home/bg/.capsule/apps/net.corda.node.Corda_3.3-corda/objenesis-2.2.jar:/home/bg/.capsule/apps/net.corda.node.Corda_3.3-corda/annotations-13.0.jar:/home/bg/.capsule/apps/net.corda.node.Corda_3.3-corda/jackson-annotations-2.9.0.jar:/home/bg/.capsule/apps/net.corda.node.Corda_3.3-corda/snakeyaml-1.18.jar:/home/bg/.capsule/apps/net.corda.node.Corda_3.3-corda/jackson-core-2.9.2.jar:/home/bg/.capsule/apps/net.corda.node.Corda_3.3-corda/el-api-2.2.jar:/home/bg/.capsule/apps/net.corda.node.Corda_3.3-corda/jboss-interceptors-api_1.1_spec-1.0.0.Beta1.jar:/home/bg/.capsule/apps/net.corda.node.Corda_3.3-corda/jsr250-api-1.0.jar:/home/bg/.capsule/apps/net.corda.node.Corda_3.3-corda/javax.inject-1.jar:/home/bg/.capsule/apps/net.corda.node.Corda_3.3-corda/jpam-1.1.jar:/home/bg/.capsule/apps/net.corda.node.Corda_3.3-corda/geronimo-jms_2.0_spec-1.0-alpha-2.jar:/home/bg/.capsule/apps/net.corda.node.Corda_3.3-corda/asm-5.0.4.jar:/home/bg/.capsule/apps/net.corda.node.Corda_3.3-corda/corda-node-3.3-corda.jar:/home/bg/Blockchain/corda/myprojects/cordapp-flow-experiments/build/nodes/Notary/cordapps/cordapp-0.1.jar:/home/bg/Blockchain/corda/myprojects/cordapp-flow-experiments/build/nodes/Notary/cordapps/cordapp-contracts-states-0.1.jar:/home/bg/Blockchain/corda/myprojects/cordapp-flow-experiments/build/nodes/Notary/cordapps/cordapp-flow-experiments-0.1.jar:drivers/jolokia-jvm-1.3.7-agent.jar:/home/bg/.capsule/apps/net.corda.node.Corda_3.3-corda/quasar-core-0.7.9-jdk8.jar {}
[INFO ] 2019-03-17T16:17:01,236Z [main] internal.Node.logStartupInfo - VM Java HotSpot(TM) 64-Bit Server VM Oracle Corporation 25.201-b09 {}
[INFO ] 2019-03-17T16:17:01,240Z [main] internal.Node.logStartupInfo - Machine: bg {}
[INFO ] 2019-03-17T16:17:01,241Z [main] internal.Node.logStartupInfo - Working Directory: /home/bg/Blockchain/corda/myprojects/cordapp-flow-experiments/build/nodes/Notary {}
[INFO ] 2019-03-17T16:17:01,241Z [main] internal.Node.logStartupInfo - Debug port: dt_socket:5007 {}
[INFO ] 2019-03-17T16:17:01,245Z [main] internal.Node.logStartupInfo - Starting as node on localhost:10002 {}
[INFO ] 2019-03-17T16:17:02,092Z [main] cordapp.CordappLoader.<init> - Loading CorDapps from RestrictedURL(url=file:/home/bg/Blockchain/corda/myprojects/cordapp-flow-experiments/build/nodes/Notary/cordapps/cordapp-0.1.jar, rootPackageName=null), RestrictedURL(url=file:/home/bg/Blockchain/corda/myprojects/cordapp-flow-experiments/build/nodes/Notary/cordapps/cordapp-contracts-states-0.1.jar, rootPackageName=null), RestrictedURL(url=file:/home/bg/Blockchain/corda/myprojects/cordapp-flow-experiments/build/nodes/Notary/cordapps/cordapp-flow-experiments-0.1.jar, rootPackageName=null) {}
[INFO ] 2019-03-17T16:17:02,711Z [main] cordapp.CordappLoader.scanCordapp - Scanning CorDapp in file:/home/bg/Blockchain/corda/myprojects/cordapp-flow-experiments/build/nodes/Notary/cordapps/cordapp-0.1.jar {}
[INFO ] 2019-03-17T16:17:03,876Z [main] cordapp.CordappLoader.scanCordapp - Scanning CorDapp in file:/home/bg/Blockchain/corda/myprojects/cordapp-flow-experiments/build/nodes/Notary/cordapps/cordapp-contracts-states-0.1.jar {}
[INFO ] 2019-03-17T16:17:04,079Z [main] cordapp.CordappLoader.scanCordapp - Scanning CorDapp in file:/home/bg/Blockchain/corda/myprojects/cordapp-flow-experiments/build/nodes/Notary/cordapps/cordapp-flow-experiments-0.1.jar {}
[INFO ] 2019-03-17T16:17:04,909Z [main] internal.Node.start - Node starting up ... {}
[WARN ] 2019-03-17T16:17:04,912Z [main] internal.Node.initCertificate - Corda node is running in dev mode. {}
[INFO ] 2019-03-17T16:17:14,335Z [main] internal.NetworkParametersReader.retrieveNetworkParameters - Loaded network parameters: net.corda.core.internal.SignedDataWithCert@f25f48a {}
[INFO ] 2019-03-17T16:17:17,631Z [main] BasicInfo.printBasicNodeInfo - Database connection url is              : jdbc:h2:tcp://localhost:44677/node {}
[INFO ] 2019-03-17T16:17:18,201Z [main] hikari.HikariDataSource.<init> - HikariPool-1 - Started. {}
[INFO ] 2019-03-17T16:17:19,795Z [main] internal.Node.invoke - Connected to H2 database. {}
[INFO ] 2019-03-17T16:17:20,298Z [main] persistence.HibernateConfiguration.<init> - Init HibernateConfiguration for schemas: [CommonSchemaV1(name=net.corda.core.schemas.CommonSchema, version=1), VaultSchemaV1(name=net.corda.node.services.vault.VaultSchema, version=1), NodeInfoSchemaV1(name=net.corda.node.internal.schemas.NodeInfoSchema, version=1), NodeCoreV1(name=net.corda.node.services.schema.NodeSchemaService$NodeCore, version=1), NodeNotaryV1(name=net.corda.node.services.schema.NodeSchemaService$NodeNotary, version=1)] {}
[INFO ] 2019-03-17T16:17:20,311Z [main] persistence.HibernateConfiguration.makeSessionFactoryForSchemas - Creating session factory for schemas: [CommonSchemaV1(name=net.corda.core.schemas.CommonSchema, version=1), VaultSchemaV1(name=net.corda.node.services.vault.VaultSchema, version=1), NodeInfoSchemaV1(name=net.corda.node.internal.schemas.NodeInfoSchema, version=1), NodeCoreV1(name=net.corda.node.services.schema.NodeSchemaService$NodeCore, version=1), NodeNotaryV1(name=net.corda.node.services.schema.NodeSchemaService$NodeNotary, version=1)] {}
[INFO ] 2019-03-17T16:17:21,387Z [main] hibernate.Version.logVersion - HHH000412: Hibernate Core {5.2.6.Final} {}
[INFO ] 2019-03-17T16:17:21,408Z [main] cfg.Environment.<clinit> - HHH000206: hibernate.properties not found {}
[INFO ] 2019-03-17T16:17:21,751Z [main] common.Version.<clinit> - HCANN000001: Hibernate Commons Annotations {5.0.1.Final} {}
[INFO ] 2019-03-17T16:17:22,559Z [main] internal.ConnectionProviderInitiator.initiateService - HHH000130: Instantiating explicit connection provider: net.corda.nodeapi.internal.persistence.HibernateConfiguration$NodeDatabaseConnectionProvider {}
[INFO ] 2019-03-17T16:17:22,729Z [main] dialect.Dialect.<init> - HHH000400: Using dialect: org.hibernate.dialect.H2Dialect {}
[INFO ] 2019-03-17T16:17:23,229Z [main] type.BasicTypeRegistry.register - HHH000270: Type registration [materialized_blob] overrides previous : org.hibernate.type.MaterializedBlobType@61ab6521 {}
[INFO ] 2019-03-17T16:17:32,616Z [main] connections.access.getIsolatedConnection - HHH10001501: Connection obtained from JdbcConnectionAccess [org.hibernate.engine.jdbc.env.internal.JdbcEnvironmentInitiator$ConnectionProviderJdbcConnectionAccess@35555145] for (non-JTA) DDL execution was not in auto-commit mode; the Connection 'local transaction' will be committed and the Connection will be set into auto-commit mode. {}
[INFO ] 2019-03-17T16:17:33,513Z [main] persistence.HibernateConfiguration.makeSessionFactoryForSchemas - Created session factory for schemas: [CommonSchemaV1(name=net.corda.core.schemas.CommonSchema, version=1), VaultSchemaV1(name=net.corda.node.services.vault.VaultSchema, version=1), NodeInfoSchemaV1(name=net.corda.node.internal.schemas.NodeInfoSchema, version=1), NodeCoreV1(name=net.corda.node.services.schema.NodeSchemaService$NodeCore, version=1), NodeNotaryV1(name=net.corda.node.services.schema.NodeSchemaService$NodeNotary, version=1)] {}
[INFO ] 2019-03-17T16:17:35,531Z [main] internal.QueryTranslatorFactoryInitiator.initiateService - HHH000397: Using ASTQueryTranslatorFactory {}
[INFO ] 2019-03-17T16:17:37,173Z [main] internal.Node.updateNodeInfo - Node-info has changed so submitting update. Old node-info was null {}
[INFO ] 2019-03-17T16:17:37,187Z [main] network.PersistentNetworkMapCache.addNode - Adding node with info: NodeInfo(addresses=[localhost:10002], legalIdentitiesAndCerts=[O=Notary, L=London, C=GB], platformVersion=3, serial=1552839457186) {}
[INFO ] 2019-03-17T16:17:37,340Z [main] network.PersistentNetworkMapCache.addNode - No previous node found {}
[INFO ] 2019-03-17T16:17:38,464Z [main] network.PersistentNetworkMapCache.addNode - Done adding node with info: NodeInfo(addresses=[localhost:10002], legalIdentitiesAndCerts=[O=Notary, L=London, C=GB], platformVersion=3, serial=1552839457186) {}
[INFO ] 2019-03-17T16:17:38,480Z [main] internal.Node.updateNodeInfo - New node-info: NodeInfo(addresses=[localhost:10002], legalIdentitiesAndCerts=[O=Notary, L=London, C=GB], platformVersion=3, serial=1552839457186) {}
[INFO ] 2019-03-17T16:17:41,106Z [main] persistence.NodeAttachmentService.invoke - Stored new attachment 7409F0F45CFE7C37C38C92AB1D3D6372E04FF698217FF30C91E1D57B323FD00E {}
[INFO ] 2019-03-17T16:17:41,936Z [main] security.RPCSecurityManagerImpl.buildImpl - Constructing realm from list of users in config [] {}
[INFO ] 2019-03-17T16:17:43,243Z [main] BasicInfo.printBasicNodeInfo - Advertised P2P messaging addresses      : localhost:10002 {}
[INFO ] 2019-03-17T16:17:43,271Z [main] BasicInfo.printBasicNodeInfo - RPC connection address                  : localhost:10003 {}
[INFO ] 2019-03-17T16:17:43,281Z [main] BasicInfo.printBasicNodeInfo - RPC admin connection address            : localhost:10043 {}
[INFO ] 2019-03-17T16:17:44,179Z [main] internal.Node.makeNotaryService - Running core notary: net.corda.node.services.transactions.SimpleNotaryService {}
[INFO ] 2019-03-17T16:17:50,109Z [main] messaging.ArtemisMessagingServer.configureAndStartServer - P2P messaging server listening on port 10002 {}
[INFO ] 2019-03-17T16:17:54,339Z [main] internal.ArtemisMessagingClient.start - Connecting to message broker: localhost:10002 {}
[INFO ] 2019-03-17T16:17:57,295Z [main] internal.ArtemisMessagingClient.start - Connecting to message broker: localhost:10002 {}
[INFO ] 2019-03-17T16:17:58,102Z [main] internal.ArtemisMessagingClient.start - Connecting to message broker: localhost:10043 {}
[INFO ] 2019-03-17T16:17:58,662Z [main] messaging.P2PMessagingClient.start - Connecting to message broker: localhost:10002 {}
[INFO ] 2019-03-17T16:17:58,909Z [main] messaging.P2PMessagingClient.createQueueIfAbsent - Create fresh queue p2p.inbound.DL49mNDzkyCNVWxeuZFJvxKqFbP6noE2Nx85VfkCTz21RS bound on same address {}
[INFO ] 2019-03-17T16:17:59,344Z [Thread-0 (ActiveMQ-client-global-threads)] bridging.BridgeControlListener.processControlMessage - Received bridge control message NodeToBridgeSnapshot(nodeIdentity=DL49mNDzkyCNVWxeuZFJvxKqFbP6noE2Nx85VfkCTz21RS, inboxQueues=[p2p.inbound.DL49mNDzkyCNVWxeuZFJvxKqFbP6noE2Nx85VfkCTz21RS], sendQueues=[]) {}
[INFO ] 2019-03-17T16:17:59,657Z [main] internal.Node.registerInitiatedFlowInternal - Registered com.template.Flow1$Initiator to initiate com.template.Flow1$Reciever (version 1) {}
[INFO ] 2019-03-17T16:17:59,660Z [main] internal.Node.registerInitiatedFlowInternal - Registered com.template.Flow11$Initiator to initiate com.template.Flow11$Reciever (version 1) {}
[INFO ] 2019-03-17T16:17:59,678Z [main] internal.Node.registerInitiatedFlowInternal - Registered com.template.Flow2$Initiator to initiate com.template.Flow2$Reciever (version 1) {}
[INFO ] 2019-03-17T16:17:59,690Z [main] internal.Node.registerInitiatedFlowInternal - Registered com.template.Flow3$Initiator to initiate com.template.Flow3$Reciever (version 1) {}
[INFO ] 2019-03-17T16:17:59,691Z [main] internal.Node.registerInitiatedFlowInternal - Registered com.template.RupeeFlow$Issue to initiate com.template.RupeeFlow$Responder (version 1) {}
[INFO ] 2019-03-17T16:17:59,700Z [main] internal.Node.registerInitiatedFlowInternal - Registered com.template.RupeeFlow$Transfer to initiate com.template.RupeeFlow$TransferResponder (version 1) {}
[INFO ] 2019-03-17T16:17:59,702Z [main] internal.Node.registerInitiatedFlowInternal - Registered com.template.TestFlow$Initiator to initiate com.template.TestFlow$Reciever (version 1) {}
[INFO ] 2019-03-17T16:17:59,704Z [main] internal.Node.registerInitiatedFlowInternal - Registered com.template.flows.HouseRegTransFlow$Initiator to initiate com.template.flows.HouseRegTransFlow$Reciever (version 1) {}
[INFO ] 2019-03-17T16:17:59,726Z [main] internal.Node.registerInitiatedFlowInternal - Registered com.template.flows.HouseRegisterFlow$Initiator to initiate com.template.flows.HouseRegisterFlow$Reciever (version 1) {}
[INFO ] 2019-03-17T16:18:03,234Z [main] plugin.PluginManager.getPlugins - Loaded plugin Plugin[type=SSHPlugin,interface=SSHPlugin] {}
[INFO ] 2019-03-17T16:18:03,265Z [main] plugin.PluginManager.getPlugins - Loaded plugin Plugin[type=SSHInlinePlugin,interface=CommandPlugin] {}
[INFO ] 2019-03-17T16:18:03,270Z [main] plugin.PluginManager.getPlugins - Loaded plugin Plugin[type=KeyAuthenticationPlugin,interface=KeyAuthenticationPlugin] {}
[INFO ] 2019-03-17T16:18:03,287Z [main] plugin.PluginManager.getPlugins - Loaded plugin Plugin[type=CRaSHShellFactory,interface=ShellFactory] {}
[INFO ] 2019-03-17T16:18:03,305Z [main] plugin.PluginManager.getPlugins - Loaded plugin Plugin[type=GroovyLanguageProxy,interface=Language] {}
[INFO ] 2019-03-17T16:18:03,308Z [main] plugin.PluginManager.getPlugins - Loaded plugin Plugin[type=JavaLanguage,interface=Language] {}
[INFO ] 2019-03-17T16:18:03,309Z [main] plugin.PluginManager.getPlugins - Loaded plugin Plugin[type=ScriptLanguage,interface=Language] {}
[INFO ] 2019-03-17T16:18:03,312Z [main] plugin.PluginManager.getPlugins - Loaded plugin Plugin[type=JaasAuthenticationPlugin,interface=AuthenticationPlugin] {}
[INFO ] 2019-03-17T16:18:03,335Z [main] plugin.PluginManager.getPlugins - Loaded plugin Plugin[type=SimpleAuthenticationPlugin,interface=AuthenticationPlugin] {}
[INFO ] 2019-03-17T16:18:03,365Z [main] ssh.SSHPlugin.init - Could not boot SSHD due to missing due to missing port configuration {}
[INFO ] 2019-03-17T16:18:03,366Z [main] plugin.PluginManager.getPlugins - Initialized plugin Plugin[type=SSHPlugin,interface=SSHPlugin] {}
[INFO ] 2019-03-17T16:18:03,367Z [main] plugin.PluginManager.getPlugins - Initialized plugin Plugin[type=SSHInlinePlugin,interface=CommandPlugin] {}
[INFO ] 2019-03-17T16:18:03,374Z [main] plugin.PluginManager.getPlugins - Initialized plugin Plugin[type=KeyAuthenticationPlugin,interface=KeyAuthenticationPlugin] {}
[INFO ] 2019-03-17T16:18:03,496Z [main] plugin.PluginManager.getPlugins - Initialized plugin Plugin[type=GroovyLanguageProxy,interface=Language] {}
[INFO ] 2019-03-17T16:18:03,497Z [main] plugin.PluginManager.getPlugins - Initialized plugin Plugin[type=ScriptLanguage,interface=Language] {}
[INFO ] 2019-03-17T16:18:03,525Z [main] plugin.PluginManager.getPlugins - Initialized plugin Plugin[type=CRaSHShellFactory,interface=ShellFactory] {}
[INFO ] 2019-03-17T16:18:03,557Z [main] plugin.PluginManager.getPlugins - Initialized plugin Plugin[type=JaasAuthenticationPlugin,interface=AuthenticationPlugin] {}
[INFO ] 2019-03-17T16:18:03,558Z [main] plugin.PluginManager.getPlugins - Initialized plugin Plugin[type=SimpleAuthenticationPlugin,interface=AuthenticationPlugin] {}
[INFO ] 2019-03-17T16:18:03,559Z [main] plugin.PluginManager.getPlugins - Initialized plugin Plugin[type=CordaAuthenticationPlugin,interface=AuthenticationPlugin] {}
[WARN ] 2019-03-17T16:18:09,486Z [main] utilities.AppendOnlyPersistentMapBase.set - Double insert in net.corda.node.utilities.AppendOnlyPersistentMap for entity class class net.corda.node.services.identity.PersistentIdentityService$PersistentIdentity key 2ED1DF397F5F0CB201FF502D9CD0B559057DC7C2E76E123951E8B6AC299078C1, not inserting the second time {}
[INFO ] 2019-03-17T16:18:09,518Z [main] messaging.P2PMessagingClient.updateBridgesOnNetworkChange - Updating bridges on network map change: NodeInfo(addresses=[localhost:10002], legalIdentitiesAndCerts=[O=Notary, L=London, C=GB], platformVersion=3, serial=1552839457186) {}
[INFO ] 2019-03-17T16:18:10,202Z [main] BasicInfo.printBasicNodeInfo - Loaded CorDapps                         : cordapp-0.1, cordapp-contracts-states-0.1, cordapp-flow-experiments-0.1, corda-core-3.3-corda {}
[INFO ] 2019-03-17T16:18:10,223Z [RxIoScheduler-2] network.PersistentNetworkMapCache.addNode - Adding node with info: NodeInfo(addresses=[localhost:10011], legalIdentitiesAndCerts=[O=PartyC, L=New York, C=US], platformVersion=3, serial=1552839289838) {}
[INFO ] 2019-03-17T16:18:10,266Z [main] BasicInfo.printBasicNodeInfo - Node for "Notary" started up and registered in 82.44 sec {}
[INFO ] 2019-03-17T16:18:10,278Z [RxIoScheduler-2] network.PersistentNetworkMapCache.addNode - No previous node found {}
[INFO ] 2019-03-17T16:18:10,541Z [RxIoScheduler-2] messaging.P2PMessagingClient.updateBridgesOnNetworkChange - Updating bridges on network map change: NodeInfo(addresses=[localhost:10011], legalIdentitiesAndCerts=[O=PartyC, L=New York, C=US], platformVersion=3, serial=1552839289838) {}
[INFO ] 2019-03-17T16:18:10,575Z [RxIoScheduler-2] network.PersistentNetworkMapCache.addNode - Done adding node with info: NodeInfo(addresses=[localhost:10011], legalIdentitiesAndCerts=[O=PartyC, L=New York, C=US], platformVersion=3, serial=1552839289838) {}
[INFO ] 2019-03-17T16:18:10,576Z [RxIoScheduler-2] network.PersistentNetworkMapCache.addNode - Adding node with info: NodeInfo(addresses=[localhost:10008], legalIdentitiesAndCerts=[O=PartyB, L=New York, C=US], platformVersion=3, serial=1552839292394) {}
[INFO ] 2019-03-17T16:18:10,579Z [RxIoScheduler-2] network.PersistentNetworkMapCache.addNode - No previous node found {}
[INFO ] 2019-03-17T16:18:10,807Z [RxIoScheduler-2] messaging.P2PMessagingClient.updateBridgesOnNetworkChange - Updating bridges on network map change: NodeInfo(addresses=[localhost:10008], legalIdentitiesAndCerts=[O=PartyB, L=New York, C=US], platformVersion=3, serial=1552839292394) {}
[INFO ] 2019-03-17T16:18:10,870Z [RxIoScheduler-2] network.PersistentNetworkMapCache.addNode - Done adding node with info: NodeInfo(addresses=[localhost:10008], legalIdentitiesAndCerts=[O=PartyB, L=New York, C=US], platformVersion=3, serial=1552839292394) {}
[INFO ] 2019-03-17T16:18:10,871Z [RxIoScheduler-2] network.PersistentNetworkMapCache.addNode - Adding node with info: NodeInfo(addresses=[localhost:10005], legalIdentitiesAndCerts=[O=PartyA, L=London, C=GB], platformVersion=3, serial=1552839293459) {}
[INFO ] 2019-03-17T16:18:10,890Z [RxIoScheduler-2] network.PersistentNetworkMapCache.addNode - No previous node found {}
[INFO ] 2019-03-17T16:18:11,136Z [RxIoScheduler-2] messaging.P2PMessagingClient.updateBridgesOnNetworkChange - Updating bridges on network map change: NodeInfo(addresses=[localhost:10005], legalIdentitiesAndCerts=[O=PartyA, L=London, C=GB], platformVersion=3, serial=1552839293459) {}
[INFO ] 2019-03-17T16:18:11,203Z [RxIoScheduler-2] network.PersistentNetworkMapCache.addNode - Done adding node with info: NodeInfo(addresses=[localhost:10005], legalIdentitiesAndCerts=[O=PartyA, L=London, C=GB], platformVersion=3, serial=1552839293459) {}
[INFO ] 2019-03-17T16:18:11,204Z [RxIoScheduler-2] network.PersistentNetworkMapCache.addNode - Adding node with info: NodeInfo(addresses=[localhost:10002], legalIdentitiesAndCerts=[O=Notary, L=London, C=GB], platformVersion=3, serial=1552839291842) {}
[INFO ] 2019-03-17T16:18:11,825Z [RxIoScheduler-2] network.PersistentNetworkMapCache.addNode - Discarding older nodeInfo for O=Notary, L=London, C=GB {}
[INFO ] 2019-03-17T16:18:11,994Z [main] messaging.RPCServer.start - Starting RPC server with configuration RPCServerConfiguration(rpcThreadPoolSize=4, reapInterval=PT1S, deduplicationCacheExpiry=PT24H) {}
[INFO ] 2019-03-17T16:24:04,003Z [Thread-1 (ActiveMQ-client-global-threads)] messaging.P2PMessagingClient.artemisToCordaMessage - Received message from: p2p.inbound.DL49mNDzkyCNVWxeuZFJvxKqFbP6noE2Nx85VfkCTz21RS user: O=PartyB, L=New York, C=US topic: platform.session uuid: 7e92ae3f-1125-4b8d-b913-472d0f7d9e5c {}
[INFO ] 2019-03-17T16:24:04,339Z [Node thread-1] statemachine.StateMachineManagerImpl.onSessionInit - Accepting flow session from party O=PartyB, L=New York, C=US. Session id for tracing purposes is SessionId(toLong=-7739503784427134618). {invocation_id=c0e556f7-7793-4a05-a3ac-bb58344789c2, invocation_timestamp=2019-03-17T16:24:04.206Z, session_id=c0e556f7-7793-4a05-a3ac-bb58344789c2, session_timestamp=2019-03-17T16:24:04.206Z}
[INFO ] 2019-03-17T16:24:05,050Z [Messaging DL49mNDzkyCNVWxeuZFJvxKqFbP6noE2Nx85VfkCTz21RS] messaging.P2PMessagingClient.createQueueIfAbsent - Create fresh queue internal.peers.DLDKtzfSFJM2w9QLjTTMFzFuRRM7FTPBTgts5ZhTTXw1bo bound on same address {}
[INFO ] 2019-03-17T16:24:05,309Z [Thread-2 (ActiveMQ-client-global-threads)] bridging.BridgeControlListener.processControlMessage - Received bridge control message Create(nodeIdentity=DL49mNDzkyCNVWxeuZFJvxKqFbP6noE2Nx85VfkCTz21RS, bridgeInfo=BridgeEntry(queueName=internal.peers.DLDKtzfSFJM2w9QLjTTMFzFuRRM7FTPBTgts5ZhTTXw1bo, targets=[localhost:10008], legalNames=[O=PartyB, L=New York, C=US])) {}
[INFO ] 2019-03-17T16:24:05,406Z [Thread-2 (ActiveMQ-client-global-threads)] peers.DLDKtzfSFJM2w9QLjTTMFzFuRRM7FTPBTgts5ZhTTXw1bo -> localhost:10008:O=PartyB, L=New York, C=US.start - Create new AMQP bridge {}
[INFO ] 2019-03-17T16:24:05,408Z [Thread-2 (ActiveMQ-client-global-threads)] netty.AMQPClient.start - connect to: localhost:10008 {}
[INFO ] 2019-03-17T16:24:05,622Z [nioEventLoopGroup-2-1] netty.AMQPClient.operationComplete - Connected to localhost:10008 {}
[INFO ] 2019-03-17T16:24:05,671Z [nioEventLoopGroup-2-1] O=PartyB, L=New York, C=US.channelActive - New client connection f36bd0f6 from localhost/127.0.0.1:10008 to /127.0.0.1:39796 {}
[INFO ] 2019-03-17T16:24:05,923Z [nioEventLoopGroup-2-1] netty.LoggingTrustManagerWrapper.checkServerTrusted - Check Server Certpath:
  C=US,L=New York,O=PartyB[84CBB1ED28A8CC38A1235D05294F0876D3F205E3] issued by C=US,L=New York,O=PartyB[null]
  C=US,L=New York,O=PartyB[99BEDF77DC2D578B34AAAF5FD68615467F9A19FD] issued by C=US,L=New York,OU=Corda,O=R3 HoldCo LLC,CN=Corda Doorman CA[null]
  C=US,L=New York,OU=Corda,O=R3 HoldCo LLC,CN=Corda Doorman CA[EBEE2E30152940AE19981ED86FE37D7F07A2C213] issued by CN=Corda Node Root CA,O=R3,OU=corda,L=London,C=UK[7CAEA9DFB948012B13890B9AE645851C39170773]
  CN=Corda Node Root CA,O=R3,OU=corda,L=London,C=UK[7CAEA9DFB948012B13890B9AE645851C39170773] issued by CN=Corda Node Root CA,O=R3,OU=corda,L=London,C=UK[null] {}
[INFO ] 2019-03-17T16:24:06,028Z [nioEventLoopGroup-2-1] O=PartyB, L=New York, C=US.userEventTriggered - Handshake completed with subject: O=PartyB, L=New York, C=US {}
[INFO ] 2019-03-17T16:24:06,097Z [nioEventLoopGroup-2-1] peers.DLDKtzfSFJM2w9QLjTTMFzFuRRM7FTPBTgts5ZhTTXw1bo -> localhost:10008:O=PartyB, L=New York, C=US.onSocketConnected - Bridge Connected {}
[INFO ] 2019-03-17T16:24:06,118Z [nioEventLoopGroup-2-1] O=Notary, L=London, C=GB.onConnectionLocalOpen - Connection local open org.apache.qpid.proton.engine.impl.ConnectionImpl@5721b70c {}
[INFO ] 2019-03-17T16:26:02,704Z [Thread-7] BasicInfo.printBasicNodeInfo - Shutting down ... {}
[INFO ] 2019-03-17T16:26:03,226Z [main] internal.Node.run - Node exiting successfully {}
[INFO ] 2019-03-17T16:26:03,301Z [Thread-7] peers.DLDKtzfSFJM2w9QLjTTMFzFuRRM7FTPBTgts5ZhTTXw1bo -> localhost:10008:O=PartyB, L=New York, C=US.stop - Stopping AMQP bridge {}
[INFO ] 2019-03-17T16:26:03,307Z [Thread-7] netty.AMQPClient.stop - disconnect from: localhost:10008 {}
[INFO ] 2019-03-17T16:26:03,309Z [nioEventLoopGroup-2-1] netty.AMQPClient.operationComplete - Disconnected from localhost:10008 {}
[INFO ] 2019-03-17T16:26:03,311Z [Thread-7] netty.AMQPClient.stop - stopped connection to localhost:10008 {}
[INFO ] 2019-03-17T16:26:03,311Z [nioEventLoopGroup-2-1] O=PartyB, L=New York, C=US.channelInactive - Closed client connection f36bd0f6 from localhost/127.0.0.1:10008 to /127.0.0.1:39796 {}
[INFO ] 2019-03-17T16:26:03,311Z [nioEventLoopGroup-2-1] peers.DLDKtzfSFJM2w9QLjTTMFzFuRRM7FTPBTgts5ZhTTXw1bo -> localhost:10008:O=PartyB, L=New York, C=US.onSocketConnected - Bridge Disconnected {}
[INFO ] 2019-03-17T16:26:03,312Z [nioEventLoopGroup-2-1] O=Notary, L=London, C=GB.onConnectionLocalClose - Connection local close org.apache.qpid.proton.engine.impl.ConnectionImpl@5721b70c {}
[INFO ] 2019-03-17T16:26:03,315Z [nioEventLoopGroup-2-1] O=Notary, L=London, C=GB.onTransportError - Transport Error TransportImpl [_connectionEndpoint=org.apache.qpid.proton.engine.impl.ConnectionImpl@5721b70c, org.apache.qpid.proton.engine.impl.TransportImpl@397c9dcc] {}
[INFO ] 2019-03-17T16:26:03,315Z [nioEventLoopGroup-2-1] O=Notary, L=London, C=GB.onTransportError - Error: connection aborted {}
[INFO ] 2019-03-17T16:26:07,006Z [Thread-7] pool.HikariPool.shutdown - HikariPool-1 - Close initiated... {}
[INFO ] 2019-03-17T16:26:07,028Z [Thread-7] pool.HikariPool.shutdown - HikariPool-1 - Closed. {}
[INFO ] 2019-03-17T16:26:07,031Z [Thread-7] internal.Node.stop - Shutdown complete {}
