[INFO ] 2019-03-10T04:34:04,245Z [main] manifests.Manifests.info - 111 attributes loaded from 123 stream(s) in 8s, 111 saved, 1956 ignored: ["ActiveMQ-Version", "Agent-Class", "Ant-Version", "Application-Class", "Application-Library-Allowable-Codebase", "Application-Name", "Application-Version", "Archiver-Version", "Automatic-Module-Name", "Bnd-LastModified", "Branch", "Build-Date", "Build-Host", "Build-Id", "Build-Java-Version", "Build-Jdk", "Build-Job", "Build-Number", "Build-Timestamp", "Built-By", "Built-OS", "Built-Status", "Bundle-Activator", "Bundle-Category", "Bundle-ClassPath", "Bundle-Copyright", "Bundle-Description", "Bundle-DocURL", "Bundle-License", "Bundle-ManifestVersion", "Bundle-Name", "Bundle-RequiredExecutionEnvironment", "Bundle-SymbolicName", "Bundle-Vendor", "Bundle-Version", "Caller-Allowable-Codebase", "Can-Redefine-Classes", "Can-Retransform-Classes", "Can-Set-Native-Method-Prefix", "Caplets", "Change", "Codebase", "Corda-Platform-Version", "Corda-Release-Version", "Corda-Revision", "Corda-Vendor", "Created-By", "DynamicImport-Package", "Eclipse-BuddyPolicy", "Eclipse-LazyStart", "Export-Package", "Extension-Name", "Fragment-Host", "Gradle-Version", "Ignore-Package", "Implementation-Build", "Implementation-Build-Date", "Implementation-Title", "Implementation-URL", "Implementation-Url", "Implementation-Vendor", "Implementation-Vendor-Id", "Implementation-Version", "Import-Package", "Include-Resource", "JCabi-Build", "JCabi-Date", "JCabi-Version", "JVM-Args", "Java-Agents", "Java-Vendor", "Java-Version", "Kotlin-Runtime-Component", "Kotlin-Version", "Log4jReleaseKey", "Log4jReleaseManager", "Log4jReleaseVersion", "Main-Class", "Main-class", "Manifest-Version", "Min-Java-Version", "Min-Update-Version", "Module-Email", "Module-Origin", "Module-Owner", "Module-Source", "Multi-Release", "Originally-Created-By", "Os-Arch", "Os-Name", "Os-Version", "Package", "Permissions", "Premain-Class", "Private-Package", "Provide-Capability", "Require-Capability", "SCM-Revision", "SCM-url", "Scm-Connection", "Scm-Revision", "Scm-Url", "Service-Component", "Specification-Title", "Specification-Vendor", "Specification-Version", "System-Properties", "Tool", "Trusted-Library", "X-Compile-Source-JDK", "X-Compile-Target-JDK"] {}
[INFO ] 2019-03-10T04:34:05,282Z [main] BasicInfo.printBasicNodeInfo - Logs can be found in                    : /home/bg/Blockchain/corda/myprojects/samples/cordapp-template-kotlin/build/nodes/PartyB/logs {}
[INFO ] 2019-03-10T04:34:05,956Z [main] config.ConfigHelper.loadConfig - Config:
{
    # reference.conf @ jar:file:/home/bg/Blockchain/corda/myprojects/samples/cordapp-template-kotlin/build/nodes/PartyB/corda.jar!/reference.conf: 20
    "activeMQServer" : {
        # reference.conf @ jar:file:/home/bg/Blockchain/corda/myprojects/samples/cordapp-template-kotlin/build/nodes/PartyB/corda.jar!/reference.conf: 21
        "bridge" : {
            # reference.conf @ jar:file:/home/bg/Blockchain/corda/myprojects/samples/cordapp-template-kotlin/build/nodes/PartyB/corda.jar!/reference.conf: 24
            "maxRetryIntervalMin" : 3,
            # reference.conf @ jar:file:/home/bg/Blockchain/corda/myprojects/samples/cordapp-template-kotlin/build/nodes/PartyB/corda.jar!/reference.conf: 22
            "retryIntervalMs" : 5000,
            # reference.conf @ jar:file:/home/bg/Blockchain/corda/myprojects/samples/cordapp-template-kotlin/build/nodes/PartyB/corda.jar!/reference.conf: 23
            "retryIntervalMultiplier" : 1.5
        }
    },
    # hardcoded value
    "baseDirectory" : "/home/bg/Blockchain/corda/myprojects/samples/cordapp-template-kotlin/build/nodes/PartyB",
    # merge of reference.conf @ jar:file:/home/bg/Blockchain/corda/myprojects/samples/cordapp-template-kotlin/build/nodes/PartyB/corda.jar!/reference.conf: 6,reference.conf @ jar:file:/home/bg/Blockchain/corda/myprojects/samples/cordapp-template-kotlin/build/nodes/.cache/apps/net.corda.node.Corda_3.3-corda/corda-node-3.3-corda.jar!/reference.conf: 6
    "dataSourceProperties" : {
        # reference.conf @ jar:file:/home/bg/Blockchain/corda/myprojects/samples/cordapp-template-kotlin/build/nodes/PartyB/corda.jar!/reference.conf: 10
        "dataSource.password" : "",
        # merge of reference.conf @ jar:file:/home/bg/Blockchain/corda/myprojects/samples/cordapp-template-kotlin/build/nodes/PartyB/corda.jar!/reference.conf: 8,hardcoded value,reference.conf @ jar:file:/home/bg/Blockchain/corda/myprojects/samples/cordapp-template-kotlin/build/nodes/PartyB/corda.jar!/reference.conf: 8,reference.conf @ jar:file:/home/bg/Blockchain/corda/myprojects/samples/cordapp-template-kotlin/build/nodes/PartyB/corda.jar!/reference.conf: 17
        "dataSource.url" : "jdbc:h2:file:/home/bg/Blockchain/corda/myprojects/samples/cordapp-template-kotlin/build/nodes/PartyB/persistence;DB_CLOSE_ON_EXIT=FALSE;LOCK_TIMEOUT=10000;WRITE_DELAY=100;AUTO_SERVER_PORT=0",
        # reference.conf @ jar:file:/home/bg/Blockchain/corda/myprojects/samples/cordapp-template-kotlin/build/nodes/PartyB/corda.jar!/reference.conf: 9
        "dataSource.user" : "sa",
        # reference.conf @ jar:file:/home/bg/Blockchain/corda/myprojects/samples/cordapp-template-kotlin/build/nodes/PartyB/corda.jar!/reference.conf: 7
        "dataSourceClassName" : "org.h2.jdbcx.JdbcDataSource"
    },
    # reference.conf @ jar:file:/home/bg/Blockchain/corda/myprojects/samples/cordapp-template-kotlin/build/nodes/PartyB/corda.jar!/reference.conf: 12
    "database" : {
        # reference.conf @ jar:file:/home/bg/Blockchain/corda/myprojects/samples/cordapp-template-kotlin/build/nodes/PartyB/corda.jar!/reference.conf: 14
        "exportHibernateJMXStatistics" : "false",
        # reference.conf @ jar:file:/home/bg/Blockchain/corda/myprojects/samples/cordapp-template-kotlin/build/nodes/PartyB/corda.jar!/reference.conf: 13
        "transactionIsolationLevel" : "REPEATABLE_READ"
    },
    # reference.conf @ jar:file:/home/bg/Blockchain/corda/myprojects/samples/cordapp-template-kotlin/build/nodes/PartyB/corda.jar!/reference.conf: 16
    "devMode" : true,
    # reference.conf @ jar:file:/home/bg/Blockchain/corda/myprojects/samples/cordapp-template-kotlin/build/nodes/PartyB/corda.jar!/reference.conf: 2
    "emailAddress" : "admin@company.com",
    # reference.conf @ jar:file:/home/bg/Blockchain/corda/myprojects/samples/cordapp-template-kotlin/build/nodes/PartyB/corda.jar!/reference.conf: 3
    "exportJMXto" : "http",
    # reference.conf @ jar:file:/home/bg/Blockchain/corda/myprojects/samples/cordapp-template-kotlin/build/nodes/PartyB/corda.jar!/reference.conf: 31
    "flowTimeout" : {
        # reference.conf @ jar:file:/home/bg/Blockchain/corda/myprojects/samples/cordapp-template-kotlin/build/nodes/PartyB/corda.jar!/reference.conf: 34
        "backoffBase" : 1.8,
        # reference.conf @ jar:file:/home/bg/Blockchain/corda/myprojects/samples/cordapp-template-kotlin/build/nodes/PartyB/corda.jar!/reference.conf: 33
        "maxRestartCount" : 5,
        # reference.conf @ jar:file:/home/bg/Blockchain/corda/myprojects/samples/cordapp-template-kotlin/build/nodes/PartyB/corda.jar!/reference.conf: 32
        "timeout" : "30 seconds"
    },
    # reference.conf @ jar:file:/home/bg/Blockchain/corda/myprojects/samples/cordapp-template-kotlin/build/nodes/PartyB/corda.jar!/reference.conf: 17
    "h2port" : 0,
    # reference.conf @ jar:file:/home/bg/Blockchain/corda/myprojects/samples/cordapp-template-kotlin/build/nodes/PartyB/corda.jar!/reference.conf: 4
    "keyStorePassword" : "cordacadevpass",
    # /home/bg/Blockchain/corda/myprojects/samples/cordapp-template-kotlin/build/nodes/PartyB/node.conf: 1
    "myLegalName" : "O=PartyB,L=New York,C=US",
    # hardcoded value
    "noLocalShell" : false,
    # /home/bg/Blockchain/corda/myprojects/samples/cordapp-template-kotlin/build/nodes/PartyB/node.conf: 2
    "p2pAddress" : "localhost:10008",
    # merge of /home/bg/Blockchain/corda/myprojects/samples/cordapp-template-kotlin/build/nodes/PartyB/node.conf: 3,reference.conf @ jar:file:/home/bg/Blockchain/corda/myprojects/samples/cordapp-template-kotlin/build/nodes/PartyB/corda.jar!/reference.conf: 27
    "rpcSettings" : {
        # /home/bg/Blockchain/corda/myprojects/samples/cordapp-template-kotlin/build/nodes/PartyB/node.conf: 4
        "address" : "localhost:10009",
        # /home/bg/Blockchain/corda/myprojects/samples/cordapp-template-kotlin/build/nodes/PartyB/node.conf: 5
        "adminAddress" : "localhost:10049",
        # reference.conf @ jar:file:/home/bg/Blockchain/corda/myprojects/samples/cordapp-template-kotlin/build/nodes/PartyB/corda.jar!/reference.conf: 29
        "standAloneBroker" : false,
        # reference.conf @ jar:file:/home/bg/Blockchain/corda/myprojects/samples/cordapp-template-kotlin/build/nodes/PartyB/corda.jar!/reference.conf: 28
        "useSsl" : false
    },
    # /home/bg/Blockchain/corda/myprojects/samples/cordapp-template-kotlin/build/nodes/PartyB/node.conf: 7
    "rpcUsers" : [
        # /home/bg/Blockchain/corda/myprojects/samples/cordapp-template-kotlin/build/nodes/PartyB/node.conf: 8
        {
            # /home/bg/Blockchain/corda/myprojects/samples/cordapp-template-kotlin/build/nodes/PartyB/node.conf: 9
            "password" : "test",
            # /home/bg/Blockchain/corda/myprojects/samples/cordapp-template-kotlin/build/nodes/PartyB/node.conf: 10
            "permissions" : [
                # /home/bg/Blockchain/corda/myprojects/samples/cordapp-template-kotlin/build/nodes/PartyB/node.conf: 11
                "ALL"
            ],
            # /home/bg/Blockchain/corda/myprojects/samples/cordapp-template-kotlin/build/nodes/PartyB/node.conf: 13
            "user" : "user1"
        }
    ],
    # reference.conf @ jar:file:/home/bg/Blockchain/corda/myprojects/samples/cordapp-template-kotlin/build/nodes/PartyB/corda.jar!/reference.conf: 5
    "trustStorePassword" : "trustpass",
    # reference.conf @ jar:file:/home/bg/Blockchain/corda/myprojects/samples/cordapp-template-kotlin/build/nodes/PartyB/corda.jar!/reference.conf: 18
    "useTestClock" : false,
    # reference.conf @ jar:file:/home/bg/Blockchain/corda/myprojects/samples/cordapp-template-kotlin/build/nodes/PartyB/corda.jar!/reference.conf: 19
    "verifierType" : "InMemory"
}
 {}
[WARN ] 2019-03-10T04:34:11,958Z [main] internal.config.defaultToOldPath - Config key user has been deprecated and will be removed in a future release. Use username instead {}
[INFO ] 2019-03-10T04:34:12,395Z [main] internal.Node.logStartupInfo - Vendor: Corda Open Source {}
[INFO ] 2019-03-10T04:34:12,395Z [main] internal.Node.logStartupInfo - Release: 3.3-corda {}
[INFO ] 2019-03-10T04:34:12,396Z [main] internal.Node.logStartupInfo - Platform Version: 3 {}
[INFO ] 2019-03-10T04:34:12,396Z [main] internal.Node.logStartupInfo - Revision: c834162cd488784a0412bba4c9e638da89912ac2 {}
[INFO ] 2019-03-10T04:34:12,397Z [main] internal.Node.logStartupInfo - PID: 12323 {}
[INFO ] 2019-03-10T04:34:12,397Z [main] internal.Node.logStartupInfo - Main class: /home/bg/Blockchain/corda/myprojects/samples/cordapp-template-kotlin/build/nodes/.cache/apps/net.corda.node.Corda_3.3-corda/corda-node-3.3-corda.jar {}
[INFO ] 2019-03-10T04:34:12,398Z [main] internal.Node.logStartupInfo - CommandLine Args: -Xmx200m -XX:+UseG1GC -javaagent:/home/bg/Blockchain/corda/myprojects/samples/cordapp-template-kotlin/build/nodes/.cache/apps/net.corda.node.Corda_3.3-corda/quasar-core-0.7.9-jdk8.jar=x(antlr**;bftsmart**;ch**;co.paralleluniverse**;com.codahale**;com.esotericsoftware**;com.fasterxml**;com.google**;com.ibm**;com.intellij**;com.jcabi**;com.nhaarman**;com.opengamma**;com.typesafe**;com.zaxxer**;de.javakaffee**;groovy**;groovyjarjarantlr**;groovyjarjarasm**;io.atomix**;io.github**;io.netty**;jdk**;joptsimple**;junit**;kotlin**;net.bytebuddy**;net.i2p**;org.apache**;org.assertj**;org.bouncycastle**;org.codehaus**;org.crsh**;org.dom4j**;org.fusesource**;org.h2**;org.hamcrest**;org.hibernate**;org.jboss**;org.jcp**;org.joda**;org.junit**;org.mockito**;org.objectweb**;org.objenesis**;org.slf4j**;org.w3c**;org.xml**;org.yaml**;reflectasm**;rx**;org.jolokia**) -Dvisualvm.display.name=Corda -Djava.library.path=/usr/java/packages/lib/amd64:/usr/lib64:/lib64:/lib:/usr/lib:/home/bg/Blockchain/corda/myprojects/samples/cordapp-template-kotlin/build/nodes/.cache/apps/net.corda.node.Corda_3.3-corda -Dcapsule.app=net.corda.node.Corda_3.3-corda -Dcapsule.dir=/home/bg/Blockchain/corda/myprojects/samples/cordapp-template-kotlin/build/nodes/.cache/apps/net.corda.node.Corda_3.3-corda -Dcapsule.jar=/home/bg/Blockchain/corda/myprojects/samples/cordapp-template-kotlin/build/nodes/PartyB/corda.jar {}
[INFO ] 2019-03-10T04:34:12,398Z [main] internal.Node.logStartupInfo - Application Args: --just-generate-node-info {}
[INFO ] 2019-03-10T04:34:12,399Z [main] internal.Node.logStartupInfo - bootclasspath: /usr/lib/jvm/java-8-oracle/jre/lib/resources.jar:/usr/lib/jvm/java-8-oracle/jre/lib/rt.jar:/usr/lib/jvm/java-8-oracle/jre/lib/sunrsasign.jar:/usr/lib/jvm/java-8-oracle/jre/lib/jsse.jar:/usr/lib/jvm/java-8-oracle/jre/lib/jce.jar:/usr/lib/jvm/java-8-oracle/jre/lib/charsets.jar:/usr/lib/jvm/java-8-oracle/jre/lib/jfr.jar:/usr/lib/jvm/java-8-oracle/jre/classes {}
[INFO ] 2019-03-10T04:34:12,400Z [main] internal.Node.logStartupInfo - classpath: /home/bg/Blockchain/corda/myprojects/samples/cordapp-template-kotlin/build/nodes/PartyB/corda.jar:/home/bg/Blockchain/corda/myprojects/samples/cordapp-template-kotlin/build/nodes/.cache/apps/net.corda.node.Corda_3.3-corda/corda-rpc-3.3-corda.jar:/home/bg/Blockchain/corda/myprojects/samples/cordapp-template-kotlin/build/nodes/.cache/apps/net.corda.node.Corda_3.3-corda/corda-node-api-3.3-corda.jar:/home/bg/Blockchain/corda/myprojects/samples/cordapp-template-kotlin/build/nodes/.cache/apps/net.corda.node.Corda_3.3-corda/corda-confidential-identities-3.3-corda.jar:/home/bg/Blockchain/corda/myprojects/samples/cordapp-template-kotlin/build/nodes/.cache/apps/net.corda.node.Corda_3.3-corda/cordform-common-3.2.1.jar:/home/bg/Blockchain/corda/myprojects/samples/cordapp-template-kotlin/build/nodes/.cache/apps/net.corda.node.Corda_3.3-corda/log4j-slf4j-impl-2.9.1.jar:/home/bg/Blockchain/corda/myprojects/samples/cordapp-template-kotlin/build/nodes/.cache/apps/net.corda.node.Corda_3.3-corda/log4j-web-2.9.1.jar:/home/bg/Blockchain/corda/myprojects/samples/cordapp-template-kotlin/build/nodes/.cache/apps/net.corda.node.Corda_3.3-corda/jul-to-slf4j-1.7.25.jar:/home/bg/Blockchain/corda/myprojects/samples/cordapp-template-kotlin/build/nodes/.cache/apps/net.corda.node.Corda_3.3-corda/corda-jackson-3.3-corda.jar:/home/bg/Blockchain/corda/myprojects/samples/cordapp-template-kotlin/build/nodes/.cache/apps/net.corda.node.Corda_3.3-corda/corda-core-3.3-corda.jar:/home/bg/Blockchain/corda/myprojects/samples/cordapp-template-kotlin/build/nodes/.cache/apps/net.corda.node.Corda_3.3-corda/kotlin-stdlib-jre8-1.1.60.jar:/home/bg/Blockchain/corda/myprojects/samples/cordapp-template-kotlin/build/nodes/.cache/apps/net.corda.node.Corda_3.3-corda/jackson-module-kotlin-2.9.2.jar:/home/bg/Blockchain/corda/myprojects/samples/cordapp-template-kotlin/build/nodes/.cache/apps/net.corda.node.Corda_3.3-corda/kotlin-reflect-1.1.60.jar:/home/bg/Blockchain/corda/myprojects/samples/cordapp-template-kotlin/build/nodes/.cache/apps/net.corda.node.Corda_3.3-corda/jimfs-1.1.jar:/home/bg/Blockchain/corda/myprojects/samples/cordapp-template-kotlin/build/nodes/.cache/apps/net.corda.node.Corda_3.3-corda/artemis-amqp-protocol-2.2.0.jar:/home/bg/Blockchain/corda/myprojects/samples/cordapp-template-kotlin/build/nodes/.cache/apps/net.corda.node.Corda_3.3-corda/artemis-server-2.2.0.jar:/home/bg/Blockchain/corda/myprojects/samples/cordapp-template-kotlin/build/nodes/.cache/apps/net.corda.node.Corda_3.3-corda/artemis-jdbc-store-2.2.0.jar:/home/bg/Blockchain/corda/myprojects/samples/cordapp-template-kotlin/build/nodes/.cache/apps/net.corda.node.Corda_3.3-corda/artemis-jms-client-2.2.0.jar:/home/bg/Blockchain/corda/myprojects/samples/cordapp-template-kotlin/build/nodes/.cache/apps/net.corda.node.Corda_3.3-corda/artemis-core-client-2.2.0.jar:/home/bg/Blockchain/corda/myprojects/samples/cordapp-template-kotlin/build/nodes/.cache/apps/net.corda.node.Corda_3.3-corda/artemis-journal-2.2.0.jar:/home/bg/Blockchain/corda/myprojects/samples/cordapp-template-kotlin/build/nodes/.cache/apps/net.corda.node.Corda_3.3-corda/artemis-commons-2.2.0.jar:/home/bg/Blockchain/corda/myprojects/samples/cordapp-template-kotlin/build/nodes/.cache/apps/net.corda.node.Corda_3.3-corda/guava-21.0.jar:/home/bg/Blockchain/corda/myprojects/samples/cordapp-template-kotlin/build/nodes/.cache/apps/net.corda.node.Corda_3.3-corda/jopt-simple-5.0.2.jar:/home/bg/Blockchain/corda/myprojects/samples/cordapp-template-kotlin/build/nodes/.cache/apps/net.corda.node.Corda_3.3-corda/commons-collections4-4.1.jar:/home/bg/Blockchain/corda/myprojects/samples/cordapp-template-kotlin/build/nodes/.cache/apps/net.corda.node.Corda_3.3-corda/shiro-core-1.4.0.jar:/home/bg/Blockchain/corda/myprojects/samples/cordapp-template-kotlin/build/nodes/.cache/apps/net.corda.node.Corda_3.3-corda/shiro-config-ogdl-1.4.0.jar:/home/bg/Blockchain/corda/myprojects/samples/cordapp-template-kotlin/build/nodes/.cache/apps/net.corda.node.Corda_3.3-corda/commons-beanutils-1.9.3.jar:/home/bg/Blockchain/corda/myprojects/samples/cordapp-template-kotlin/build/nodes/.cache/apps/net.corda.node.Corda_3.3-corda/jansi-1.14.jar:/home/bg/Blockchain/corda/myprojects/samples/cordapp-template-kotlin/build/nodes/.cache/apps/net.corda.node.Corda_3.3-corda/jcabi-manifests-1.1.jar:/home/bg/Blockchain/corda/myprojects/samples/cordapp-template-kotlin/build/nodes/.cache/apps/net.corda.node.Corda_3.3-corda/forms_rt-7.0.3.jar:/home/bg/Blockchain/corda/myprojects/samples/cordapp-template-kotlin/build/nodes/.cache/apps/net.corda.node.Corda_3.3-corda/metrics-core-3.1.2.jar:/home/bg/Blockchain/corda/myprojects/samples/cordapp-template-kotlin/build/nodes/.cache/apps/net.corda.node.Corda_3.3-corda/config-1.3.1.jar:/home/bg/Blockchain/corda/myprojects/samples/cordapp-template-kotlin/build/nodes/.cache/apps/net.corda.node.Corda_3.3-corda/h2-1.4.194.jar:/home/bg/Blockchain/corda/myprojects/samples/cordapp-template-kotlin/build/nodes/.cache/apps/net.corda.node.Corda_3.3-corda/postgresql-42.1.4.jar:/home/bg/Blockchain/corda/myprojects/samples/cordapp-template-kotlin/build/nodes/.cache/apps/net.corda.node.Corda_3.3-corda/HikariCP-2.5.1.jar:/home/bg/Blockchain/corda/myprojects/samples/cordapp-template-kotlin/build/nodes/.cache/apps/net.corda.node.Corda_3.3-corda/hibernate-java8-5.2.6.Final.jar:/home/bg/Blockchain/corda/myprojects/samples/cordapp-template-kotlin/build/nodes/.cache/apps/net.corda.node.Corda_3.3-corda/hibernate-core-5.2.6.Final.jar:/home/bg/Blockchain/corda/myprojects/samples/cordapp-template-kotlin/build/nodes/.cache/apps/net.corda.node.Corda_3.3-corda/copycat-client-1.2.3.jar:/home/bg/Blockchain/corda/myprojects/samples/cordapp-template-kotlin/build/nodes/.cache/apps/net.corda.node.Corda_3.3-corda/copycat-server-1.2.3.jar:/home/bg/Blockchain/corda/myprojects/samples/cordapp-template-kotlin/build/nodes/.cache/apps/net.corda.node.Corda_3.3-corda/catalyst-netty-1.1.2.jar:/home/bg/Blockchain/corda/myprojects/samples/cordapp-template-kotlin/build/nodes/.cache/apps/net.corda.node.Corda_3.3-corda/netty-all-4.1.9.Final.jar:/home/bg/Blockchain/corda/myprojects/samples/cordapp-template-kotlin/build/nodes/.cache/apps/net.corda.node.Corda_3.3-corda/crash.connectors.ssh-cadb53544fbb3c0fb901445da614998a6a419488.jar:/home/bg/Blockchain/corda/myprojects/samples/cordapp-template-kotlin/build/nodes/.cache/apps/net.corda.node.Corda_3.3-corda/crash.shell-cadb53544fbb3c0fb901445da614998a6a419488.jar:/home/bg/Blockchain/corda/myprojects/samples/cordapp-template-kotlin/build/nodes/.cache/apps/net.corda.node.Corda_3.3-corda/okhttp-3.5.0.jar:/home/bg/Blockchain/corda/myprojects/samples/cordapp-template-kotlin/build/nodes/.cache/apps/net.corda.node.Corda_3.3-corda/commons-codec-1.10.jar:/home/bg/Blockchain/corda/myprojects/samples/cordapp-template-kotlin/build/nodes/.cache/apps/net.corda.node.Corda_3.3-corda/library-master-v1.1-beta-g6215ec8-87.jar:/home/bg/Blockchain/corda/myprojects/samples/cordapp-template-kotlin/build/nodes/.cache/apps/net.corda.node.Corda_3.3-corda/jolokia-jvm-1.6.0-agent.jar:/home/bg/Blockchain/corda/myprojects/samples/cordapp-template-kotlin/build/nodes/.cache/apps/net.corda.node.Corda_3.3-corda/quasar-core-0.7.9-jdk8.jar:/home/bg/Blockchain/corda/myprojects/samples/cordapp-template-kotlin/build/nodes/.cache/apps/net.corda.node.Corda_3.3-corda/commons-fileupload-1.3.3.jar:/home/bg/Blockchain/corda/myprojects/samples/cordapp-template-kotlin/build/nodes/.cache/apps/net.corda.node.Corda_3.3-corda/kryo-serializers-0.41.jar:/home/bg/Blockchain/corda/myprojects/samples/cordapp-template-kotlin/build/nodes/.cache/apps/net.corda.node.Corda_3.3-corda/kryo-4.0.0.jar:/home/bg/Blockchain/corda/myprojects/samples/cordapp-template-kotlin/build/nodes/.cache/apps/net.corda.node.Corda_3.3-corda/proton-j-0.21.0.jar:/home/bg/Blockchain/corda/myprojects/samples/cordapp-template-kotlin/build/nodes/.cache/apps/net.corda.node.Corda_3.3-corda/fast-classpath-scanner-2.12.3.jar:/home/bg/Blockchain/corda/myprojects/samples/cordapp-template-kotlin/build/nodes/.cache/apps/net.corda.node.Corda_3.3-corda/jsr305-3.0.2.jar:/home/bg/Blockchain/corda/myprojects/samples/cordapp-template-kotlin/build/nodes/.cache/apps/net.corda.node.Corda_3.3-corda/jcabi-log-0.14.jar:/home/bg/Blockchain/corda/myprojects/samples/cordapp-template-kotlin/build/nodes/.cache/apps/net.corda.node.Corda_3.3-corda/copycat-protocol-1.2.3.jar:/home/bg/Blockchain/corda/myprojects/samples/cordapp-template-kotlin/build/nodes/.cache/apps/net.corda.node.Corda_3.3-corda/catalyst-transport-1.1.2.jar:/home/bg/Blockchain/corda/myprojects/samples/cordapp-template-kotlin/build/nodes/.cache/apps/net.corda.node.Corda_3.3-corda/mina-core-2.0.16.jar:/home/bg/Blockchain/corda/myprojects/samples/cordapp-template-kotlin/build/nodes/.cache/apps/net.corda.node.Corda_3.3-corda/shiro-cache-1.4.0.jar:/home/bg/Blockchain/corda/myprojects/samples/cordapp-template-kotlin/build/nodes/.cache/apps/net.corda.node.Corda_3.3-corda/shiro-crypto-hash-1.4.0.jar:/home/bg/Blockchain/corda/myprojects/samples/cordapp-template-kotlin/build/nodes/.cache/apps/net.corda.node.Corda_3.3-corda/shiro-crypto-cipher-1.4.0.jar:/home/bg/Blockchain/corda/myprojects/samples/cordapp-template-kotlin/build/nodes/.cache/apps/net.corda.node.Corda_3.3-corda/shiro-config-core-1.4.0.jar:/home/bg/Blockchain/corda/myprojects/samples/cordapp-template-kotlin/build/nodes/.cache/apps/net.corda.node.Corda_3.3-corda/shiro-event-1.4.0.jar:/home/bg/Blockchain/corda/myprojects/samples/cordapp-template-kotlin/build/nodes/.cache/apps/net.corda.node.Corda_3.3-corda/shiro-crypto-core-1.4.0.jar:/home/bg/Blockchain/corda/myprojects/samples/cordapp-template-kotlin/build/nodes/.cache/apps/net.corda.node.Corda_3.3-corda/shiro-lang-1.4.0.jar:/home/bg/Blockchain/corda/myprojects/samples/cordapp-template-kotlin/build/nodes/.cache/apps/net.corda.node.Corda_3.3-corda/jcl-over-slf4j-1.7.25.jar:/home/bg/Blockchain/corda/myprojects/samples/cordapp-template-kotlin/build/nodes/.cache/apps/net.corda.node.Corda_3.3-corda/catalyst-concurrent-1.1.2.jar:/home/bg/Blockchain/corda/myprojects/samples/cordapp-template-kotlin/build/nodes/.cache/apps/net.corda.node.Corda_3.3-corda/catalyst-serializer-1.1.2.jar:/home/bg/Blockchain/corda/myprojects/samples/cordapp-template-kotlin/build/nodes/.cache/apps/net.corda.node.Corda_3.3-corda/catalyst-buffer-1.1.2.jar:/home/bg/Blockchain/corda/myprojects/samples/cordapp-template-kotlin/build/nodes/.cache/apps/net.corda.node.Corda_3.3-corda/catalyst-common-1.1.2.jar:/home/bg/Blockchain/corda/myprojects/samples/cordapp-template-kotlin/build/nodes/.cache/apps/net.corda.node.Corda_3.3-corda/sshd-pam-0.11.0.jar:/home/bg/Blockchain/corda/myprojects/samples/cordapp-template-kotlin/build/nodes/.cache/apps/net.corda.node.Corda_3.3-corda/sshd-core-1.6.0.jar:/home/bg/Blockchain/corda/myprojects/samples/cordapp-template-kotlin/build/nodes/.cache/apps/net.corda.node.Corda_3.3-corda/slf4j-api-1.7.25.jar:/home/bg/Blockchain/corda/myprojects/samples/cordapp-template-kotlin/build/nodes/.cache/apps/net.corda.node.Corda_3.3-corda/log4j-core-2.9.1.jar:/home/bg/Blockchain/corda/myprojects/samples/cordapp-template-kotlin/build/nodes/.cache/apps/net.corda.node.Corda_3.3-corda/log4j-api-2.9.1.jar:/home/bg/Blockchain/corda/myprojects/samples/cordapp-template-kotlin/build/nodes/.cache/apps/net.corda.node.Corda_3.3-corda/kotlin-stdlib-jre7-1.1.60.jar:/home/bg/Blockchain/corda/myprojects/samples/cordapp-template-kotlin/build/nodes/.cache/apps/net.corda.node.Corda_3.3-corda/kotlin-stdlib-1.1.60.jar:/home/bg/Blockchain/corda/myprojects/samples/cordapp-template-kotlin/build/nodes/.cache/apps/net.corda.node.Corda_3.3-corda/commons-collections-3.2.2.jar:/home/bg/Blockchain/corda/myprojects/samples/cordapp-template-kotlin/build/nodes/.cache/apps/net.corda.node.Corda_3.3-corda/hibernate-commons-annotations-5.0.1.Final.jar:/home/bg/Blockchain/corda/myprojects/samples/cordapp-template-kotlin/build/nodes/.cache/apps/net.corda.node.Corda_3.3-corda/artemis-native-2.2.0.jar:/home/bg/Blockchain/corda/myprojects/samples/cordapp-template-kotlin/build/nodes/.cache/apps/net.corda.node.Corda_3.3-corda/jboss-logging-3.3.0.Final.jar:/home/bg/Blockchain/corda/myprojects/samples/cordapp-template-kotlin/build/nodes/.cache/apps/net.corda.node.Corda_3.3-corda/artemis-selector-2.2.0.jar:/home/bg/Blockchain/corda/myprojects/samples/cordapp-template-kotlin/build/nodes/.cache/apps/net.corda.node.Corda_3.3-corda/jgroups-3.6.13.Final.jar:/home/bg/Blockchain/corda/myprojects/samples/cordapp-template-kotlin/build/nodes/.cache/apps/net.corda.node.Corda_3.3-corda/geronimo-json_1.0_spec-1.0-alpha-1.jar:/home/bg/Blockchain/corda/myprojects/samples/cordapp-template-kotlin/build/nodes/.cache/apps/net.corda.node.Corda_3.3-corda/johnzon-core-0.9.5.jar:/home/bg/Blockchain/corda/myprojects/samples/cordapp-template-kotlin/build/nodes/.cache/apps/net.corda.node.Corda_3.3-corda/forms-1.1-preview.jar:/home/bg/Blockchain/corda/myprojects/samples/cordapp-template-kotlin/build/nodes/.cache/apps/net.corda.node.Corda_3.3-corda/jdom-1.0.jar:/home/bg/Blockchain/corda/myprojects/samples/cordapp-template-kotlin/build/nodes/.cache/apps/net.corda.node.Corda_3.3-corda/jackson-dataformat-yaml-2.9.2.jar:/home/bg/Blockchain/corda/myprojects/samples/cordapp-template-kotlin/build/nodes/.cache/apps/net.corda.node.Corda_3.3-corda/jackson-datatype-jsr310-2.9.2.jar:/home/bg/Blockchain/corda/myprojects/samples/cordapp-template-kotlin/build/nodes/.cache/apps/net.corda.node.Corda_3.3-corda/hibernate-jpa-2.1-api-1.0.0.Final.jar:/home/bg/Blockchain/corda/myprojects/samples/cordapp-template-kotlin/build/nodes/.cache/apps/net.corda.node.Corda_3.3-corda/javassist-3.20.0-GA.jar:/home/bg/Blockchain/corda/myprojects/samples/cordapp-template-kotlin/build/nodes/.cache/apps/net.corda.node.Corda_3.3-corda/antlr-2.7.7.jar:/home/bg/Blockchain/corda/myprojects/samples/cordapp-template-kotlin/build/nodes/.cache/apps/net.corda.node.Corda_3.3-corda/geronimo-jta_1.1_spec-1.1.1.jar:/home/bg/Blockchain/corda/myprojects/samples/cordapp-template-kotlin/build/nodes/.cache/apps/net.corda.node.Corda_3.3-corda/jandex-2.0.3.Final.jar:/home/bg/Blockchain/corda/myprojects/samples/cordapp-template-kotlin/build/nodes/.cache/apps/net.corda.node.Corda_3.3-corda/classmate-1.3.0.jar:/home/bg/Blockchain/corda/myprojects/samples/cordapp-template-kotlin/build/nodes/.cache/apps/net.corda.node.Corda_3.3-corda/dom4j-1.6.1.jar:/home/bg/Blockchain/corda/myprojects/samples/cordapp-template-kotlin/build/nodes/.cache/apps/net.corda.node.Corda_3.3-corda/cdi-api-1.1.jar:/home/bg/Blockchain/corda/myprojects/samples/cordapp-template-kotlin/build/nodes/.cache/apps/net.corda.node.Corda_3.3-corda/crash.cli-cadb53544fbb3c0fb901445da614998a6a419488.jar:/home/bg/Blockchain/corda/myprojects/samples/cordapp-template-kotlin/build/nodes/.cache/apps/net.corda.node.Corda_3.3-corda/groovy-all-1.8.9.jar:/home/bg/Blockchain/corda/myprojects/samples/cordapp-template-kotlin/build/nodes/.cache/apps/net.corda.node.Corda_3.3-corda/okio-1.11.0.jar:/home/bg/Blockchain/corda/myprojects/samples/cordapp-template-kotlin/build/nodes/.cache/apps/net.corda.node.Corda_3.3-corda/jolokia-core-1.6.0.jar:/home/bg/Blockchain/corda/myprojects/samples/cordapp-template-kotlin/build/nodes/.cache/apps/net.corda.node.Corda_3.3-corda/json-simple-1.1.1.jar:/home/bg/Blockchain/corda/myprojects/samples/cordapp-template-kotlin/build/nodes/.cache/apps/net.corda.node.Corda_3.3-corda/rxjava-1.2.4.jar:/home/bg/Blockchain/corda/myprojects/samples/cordapp-template-kotlin/build/nodes/.cache/apps/net.corda.node.Corda_3.3-corda/commons-jexl3-3.0.jar:/home/bg/Blockchain/corda/myprojects/samples/cordapp-template-kotlin/build/nodes/.cache/apps/net.corda.node.Corda_3.3-corda/jackson-databind-2.9.2.jar:/home/bg/Blockchain/corda/myprojects/samples/cordapp-template-kotlin/build/nodes/.cache/apps/net.corda.node.Corda_3.3-corda/eddsa-0.2.0.jar:/home/bg/Blockchain/corda/myprojects/samples/cordapp-template-kotlin/build/nodes/.cache/apps/net.corda.node.Corda_3.3-corda/bcpkix-jdk15on-1.57.jar:/home/bg/Blockchain/corda/myprojects/samples/cordapp-template-kotlin/build/nodes/.cache/apps/net.corda.node.Corda_3.3-corda/bcprov-jdk15on-1.57.jar:/home/bg/Blockchain/corda/myprojects/samples/cordapp-template-kotlin/build/nodes/.cache/apps/net.corda.node.Corda_3.3-corda/commons-io-2.2.jar:/home/bg/Blockchain/corda/myprojects/samples/cordapp-template-kotlin/build/nodes/.cache/apps/net.corda.node.Corda_3.3-corda/reflectasm-1.11.3.jar:/home/bg/Blockchain/corda/myprojects/samples/cordapp-template-kotlin/build/nodes/.cache/apps/net.corda.node.Corda_3.3-corda/minlog-1.3.0.jar:/home/bg/Blockchain/corda/myprojects/samples/cordapp-template-kotlin/build/nodes/.cache/apps/net.corda.node.Corda_3.3-corda/objenesis-2.2.jar:/home/bg/Blockchain/corda/myprojects/samples/cordapp-template-kotlin/build/nodes/.cache/apps/net.corda.node.Corda_3.3-corda/annotations-13.0.jar:/home/bg/Blockchain/corda/myprojects/samples/cordapp-template-kotlin/build/nodes/.cache/apps/net.corda.node.Corda_3.3-corda/jackson-annotations-2.9.0.jar:/home/bg/Blockchain/corda/myprojects/samples/cordapp-template-kotlin/build/nodes/.cache/apps/net.corda.node.Corda_3.3-corda/snakeyaml-1.18.jar:/home/bg/Blockchain/corda/myprojects/samples/cordapp-template-kotlin/build/nodes/.cache/apps/net.corda.node.Corda_3.3-corda/jackson-core-2.9.2.jar:/home/bg/Blockchain/corda/myprojects/samples/cordapp-template-kotlin/build/nodes/.cache/apps/net.corda.node.Corda_3.3-corda/el-api-2.2.jar:/home/bg/Blockchain/corda/myprojects/samples/cordapp-template-kotlin/build/nodes/.cache/apps/net.corda.node.Corda_3.3-corda/jboss-interceptors-api_1.1_spec-1.0.0.Beta1.jar:/home/bg/Blockchain/corda/myprojects/samples/cordapp-template-kotlin/build/nodes/.cache/apps/net.corda.node.Corda_3.3-corda/jsr250-api-1.0.jar:/home/bg/Blockchain/corda/myprojects/samples/cordapp-template-kotlin/build/nodes/.cache/apps/net.corda.node.Corda_3.3-corda/javax.inject-1.jar:/home/bg/Blockchain/corda/myprojects/samples/cordapp-template-kotlin/build/nodes/.cache/apps/net.corda.node.Corda_3.3-corda/jpam-1.1.jar:/home/bg/Blockchain/corda/myprojects/samples/cordapp-template-kotlin/build/nodes/.cache/apps/net.corda.node.Corda_3.3-corda/geronimo-jms_2.0_spec-1.0-alpha-2.jar:/home/bg/Blockchain/corda/myprojects/samples/cordapp-template-kotlin/build/nodes/.cache/apps/net.corda.node.Corda_3.3-corda/asm-5.0.4.jar:/home/bg/Blockchain/corda/myprojects/samples/cordapp-template-kotlin/build/nodes/.cache/apps/net.corda.node.Corda_3.3-corda/corda-node-3.3-corda.jar:/home/bg/Blockchain/corda/myprojects/samples/cordapp-template-kotlin/build/nodes/.cache/apps/net.corda.node.Corda_3.3-corda/quasar-core-0.7.9-jdk8.jar {}
[INFO ] 2019-03-10T04:34:12,404Z [main] internal.Node.logStartupInfo - VM Java HotSpot(TM) 64-Bit Server VM Oracle Corporation 25.201-b09 {}
[INFO ] 2019-03-10T04:34:12,404Z [main] internal.Node.logStartupInfo - Machine: bg {}
[INFO ] 2019-03-10T04:34:12,414Z [main] internal.Node.logStartupInfo - Working Directory: /home/bg/Blockchain/corda/myprojects/samples/cordapp-template-kotlin/build/nodes/PartyB {}
[INFO ] 2019-03-10T04:34:12,436Z [main] internal.Node.logStartupInfo - Starting as node on localhost:10008 {}
[INFO ] 2019-03-10T04:34:13,143Z [main] cordapp.CordappLoader.<init> - No CorDapp paths provided {}
[INFO ] 2019-03-10T04:34:14,495Z [main] internal.Node.generateAndSaveNodeInfo - Generating nodeInfo ... {}
[WARN ] 2019-03-10T04:34:14,495Z [main] internal.Node.initCertificate - Corda node is running in dev mode. {}
[INFO ] 2019-03-10T04:34:19,779Z [main] internal.Node.obtainIdentity - identity-private-key not found in key store /home/bg/Blockchain/corda/myprojects/samples/cordapp-template-kotlin/build/nodes/PartyB/certificates/nodekeystore.jks, generating fresh key! {}
[INFO ] 2019-03-10T04:34:21,853Z [main] BasicInfo.printBasicNodeInfo - Database connection url is              : jdbc:h2:tcp://localhost:44763/node {}
[INFO ] 2019-03-10T04:34:22,663Z [main] hikari.HikariDataSource.<init> - HikariPool-1 - Started. {}
[INFO ] 2019-03-10T04:34:23,666Z [main] internal.Node.invoke - Connected to H2 database. {}
[INFO ] 2019-03-10T04:34:24,039Z [main] persistence.HibernateConfiguration.<init> - Init HibernateConfiguration for schemas: [CommonSchemaV1(name=net.corda.core.schemas.CommonSchema, version=1), VaultSchemaV1(name=net.corda.node.services.vault.VaultSchema, version=1), NodeInfoSchemaV1(name=net.corda.node.internal.schemas.NodeInfoSchema, version=1), NodeCoreV1(name=net.corda.node.services.schema.NodeSchemaService$NodeCore, version=1)] {}
[INFO ] 2019-03-10T04:34:24,052Z [main] persistence.HibernateConfiguration.makeSessionFactoryForSchemas - Creating session factory for schemas: [CommonSchemaV1(name=net.corda.core.schemas.CommonSchema, version=1), VaultSchemaV1(name=net.corda.node.services.vault.VaultSchema, version=1), NodeInfoSchemaV1(name=net.corda.node.internal.schemas.NodeInfoSchema, version=1), NodeCoreV1(name=net.corda.node.services.schema.NodeSchemaService$NodeCore, version=1)] {}
[INFO ] 2019-03-10T04:34:24,910Z [main] hibernate.Version.logVersion - HHH000412: Hibernate Core {5.2.6.Final} {}
[INFO ] 2019-03-10T04:34:24,927Z [main] cfg.Environment.<clinit> - HHH000206: hibernate.properties not found {}
[INFO ] 2019-03-10T04:34:25,147Z [main] common.Version.<clinit> - HCANN000001: Hibernate Commons Annotations {5.0.1.Final} {}
[INFO ] 2019-03-10T04:34:25,711Z [main] internal.ConnectionProviderInitiator.initiateService - HHH000130: Instantiating explicit connection provider: net.corda.nodeapi.internal.persistence.HibernateConfiguration$NodeDatabaseConnectionProvider {}
[INFO ] 2019-03-10T04:34:25,814Z [main] dialect.Dialect.<init> - HHH000400: Using dialect: org.hibernate.dialect.H2Dialect {}
[INFO ] 2019-03-10T04:34:26,141Z [main] type.BasicTypeRegistry.register - HHH000270: Type registration [materialized_blob] overrides previous : org.hibernate.type.MaterializedBlobType@2574a9e3 {}
[INFO ] 2019-03-10T04:34:33,784Z [main] connections.access.getIsolatedConnection - HHH10001501: Connection obtained from JdbcConnectionAccess [org.hibernate.engine.jdbc.env.internal.JdbcEnvironmentInitiator$ConnectionProviderJdbcConnectionAccess@d969452] for (non-JTA) DDL execution was not in auto-commit mode; the Connection 'local transaction' will be committed and the Connection will be set into auto-commit mode. {}
[INFO ] 2019-03-10T04:34:34,522Z [main] persistence.HibernateConfiguration.makeSessionFactoryForSchemas - Created session factory for schemas: [CommonSchemaV1(name=net.corda.core.schemas.CommonSchema, version=1), VaultSchemaV1(name=net.corda.node.services.vault.VaultSchema, version=1), NodeInfoSchemaV1(name=net.corda.node.internal.schemas.NodeInfoSchema, version=1), NodeCoreV1(name=net.corda.node.services.schema.NodeSchemaService$NodeCore, version=1)] {}
[INFO ] 2019-03-10T04:34:35,890Z [main] internal.QueryTranslatorFactoryInitiator.initiateService - HHH000397: Using ASTQueryTranslatorFactory {}
[INFO ] 2019-03-10T04:34:37,189Z [main] internal.Node.updateNodeInfo - Node-info has changed so submitting update. Old node-info was null {}
[INFO ] 2019-03-10T04:34:37,190Z [main] network.PersistentNetworkMapCache.addNode - Adding node with info: NodeInfo(addresses=[localhost:10008], legalIdentitiesAndCerts=[O=PartyB, L=New York, C=US], platformVersion=3, serial=1552192477190) {}
[INFO ] 2019-03-10T04:34:37,464Z [main] network.PersistentNetworkMapCache.addNode - No previous node found {}
[INFO ] 2019-03-10T04:34:40,444Z [main] network.PersistentNetworkMapCache.addNode - Done adding node with info: NodeInfo(addresses=[localhost:10008], legalIdentitiesAndCerts=[O=PartyB, L=New York, C=US], platformVersion=3, serial=1552192477190) {}
[INFO ] 2019-03-10T04:34:40,445Z [main] internal.Node.updateNodeInfo - New node-info: NodeInfo(addresses=[localhost:10008], legalIdentitiesAndCerts=[O=PartyB, L=New York, C=US], platformVersion=3, serial=1552192477190) {}
[INFO ] 2019-03-10T04:34:41,977Z [main] internal.Node.run - Node exiting successfully {}
[WARN ] 2019-03-10T04:38:07,150Z [main] internal.config.defaultToOldPath - Config key user has been deprecated and will be removed in a future release. Use username instead {}
[INFO ] 2019-03-10T04:38:07,493Z [main] internal.Node.logStartupInfo - Vendor: Corda Open Source {}
[INFO ] 2019-03-10T04:38:07,501Z [main] internal.Node.logStartupInfo - Release: 3.3-corda {}
[INFO ] 2019-03-10T04:38:07,502Z [main] internal.Node.logStartupInfo - Platform Version: 3 {}
[INFO ] 2019-03-10T04:38:07,502Z [main] internal.Node.logStartupInfo - Revision: c834162cd488784a0412bba4c9e638da89912ac2 {}
[INFO ] 2019-03-10T04:38:07,503Z [main] internal.Node.logStartupInfo - PID: 12817 {}
[INFO ] 2019-03-10T04:38:07,503Z [main] internal.Node.logStartupInfo - Main class: /home/bg/.capsule/apps/net.corda.node.Corda_3.3-corda/corda-node-3.3-corda.jar {}
[INFO ] 2019-03-10T04:38:07,503Z [main] internal.Node.logStartupInfo - CommandLine Args: -Xmx200m -XX:+UseG1GC -agentlib:jdwp=transport=dt_socket,server=y,suspend=n,address=5006 -javaagent:drivers/jolokia-jvm-1.3.7-agent.jar=port=7006,logHandlerClass=net.corda.node.JolokiaSlf4Adapter -javaagent:/home/bg/.capsule/apps/net.corda.node.Corda_3.3-corda/quasar-core-0.7.9-jdk8.jar=x(antlr**;bftsmart**;ch**;co.paralleluniverse**;com.codahale**;com.esotericsoftware**;com.fasterxml**;com.google**;com.ibm**;com.intellij**;com.jcabi**;com.nhaarman**;com.opengamma**;com.typesafe**;com.zaxxer**;de.javakaffee**;groovy**;groovyjarjarantlr**;groovyjarjarasm**;io.atomix**;io.github**;io.netty**;jdk**;joptsimple**;junit**;kotlin**;net.bytebuddy**;net.i2p**;org.apache**;org.assertj**;org.bouncycastle**;org.codehaus**;org.crsh**;org.dom4j**;org.fusesource**;org.h2**;org.hamcrest**;org.hibernate**;org.jboss**;org.jcp**;org.joda**;org.junit**;org.mockito**;org.objectweb**;org.objenesis**;org.slf4j**;org.w3c**;org.xml**;org.yaml**;reflectasm**;rx**;org.jolokia**) -Dvisualvm.display.name=Corda -Djava.library.path=/usr/java/packages/lib/amd64:/usr/lib64:/lib64:/lib:/usr/lib:/home/bg/.capsule/apps/net.corda.node.Corda_3.3-corda -Dcapsule.app=net.corda.node.Corda_3.3-corda -Dname=PartyB-corda.jar -Dcapsule.dir=/home/bg/.capsule/apps/net.corda.node.Corda_3.3-corda -Dcapsule.jar=/home/bg/Blockchain/corda/myprojects/samples/cordapp-template-kotlin/build/nodes/PartyB/corda.jar {}
[INFO ] 2019-03-10T04:38:07,504Z [main] internal.Node.logStartupInfo - Application Args:  {}
[INFO ] 2019-03-10T04:38:07,505Z [main] internal.Node.logStartupInfo - bootclasspath: /usr/lib/jvm/java-8-oracle/jre/lib/resources.jar:/usr/lib/jvm/java-8-oracle/jre/lib/rt.jar:/usr/lib/jvm/java-8-oracle/jre/lib/sunrsasign.jar:/usr/lib/jvm/java-8-oracle/jre/lib/jsse.jar:/usr/lib/jvm/java-8-oracle/jre/lib/jce.jar:/usr/lib/jvm/java-8-oracle/jre/lib/charsets.jar:/usr/lib/jvm/java-8-oracle/jre/lib/jfr.jar:/usr/lib/jvm/java-8-oracle/jre/classes {}
[INFO ] 2019-03-10T04:38:07,513Z [main] internal.Node.logStartupInfo - classpath: /home/bg/Blockchain/corda/myprojects/samples/cordapp-template-kotlin/build/nodes/PartyB/corda.jar:/home/bg/.capsule/apps/net.corda.node.Corda_3.3-corda/corda-rpc-3.3-corda.jar:/home/bg/.capsule/apps/net.corda.node.Corda_3.3-corda/corda-node-api-3.3-corda.jar:/home/bg/.capsule/apps/net.corda.node.Corda_3.3-corda/corda-confidential-identities-3.3-corda.jar:/home/bg/.capsule/apps/net.corda.node.Corda_3.3-corda/cordform-common-3.2.1.jar:/home/bg/.capsule/apps/net.corda.node.Corda_3.3-corda/log4j-slf4j-impl-2.9.1.jar:/home/bg/.capsule/apps/net.corda.node.Corda_3.3-corda/log4j-web-2.9.1.jar:/home/bg/.capsule/apps/net.corda.node.Corda_3.3-corda/jul-to-slf4j-1.7.25.jar:/home/bg/.capsule/apps/net.corda.node.Corda_3.3-corda/corda-jackson-3.3-corda.jar:/home/bg/.capsule/apps/net.corda.node.Corda_3.3-corda/corda-core-3.3-corda.jar:/home/bg/.capsule/apps/net.corda.node.Corda_3.3-corda/kotlin-stdlib-jre8-1.1.60.jar:/home/bg/.capsule/apps/net.corda.node.Corda_3.3-corda/jackson-module-kotlin-2.9.2.jar:/home/bg/.capsule/apps/net.corda.node.Corda_3.3-corda/kotlin-reflect-1.1.60.jar:/home/bg/.capsule/apps/net.corda.node.Corda_3.3-corda/jimfs-1.1.jar:/home/bg/.capsule/apps/net.corda.node.Corda_3.3-corda/artemis-amqp-protocol-2.2.0.jar:/home/bg/.capsule/apps/net.corda.node.Corda_3.3-corda/artemis-server-2.2.0.jar:/home/bg/.capsule/apps/net.corda.node.Corda_3.3-corda/artemis-jdbc-store-2.2.0.jar:/home/bg/.capsule/apps/net.corda.node.Corda_3.3-corda/artemis-jms-client-2.2.0.jar:/home/bg/.capsule/apps/net.corda.node.Corda_3.3-corda/artemis-core-client-2.2.0.jar:/home/bg/.capsule/apps/net.corda.node.Corda_3.3-corda/artemis-journal-2.2.0.jar:/home/bg/.capsule/apps/net.corda.node.Corda_3.3-corda/artemis-commons-2.2.0.jar:/home/bg/.capsule/apps/net.corda.node.Corda_3.3-corda/guava-21.0.jar:/home/bg/.capsule/apps/net.corda.node.Corda_3.3-corda/jopt-simple-5.0.2.jar:/home/bg/.capsule/apps/net.corda.node.Corda_3.3-corda/commons-collections4-4.1.jar:/home/bg/.capsule/apps/net.corda.node.Corda_3.3-corda/shiro-core-1.4.0.jar:/home/bg/.capsule/apps/net.corda.node.Corda_3.3-corda/shiro-config-ogdl-1.4.0.jar:/home/bg/.capsule/apps/net.corda.node.Corda_3.3-corda/commons-beanutils-1.9.3.jar:/home/bg/.capsule/apps/net.corda.node.Corda_3.3-corda/jansi-1.14.jar:/home/bg/.capsule/apps/net.corda.node.Corda_3.3-corda/jcabi-manifests-1.1.jar:/home/bg/.capsule/apps/net.corda.node.Corda_3.3-corda/forms_rt-7.0.3.jar:/home/bg/.capsule/apps/net.corda.node.Corda_3.3-corda/metrics-core-3.1.2.jar:/home/bg/.capsule/apps/net.corda.node.Corda_3.3-corda/config-1.3.1.jar:/home/bg/.capsule/apps/net.corda.node.Corda_3.3-corda/h2-1.4.194.jar:/home/bg/.capsule/apps/net.corda.node.Corda_3.3-corda/postgresql-42.1.4.jar:/home/bg/.capsule/apps/net.corda.node.Corda_3.3-corda/HikariCP-2.5.1.jar:/home/bg/.capsule/apps/net.corda.node.Corda_3.3-corda/hibernate-java8-5.2.6.Final.jar:/home/bg/.capsule/apps/net.corda.node.Corda_3.3-corda/hibernate-core-5.2.6.Final.jar:/home/bg/.capsule/apps/net.corda.node.Corda_3.3-corda/copycat-client-1.2.3.jar:/home/bg/.capsule/apps/net.corda.node.Corda_3.3-corda/copycat-server-1.2.3.jar:/home/bg/.capsule/apps/net.corda.node.Corda_3.3-corda/catalyst-netty-1.1.2.jar:/home/bg/.capsule/apps/net.corda.node.Corda_3.3-corda/netty-all-4.1.9.Final.jar:/home/bg/.capsule/apps/net.corda.node.Corda_3.3-corda/crash.connectors.ssh-cadb53544fbb3c0fb901445da614998a6a419488.jar:/home/bg/.capsule/apps/net.corda.node.Corda_3.3-corda/crash.shell-cadb53544fbb3c0fb901445da614998a6a419488.jar:/home/bg/.capsule/apps/net.corda.node.Corda_3.3-corda/okhttp-3.5.0.jar:/home/bg/.capsule/apps/net.corda.node.Corda_3.3-corda/commons-codec-1.10.jar:/home/bg/.capsule/apps/net.corda.node.Corda_3.3-corda/library-master-v1.1-beta-g6215ec8-87.jar:/home/bg/.capsule/apps/net.corda.node.Corda_3.3-corda/jolokia-jvm-1.6.0-agent.jar:/home/bg/.capsule/apps/net.corda.node.Corda_3.3-corda/quasar-core-0.7.9-jdk8.jar:/home/bg/.capsule/apps/net.corda.node.Corda_3.3-corda/commons-fileupload-1.3.3.jar:/home/bg/.capsule/apps/net.corda.node.Corda_3.3-corda/kryo-serializers-0.41.jar:/home/bg/.capsule/apps/net.corda.node.Corda_3.3-corda/kryo-4.0.0.jar:/home/bg/.capsule/apps/net.corda.node.Corda_3.3-corda/proton-j-0.21.0.jar:/home/bg/.capsule/apps/net.corda.node.Corda_3.3-corda/fast-classpath-scanner-2.12.3.jar:/home/bg/.capsule/apps/net.corda.node.Corda_3.3-corda/jsr305-3.0.2.jar:/home/bg/.capsule/apps/net.corda.node.Corda_3.3-corda/jcabi-log-0.14.jar:/home/bg/.capsule/apps/net.corda.node.Corda_3.3-corda/copycat-protocol-1.2.3.jar:/home/bg/.capsule/apps/net.corda.node.Corda_3.3-corda/catalyst-transport-1.1.2.jar:/home/bg/.capsule/apps/net.corda.node.Corda_3.3-corda/mina-core-2.0.16.jar:/home/bg/.capsule/apps/net.corda.node.Corda_3.3-corda/shiro-cache-1.4.0.jar:/home/bg/.capsule/apps/net.corda.node.Corda_3.3-corda/shiro-crypto-hash-1.4.0.jar:/home/bg/.capsule/apps/net.corda.node.Corda_3.3-corda/shiro-crypto-cipher-1.4.0.jar:/home/bg/.capsule/apps/net.corda.node.Corda_3.3-corda/shiro-config-core-1.4.0.jar:/home/bg/.capsule/apps/net.corda.node.Corda_3.3-corda/shiro-event-1.4.0.jar:/home/bg/.capsule/apps/net.corda.node.Corda_3.3-corda/shiro-crypto-core-1.4.0.jar:/home/bg/.capsule/apps/net.corda.node.Corda_3.3-corda/shiro-lang-1.4.0.jar:/home/bg/.capsule/apps/net.corda.node.Corda_3.3-corda/jcl-over-slf4j-1.7.25.jar:/home/bg/.capsule/apps/net.corda.node.Corda_3.3-corda/catalyst-concurrent-1.1.2.jar:/home/bg/.capsule/apps/net.corda.node.Corda_3.3-corda/catalyst-serializer-1.1.2.jar:/home/bg/.capsule/apps/net.corda.node.Corda_3.3-corda/catalyst-buffer-1.1.2.jar:/home/bg/.capsule/apps/net.corda.node.Corda_3.3-corda/catalyst-common-1.1.2.jar:/home/bg/.capsule/apps/net.corda.node.Corda_3.3-corda/sshd-pam-0.11.0.jar:/home/bg/.capsule/apps/net.corda.node.Corda_3.3-corda/sshd-core-1.6.0.jar:/home/bg/.capsule/apps/net.corda.node.Corda_3.3-corda/slf4j-api-1.7.25.jar:/home/bg/.capsule/apps/net.corda.node.Corda_3.3-corda/log4j-core-2.9.1.jar:/home/bg/.capsule/apps/net.corda.node.Corda_3.3-corda/log4j-api-2.9.1.jar:/home/bg/.capsule/apps/net.corda.node.Corda_3.3-corda/kotlin-stdlib-jre7-1.1.60.jar:/home/bg/.capsule/apps/net.corda.node.Corda_3.3-corda/kotlin-stdlib-1.1.60.jar:/home/bg/.capsule/apps/net.corda.node.Corda_3.3-corda/commons-collections-3.2.2.jar:/home/bg/.capsule/apps/net.corda.node.Corda_3.3-corda/hibernate-commons-annotations-5.0.1.Final.jar:/home/bg/.capsule/apps/net.corda.node.Corda_3.3-corda/artemis-native-2.2.0.jar:/home/bg/.capsule/apps/net.corda.node.Corda_3.3-corda/jboss-logging-3.3.0.Final.jar:/home/bg/.capsule/apps/net.corda.node.Corda_3.3-corda/artemis-selector-2.2.0.jar:/home/bg/.capsule/apps/net.corda.node.Corda_3.3-corda/jgroups-3.6.13.Final.jar:/home/bg/.capsule/apps/net.corda.node.Corda_3.3-corda/geronimo-json_1.0_spec-1.0-alpha-1.jar:/home/bg/.capsule/apps/net.corda.node.Corda_3.3-corda/johnzon-core-0.9.5.jar:/home/bg/.capsule/apps/net.corda.node.Corda_3.3-corda/forms-1.1-preview.jar:/home/bg/.capsule/apps/net.corda.node.Corda_3.3-corda/jdom-1.0.jar:/home/bg/.capsule/apps/net.corda.node.Corda_3.3-corda/jackson-dataformat-yaml-2.9.2.jar:/home/bg/.capsule/apps/net.corda.node.Corda_3.3-corda/jackson-datatype-jsr310-2.9.2.jar:/home/bg/.capsule/apps/net.corda.node.Corda_3.3-corda/hibernate-jpa-2.1-api-1.0.0.Final.jar:/home/bg/.capsule/apps/net.corda.node.Corda_3.3-corda/javassist-3.20.0-GA.jar:/home/bg/.capsule/apps/net.corda.node.Corda_3.3-corda/antlr-2.7.7.jar:/home/bg/.capsule/apps/net.corda.node.Corda_3.3-corda/geronimo-jta_1.1_spec-1.1.1.jar:/home/bg/.capsule/apps/net.corda.node.Corda_3.3-corda/jandex-2.0.3.Final.jar:/home/bg/.capsule/apps/net.corda.node.Corda_3.3-corda/classmate-1.3.0.jar:/home/bg/.capsule/apps/net.corda.node.Corda_3.3-corda/dom4j-1.6.1.jar:/home/bg/.capsule/apps/net.corda.node.Corda_3.3-corda/cdi-api-1.1.jar:/home/bg/.capsule/apps/net.corda.node.Corda_3.3-corda/crash.cli-cadb53544fbb3c0fb901445da614998a6a419488.jar:/home/bg/.capsule/apps/net.corda.node.Corda_3.3-corda/groovy-all-1.8.9.jar:/home/bg/.capsule/apps/net.corda.node.Corda_3.3-corda/okio-1.11.0.jar:/home/bg/.capsule/apps/net.corda.node.Corda_3.3-corda/jolokia-core-1.6.0.jar:/home/bg/.capsule/apps/net.corda.node.Corda_3.3-corda/json-simple-1.1.1.jar:/home/bg/.capsule/apps/net.corda.node.Corda_3.3-corda/rxjava-1.2.4.jar:/home/bg/.capsule/apps/net.corda.node.Corda_3.3-corda/commons-jexl3-3.0.jar:/home/bg/.capsule/apps/net.corda.node.Corda_3.3-corda/jackson-databind-2.9.2.jar:/home/bg/.capsule/apps/net.corda.node.Corda_3.3-corda/eddsa-0.2.0.jar:/home/bg/.capsule/apps/net.corda.node.Corda_3.3-corda/bcpkix-jdk15on-1.57.jar:/home/bg/.capsule/apps/net.corda.node.Corda_3.3-corda/bcprov-jdk15on-1.57.jar:/home/bg/.capsule/apps/net.corda.node.Corda_3.3-corda/commons-io-2.2.jar:/home/bg/.capsule/apps/net.corda.node.Corda_3.3-corda/reflectasm-1.11.3.jar:/home/bg/.capsule/apps/net.corda.node.Corda_3.3-corda/minlog-1.3.0.jar:/home/bg/.capsule/apps/net.corda.node.Corda_3.3-corda/objenesis-2.2.jar:/home/bg/.capsule/apps/net.corda.node.Corda_3.3-corda/annotations-13.0.jar:/home/bg/.capsule/apps/net.corda.node.Corda_3.3-corda/jackson-annotations-2.9.0.jar:/home/bg/.capsule/apps/net.corda.node.Corda_3.3-corda/snakeyaml-1.18.jar:/home/bg/.capsule/apps/net.corda.node.Corda_3.3-corda/jackson-core-2.9.2.jar:/home/bg/.capsule/apps/net.corda.node.Corda_3.3-corda/el-api-2.2.jar:/home/bg/.capsule/apps/net.corda.node.Corda_3.3-corda/jboss-interceptors-api_1.1_spec-1.0.0.Beta1.jar:/home/bg/.capsule/apps/net.corda.node.Corda_3.3-corda/jsr250-api-1.0.jar:/home/bg/.capsule/apps/net.corda.node.Corda_3.3-corda/javax.inject-1.jar:/home/bg/.capsule/apps/net.corda.node.Corda_3.3-corda/jpam-1.1.jar:/home/bg/.capsule/apps/net.corda.node.Corda_3.3-corda/geronimo-jms_2.0_spec-1.0-alpha-2.jar:/home/bg/.capsule/apps/net.corda.node.Corda_3.3-corda/asm-5.0.4.jar:/home/bg/.capsule/apps/net.corda.node.Corda_3.3-corda/corda-node-3.3-corda.jar:/home/bg/Blockchain/corda/myprojects/samples/cordapp-template-kotlin/build/nodes/PartyB/cordapps/cordapp-template-kotlin-0.1.jar:/home/bg/Blockchain/corda/myprojects/samples/cordapp-template-kotlin/build/nodes/PartyB/cordapps/cordapp-0.1.jar:/home/bg/Blockchain/corda/myprojects/samples/cordapp-template-kotlin/build/nodes/PartyB/cordapps/cordapp-contracts-states-0.1.jar:drivers/jolokia-jvm-1.3.7-agent.jar:/home/bg/.capsule/apps/net.corda.node.Corda_3.3-corda/quasar-core-0.7.9-jdk8.jar {}
[INFO ] 2019-03-10T04:38:07,516Z [main] internal.Node.logStartupInfo - VM Java HotSpot(TM) 64-Bit Server VM Oracle Corporation 25.201-b09 {}
[INFO ] 2019-03-10T04:38:07,517Z [main] internal.Node.logStartupInfo - Machine: bg {}
[INFO ] 2019-03-10T04:38:07,517Z [main] internal.Node.logStartupInfo - Working Directory: /home/bg/Blockchain/corda/myprojects/samples/cordapp-template-kotlin/build/nodes/PartyB {}
[INFO ] 2019-03-10T04:38:07,518Z [main] internal.Node.logStartupInfo - Debug port: dt_socket:5006 {}
[INFO ] 2019-03-10T04:38:07,518Z [main] internal.Node.logStartupInfo - Starting as node on localhost:10008 {}
[INFO ] 2019-03-10T04:38:08,353Z [main] cordapp.CordappLoader.<init> - Loading CorDapps from RestrictedURL(url=file:/home/bg/Blockchain/corda/myprojects/samples/cordapp-template-kotlin/build/nodes/PartyB/cordapps/cordapp-template-kotlin-0.1.jar, rootPackageName=null), RestrictedURL(url=file:/home/bg/Blockchain/corda/myprojects/samples/cordapp-template-kotlin/build/nodes/PartyB/cordapps/cordapp-0.1.jar, rootPackageName=null), RestrictedURL(url=file:/home/bg/Blockchain/corda/myprojects/samples/cordapp-template-kotlin/build/nodes/PartyB/cordapps/cordapp-contracts-states-0.1.jar, rootPackageName=null) {}
[INFO ] 2019-03-10T04:38:08,936Z [main] cordapp.CordappLoader.scanCordapp - Scanning CorDapp in file:/home/bg/Blockchain/corda/myprojects/samples/cordapp-template-kotlin/build/nodes/PartyB/cordapps/cordapp-template-kotlin-0.1.jar {}
[INFO ] 2019-03-10T04:38:09,654Z [main] cordapp.CordappLoader.scanCordapp - Scanning CorDapp in file:/home/bg/Blockchain/corda/myprojects/samples/cordapp-template-kotlin/build/nodes/PartyB/cordapps/cordapp-0.1.jar {}
[INFO ] 2019-03-10T04:38:10,441Z [main] cordapp.CordappLoader.scanCordapp - Scanning CorDapp in file:/home/bg/Blockchain/corda/myprojects/samples/cordapp-template-kotlin/build/nodes/PartyB/cordapps/cordapp-contracts-states-0.1.jar {}
[INFO ] 2019-03-10T04:38:11,271Z [main] internal.Node.start - Node starting up ... {}
[WARN ] 2019-03-10T04:38:11,278Z [main] internal.Node.initCertificate - Corda node is running in dev mode. {}
[INFO ] 2019-03-10T04:38:20,582Z [main] internal.NetworkParametersReader.retrieveNetworkParameters - Loaded network parameters: net.corda.core.internal.SignedDataWithCert@5f05c8d6 {}
[INFO ] 2019-03-10T04:38:24,621Z [main] BasicInfo.printBasicNodeInfo - Database connection url is              : jdbc:h2:tcp://localhost:40343/node {}
[INFO ] 2019-03-10T04:38:25,400Z [main] hikari.HikariDataSource.<init> - HikariPool-1 - Started. {}
[INFO ] 2019-03-10T04:38:27,323Z [main] internal.Node.invoke - Connected to H2 database. {}
[INFO ] 2019-03-10T04:38:27,955Z [main] persistence.HibernateConfiguration.<init> - Init HibernateConfiguration for schemas: [CommonSchemaV1(name=net.corda.core.schemas.CommonSchema, version=1), VaultSchemaV1(name=net.corda.node.services.vault.VaultSchema, version=1), NodeInfoSchemaV1(name=net.corda.node.internal.schemas.NodeInfoSchema, version=1), NodeCoreV1(name=net.corda.node.services.schema.NodeSchemaService$NodeCore, version=1)] {}
[INFO ] 2019-03-10T04:38:27,981Z [main] persistence.HibernateConfiguration.makeSessionFactoryForSchemas - Creating session factory for schemas: [CommonSchemaV1(name=net.corda.core.schemas.CommonSchema, version=1), VaultSchemaV1(name=net.corda.node.services.vault.VaultSchema, version=1), NodeInfoSchemaV1(name=net.corda.node.internal.schemas.NodeInfoSchema, version=1), NodeCoreV1(name=net.corda.node.services.schema.NodeSchemaService$NodeCore, version=1)] {}
[INFO ] 2019-03-10T04:38:29,405Z [main] hibernate.Version.logVersion - HHH000412: Hibernate Core {5.2.6.Final} {}
[INFO ] 2019-03-10T04:38:29,463Z [main] cfg.Environment.<clinit> - HHH000206: hibernate.properties not found {}
[INFO ] 2019-03-10T04:38:29,921Z [main] common.Version.<clinit> - HCANN000001: Hibernate Commons Annotations {5.0.1.Final} {}
[INFO ] 2019-03-10T04:38:30,801Z [main] internal.ConnectionProviderInitiator.initiateService - HHH000130: Instantiating explicit connection provider: net.corda.nodeapi.internal.persistence.HibernateConfiguration$NodeDatabaseConnectionProvider {}
[INFO ] 2019-03-10T04:38:30,937Z [main] dialect.Dialect.<init> - HHH000400: Using dialect: org.hibernate.dialect.H2Dialect {}
[INFO ] 2019-03-10T04:38:31,398Z [main] type.BasicTypeRegistry.register - HHH000270: Type registration [materialized_blob] overrides previous : org.hibernate.type.MaterializedBlobType@1753475d {}
[INFO ] 2019-03-10T04:38:40,459Z [main] connections.access.getIsolatedConnection - HHH10001501: Connection obtained from JdbcConnectionAccess [org.hibernate.engine.jdbc.env.internal.JdbcEnvironmentInitiator$ConnectionProviderJdbcConnectionAccess@60a99f3d] for (non-JTA) DDL execution was not in auto-commit mode; the Connection 'local transaction' will be committed and the Connection will be set into auto-commit mode. {}
[INFO ] 2019-03-10T04:38:41,248Z [main] persistence.HibernateConfiguration.makeSessionFactoryForSchemas - Created session factory for schemas: [CommonSchemaV1(name=net.corda.core.schemas.CommonSchema, version=1), VaultSchemaV1(name=net.corda.node.services.vault.VaultSchema, version=1), NodeInfoSchemaV1(name=net.corda.node.internal.schemas.NodeInfoSchema, version=1), NodeCoreV1(name=net.corda.node.services.schema.NodeSchemaService$NodeCore, version=1)] {}
[INFO ] 2019-03-10T04:38:42,819Z [main] internal.QueryTranslatorFactoryInitiator.initiateService - HHH000397: Using ASTQueryTranslatorFactory {}
[INFO ] 2019-03-10T04:38:47,849Z [main] persistence.NodeAttachmentService.invoke - Stored new attachment C5999C3772E609AC2F162C97C348EF40B60ACCDD951BBE485D19E73E5673E0B1 {}
[INFO ] 2019-03-10T04:38:48,709Z [main] security.RPCSecurityManagerImpl.buildImpl - Constructing realm from list of users in config [User(user1, permissions=[ALL])] {}
[INFO ] 2019-03-10T04:38:49,952Z [main] BasicInfo.printBasicNodeInfo - Advertised P2P messaging addresses      : localhost:10008 {}
[INFO ] 2019-03-10T04:38:49,987Z [main] BasicInfo.printBasicNodeInfo - RPC connection address                  : localhost:10009 {}
[INFO ] 2019-03-10T04:38:49,992Z [main] BasicInfo.printBasicNodeInfo - RPC admin connection address            : localhost:10049 {}
[INFO ] 2019-03-10T04:39:02,851Z [main] messaging.ArtemisMessagingServer.configureAndStartServer - P2P messaging server listening on port 10008 {}
[INFO ] 2019-03-10T04:39:07,986Z [main] internal.ArtemisMessagingClient.start - Connecting to message broker: localhost:10008 {}
[INFO ] 2019-03-10T04:39:12,769Z [main] internal.ArtemisMessagingClient.start - Connecting to message broker: localhost:10008 {}
[INFO ] 2019-03-10T04:39:14,289Z [main] internal.ArtemisMessagingClient.start - Connecting to message broker: localhost:10049 {}
[INFO ] 2019-03-10T04:39:15,628Z [main] messaging.P2PMessagingClient.start - Connecting to message broker: localhost:10008 {}
[INFO ] 2019-03-10T04:39:15,977Z [main] messaging.P2PMessagingClient.createQueueIfAbsent - Create fresh queue p2p.inbound.DLFK5feftKasFdwvdvpZ3oupLNXkWupq3Gbq3MMEpirV5y bound on same address {}
[INFO ] 2019-03-10T04:39:16,753Z [Thread-0 (ActiveMQ-client-global-threads)] bridging.BridgeControlListener.processControlMessage - Received bridge control message NodeToBridgeSnapshot(nodeIdentity=DLFK5feftKasFdwvdvpZ3oupLNXkWupq3Gbq3MMEpirV5y, inboxQueues=[p2p.inbound.DLFK5feftKasFdwvdvpZ3oupLNXkWupq3Gbq3MMEpirV5y], sendQueues=[]) {}
[INFO ] 2019-03-10T04:39:17,313Z [main] internal.Node.registerInitiatedFlowInternal - Registered com.template.Flow1$Initiator to initiate com.template.Flow1$Reciever (version 1) {}
[INFO ] 2019-03-10T04:39:17,315Z [main] internal.Node.registerInitiatedFlowInternal - Registered com.template.Flow11$Initiator to initiate com.template.Flow11$Reciever (version 1) {}
[INFO ] 2019-03-10T04:39:17,322Z [main] internal.Node.registerInitiatedFlowInternal - Registered com.template.Flow2$Initiator to initiate com.template.Flow2$Reciever (version 1) {}
[INFO ] 2019-03-10T04:39:17,324Z [main] internal.Node.registerInitiatedFlowInternal - Registered com.template.Flow3$Initiator to initiate com.template.Flow3$Reciever (version 1) {}
[INFO ] 2019-03-10T04:39:17,326Z [main] internal.Node.registerInitiatedFlowInternal - Registered com.template.TestFlow$Initiator to initiate com.template.TestFlow$Reciever (version 1) {}
[INFO ] 2019-03-10T04:39:17,330Z [main] internal.Node.registerInitiatedFlowInternal - Registered com.template.flows.HouseRegTransFlow$Initiator to initiate com.template.flows.HouseRegTransFlow$Reciever (version 1) {}
[INFO ] 2019-03-10T04:39:17,331Z [main] internal.Node.registerInitiatedFlowInternal - Registered com.template.flows.HouseRegisterFlow$Initiator to initiate com.template.flows.HouseRegisterFlow$Reciever (version 1) {}
[INFO ] 2019-03-10T04:39:22,687Z [main] plugin.PluginManager.getPlugins - Loaded plugin Plugin[type=SSHPlugin,interface=SSHPlugin] {}
[INFO ] 2019-03-10T04:39:22,694Z [main] plugin.PluginManager.getPlugins - Loaded plugin Plugin[type=SSHInlinePlugin,interface=CommandPlugin] {}
[INFO ] 2019-03-10T04:39:22,721Z [main] plugin.PluginManager.getPlugins - Loaded plugin Plugin[type=KeyAuthenticationPlugin,interface=KeyAuthenticationPlugin] {}
[INFO ] 2019-03-10T04:39:22,724Z [main] plugin.PluginManager.getPlugins - Loaded plugin Plugin[type=CRaSHShellFactory,interface=ShellFactory] {}
[INFO ] 2019-03-10T04:39:22,743Z [main] plugin.PluginManager.getPlugins - Loaded plugin Plugin[type=GroovyLanguageProxy,interface=Language] {}
[INFO ] 2019-03-10T04:39:22,745Z [main] plugin.PluginManager.getPlugins - Loaded plugin Plugin[type=JavaLanguage,interface=Language] {}
[INFO ] 2019-03-10T04:39:22,747Z [main] plugin.PluginManager.getPlugins - Loaded plugin Plugin[type=ScriptLanguage,interface=Language] {}
[INFO ] 2019-03-10T04:39:22,772Z [main] plugin.PluginManager.getPlugins - Loaded plugin Plugin[type=JaasAuthenticationPlugin,interface=AuthenticationPlugin] {}
[INFO ] 2019-03-10T04:39:22,775Z [main] plugin.PluginManager.getPlugins - Loaded plugin Plugin[type=SimpleAuthenticationPlugin,interface=AuthenticationPlugin] {}
[INFO ] 2019-03-10T04:39:22,823Z [main] ssh.SSHPlugin.init - Could not boot SSHD due to missing due to missing port configuration {}
[INFO ] 2019-03-10T04:39:22,824Z [main] plugin.PluginManager.getPlugins - Initialized plugin Plugin[type=SSHPlugin,interface=SSHPlugin] {}
[INFO ] 2019-03-10T04:39:22,824Z [main] plugin.PluginManager.getPlugins - Initialized plugin Plugin[type=SSHInlinePlugin,interface=CommandPlugin] {}
[INFO ] 2019-03-10T04:39:22,825Z [main] plugin.PluginManager.getPlugins - Initialized plugin Plugin[type=KeyAuthenticationPlugin,interface=KeyAuthenticationPlugin] {}
[INFO ] 2019-03-10T04:39:23,175Z [main] plugin.PluginManager.getPlugins - Initialized plugin Plugin[type=GroovyLanguageProxy,interface=Language] {}
[INFO ] 2019-03-10T04:39:23,188Z [main] plugin.PluginManager.getPlugins - Initialized plugin Plugin[type=ScriptLanguage,interface=Language] {}
[INFO ] 2019-03-10T04:39:23,220Z [main] plugin.PluginManager.getPlugins - Initialized plugin Plugin[type=CRaSHShellFactory,interface=ShellFactory] {}
[INFO ] 2019-03-10T04:39:23,250Z [main] plugin.PluginManager.getPlugins - Initialized plugin Plugin[type=JaasAuthenticationPlugin,interface=AuthenticationPlugin] {}
[INFO ] 2019-03-10T04:39:23,251Z [main] plugin.PluginManager.getPlugins - Initialized plugin Plugin[type=SimpleAuthenticationPlugin,interface=AuthenticationPlugin] {}
[INFO ] 2019-03-10T04:39:23,252Z [main] plugin.PluginManager.getPlugins - Initialized plugin Plugin[type=CordaAuthenticationPlugin,interface=AuthenticationPlugin] {}
[WARN ] 2019-03-10T04:39:33,039Z [main] utilities.AppendOnlyPersistentMapBase.set - Double insert in net.corda.node.utilities.AppendOnlyPersistentMap for entity class class net.corda.node.services.identity.PersistentIdentityService$PersistentIdentity key D4A5590A5AD3F49DCAC7D0008D534617F6C55B50DBFCABFE58066338DD076DE8, not inserting the second time {}
[INFO ] 2019-03-10T04:39:33,042Z [main] messaging.P2PMessagingClient.updateBridgesOnNetworkChange - Updating bridges on network map change: NodeInfo(addresses=[localhost:10008], legalIdentitiesAndCerts=[O=PartyB, L=New York, C=US], platformVersion=3, serial=1552192477190) {}
[INFO ] 2019-03-10T04:39:34,409Z [main] BasicInfo.printBasicNodeInfo - Loaded CorDapps                         : cordapp-template-kotlin-0.1, cordapp-0.1, cordapp-contracts-states-0.1, corda-core-3.3-corda {}
[INFO ] 2019-03-10T04:39:34,465Z [main] BasicInfo.printBasicNodeInfo - Node for "PartyB" started up and registered in 100.54 sec {}
[INFO ] 2019-03-10T04:39:34,664Z [RxIoScheduler-2] network.PersistentNetworkMapCache.addNode - Adding node with info: NodeInfo(addresses=[localhost:10011], legalIdentitiesAndCerts=[O=PartyC, L=New York, C=US], platformVersion=3, serial=1552192479293) {}
[INFO ] 2019-03-10T04:39:34,800Z [RxIoScheduler-2] network.PersistentNetworkMapCache.addNode - No previous node found {}
[INFO ] 2019-03-10T04:39:36,514Z [RxIoScheduler-2] messaging.P2PMessagingClient.updateBridgesOnNetworkChange - Updating bridges on network map change: NodeInfo(addresses=[localhost:10011], legalIdentitiesAndCerts=[O=PartyC, L=New York, C=US], platformVersion=3, serial=1552192479293) {}
[INFO ] 2019-03-10T04:39:36,552Z [RxIoScheduler-2] network.PersistentNetworkMapCache.addNode - Done adding node with info: NodeInfo(addresses=[localhost:10011], legalIdentitiesAndCerts=[O=PartyC, L=New York, C=US], platformVersion=3, serial=1552192479293) {}
[INFO ] 2019-03-10T04:39:36,563Z [RxIoScheduler-2] network.PersistentNetworkMapCache.addNode - Adding node with info: NodeInfo(addresses=[localhost:10008], legalIdentitiesAndCerts=[O=PartyB, L=New York, C=US], platformVersion=3, serial=1552192477190) {}
[INFO ] 2019-03-10T04:39:36,628Z [RxIoScheduler-2] network.PersistentNetworkMapCache.addNode - Previous node was identical to incoming one - doing nothing {}
[INFO ] 2019-03-10T04:39:36,639Z [RxIoScheduler-2] network.PersistentNetworkMapCache.addNode - Done adding node with info: NodeInfo(addresses=[localhost:10008], legalIdentitiesAndCerts=[O=PartyB, L=New York, C=US], platformVersion=3, serial=1552192477190) {}
[INFO ] 2019-03-10T04:39:36,640Z [RxIoScheduler-2] network.PersistentNetworkMapCache.addNode - Adding node with info: NodeInfo(addresses=[localhost:10005], legalIdentitiesAndCerts=[O=PartyA, L=London, C=GB], platformVersion=3, serial=1552192481362) {}
[INFO ] 2019-03-10T04:39:36,667Z [RxIoScheduler-2] network.PersistentNetworkMapCache.addNode - No previous node found {}
[INFO ] 2019-03-10T04:39:36,815Z [main] messaging.RPCServer.start - Starting RPC server with configuration RPCServerConfiguration(rpcThreadPoolSize=4, reapInterval=PT1S, deduplicationCacheExpiry=PT24H) {}
[INFO ] 2019-03-10T04:39:36,977Z [RxIoScheduler-2] messaging.P2PMessagingClient.updateBridgesOnNetworkChange - Updating bridges on network map change: NodeInfo(addresses=[localhost:10005], legalIdentitiesAndCerts=[O=PartyA, L=London, C=GB], platformVersion=3, serial=1552192481362) {}
[INFO ] 2019-03-10T04:39:37,026Z [RxIoScheduler-2] network.PersistentNetworkMapCache.addNode - Done adding node with info: NodeInfo(addresses=[localhost:10005], legalIdentitiesAndCerts=[O=PartyA, L=London, C=GB], platformVersion=3, serial=1552192481362) {}
[INFO ] 2019-03-10T04:39:37,033Z [RxIoScheduler-2] network.PersistentNetworkMapCache.addNode - Adding node with info: NodeInfo(addresses=[localhost:10002], legalIdentitiesAndCerts=[O=Notary, L=London, C=GB], platformVersion=3, serial=1552192480160) {}
[INFO ] 2019-03-10T04:39:37,047Z [RxIoScheduler-2] network.PersistentNetworkMapCache.addNode - No previous node found {}
[INFO ] 2019-03-10T04:39:37,337Z [RxIoScheduler-2] messaging.P2PMessagingClient.updateBridgesOnNetworkChange - Updating bridges on network map change: NodeInfo(addresses=[localhost:10002], legalIdentitiesAndCerts=[O=Notary, L=London, C=GB], platformVersion=3, serial=1552192480160) {}
[INFO ] 2019-03-10T04:39:37,352Z [RxIoScheduler-2] network.PersistentNetworkMapCache.addNode - Done adding node with info: NodeInfo(addresses=[localhost:10002], legalIdentitiesAndCerts=[O=Notary, L=London, C=GB], platformVersion=3, serial=1552192480160) {}
[INFO ] 2019-03-10T04:42:30,726Z [Thread-1 (ActiveMQ-client-global-threads)] messaging.P2PMessagingClient.artemisToCordaMessage - Received message from: p2p.inbound.DLFK5feftKasFdwvdvpZ3oupLNXkWupq3Gbq3MMEpirV5y user: O=PartyA, L=London, C=GB topic: platform.session uuid: 1da2367d-a3d2-4e7a-9ecb-d8d6c2b97034 {}
[INFO ] 2019-03-10T04:42:31,755Z [Node thread-1] statemachine.StateMachineManagerImpl.onSessionInit - Accepting flow session from party O=PartyA, L=London, C=GB. Session id for tracing purposes is SessionId(toLong=7101886163822008670). {invocation_id=98d0239c-c1df-46f6-89b9-29c1fd5d1252, invocation_timestamp=2019-03-10T04:42:31.424Z, session_id=98d0239c-c1df-46f6-89b9-29c1fd5d1252, session_timestamp=2019-03-10T04:42:31.424Z}
[INFO ] 2019-03-10T04:42:32,714Z [Messaging DLFK5feftKasFdwvdvpZ3oupLNXkWupq3Gbq3MMEpirV5y] messaging.P2PMessagingClient.createQueueIfAbsent - Create fresh queue internal.peers.DL2CHnuR1YEyJoXFEWh8fVcPCgmQ3tPCppL4C6XxoZPXeA bound on same address {}
[INFO ] 2019-03-10T04:42:32,928Z [Thread-2 (ActiveMQ-client-global-threads)] bridging.BridgeControlListener.processControlMessage - Received bridge control message Create(nodeIdentity=DLFK5feftKasFdwvdvpZ3oupLNXkWupq3Gbq3MMEpirV5y, bridgeInfo=BridgeEntry(queueName=internal.peers.DL2CHnuR1YEyJoXFEWh8fVcPCgmQ3tPCppL4C6XxoZPXeA, targets=[localhost:10005], legalNames=[O=PartyA, L=London, C=GB])) {}
[INFO ] 2019-03-10T04:42:32,976Z [Thread-2 (ActiveMQ-client-global-threads)] peers.DL2CHnuR1YEyJoXFEWh8fVcPCgmQ3tPCppL4C6XxoZPXeA -> localhost:10005:O=PartyA, L=London, C=GB.start - Create new AMQP bridge {}
[INFO ] 2019-03-10T04:42:32,983Z [Thread-2 (ActiveMQ-client-global-threads)] netty.AMQPClient.start - connect to: localhost:10005 {}
[INFO ] 2019-03-10T04:42:33,545Z [nioEventLoopGroup-2-1] netty.AMQPClient.operationComplete - Connected to localhost:10005 {}
[INFO ] 2019-03-10T04:42:33,593Z [nioEventLoopGroup-2-1] O=PartyA, L=London, C=GB.channelActive - New client connection 6f4bf081 from localhost/127.0.0.1:10005 to /127.0.0.1:54748 {}
[INFO ] 2019-03-10T04:42:33,766Z [nioEventLoopGroup-2-1] netty.LoggingTrustManagerWrapper.checkServerTrusted - Check Server Certpath:
  C=GB,L=London,O=PartyA[A059F79CBECB4D9497C63E4D007BA54A85D84691] issued by C=GB,L=London,O=PartyA[null]
  C=GB,L=London,O=PartyA[110D83ED4397AA7BA998A0A511936D50815D9CDB] issued by C=US,L=New York,OU=Corda,O=R3 HoldCo LLC,CN=Corda Doorman CA[null]
  C=US,L=New York,OU=Corda,O=R3 HoldCo LLC,CN=Corda Doorman CA[EBEE2E30152940AE19981ED86FE37D7F07A2C213] issued by CN=Corda Node Root CA,O=R3,OU=corda,L=London,C=UK[7CAEA9DFB948012B13890B9AE645851C39170773]
  CN=Corda Node Root CA,O=R3,OU=corda,L=London,C=UK[7CAEA9DFB948012B13890B9AE645851C39170773] issued by CN=Corda Node Root CA,O=R3,OU=corda,L=London,C=UK[null] {}
[INFO ] 2019-03-10T04:42:33,845Z [nioEventLoopGroup-2-1] O=PartyA, L=London, C=GB.userEventTriggered - Handshake completed with subject: O=PartyA, L=London, C=GB {}
[INFO ] 2019-03-10T04:42:34,058Z [nioEventLoopGroup-2-1] peers.DL2CHnuR1YEyJoXFEWh8fVcPCgmQ3tPCppL4C6XxoZPXeA -> localhost:10005:O=PartyA, L=London, C=GB.onSocketConnected - Bridge Connected {}
[INFO ] 2019-03-10T04:42:34,154Z [nioEventLoopGroup-2-1] O=PartyB, L=New York, C=US.onConnectionLocalOpen - Connection local open org.apache.qpid.proton.engine.impl.ConnectionImpl@69bceeb6 {}
[INFO ] 2019-03-10T04:42:36,257Z [Thread-2 (ActiveMQ-client-global-threads)] messaging.P2PMessagingClient.artemisToCordaMessage - Received message from: p2p.inbound.DLFK5feftKasFdwvdvpZ3oupLNXkWupq3Gbq3MMEpirV5y user: O=PartyA, L=London, C=GB topic: platform.session uuid: e6752e6d-cd12-433c-b516-499bbcf8ef94 {}
[INFO ] 2019-03-10T04:42:38,429Z [Thread-2 (ActiveMQ-client-global-threads)] messaging.P2PMessagingClient.artemisToCordaMessage - Received message from: p2p.inbound.DLFK5feftKasFdwvdvpZ3oupLNXkWupq3Gbq3MMEpirV5y user: O=PartyA, L=London, C=GB topic: platform.session uuid: be437bd1-7a82-458c-96ad-b5edc656531f {}
[INFO ] 2019-03-10T04:42:38,488Z [Node thread-1] statemachine.StateMachineManagerImpl.onSessionInit - Accepting flow session from party O=PartyA, L=London, C=GB. Session id for tracing purposes is SessionId(toLong=-969117892259876786). {invocation_id=6f02a94d-5b1a-4bc3-931e-e2eae150f4e1, invocation_timestamp=2019-03-10T04:42:38.486Z, session_id=6f02a94d-5b1a-4bc3-931e-e2eae150f4e1, session_timestamp=2019-03-10T04:42:38.486Z}
[INFO ] 2019-03-10T04:42:39,446Z [Thread-2 (ActiveMQ-client-global-threads)] messaging.P2PMessagingClient.artemisToCordaMessage - Received message from: p2p.inbound.DLFK5feftKasFdwvdvpZ3oupLNXkWupq3Gbq3MMEpirV5y user: O=PartyA, L=London, C=GB topic: platform.session uuid: a047edd2-4846-4e7d-834c-38962e49ed41 {}
[INFO ] 2019-03-10T04:42:39,996Z [Node thread-1] vault.NodeVaultService._queryBy - Vault Query for contract type: class com.template.states.HouseState, criteria: VaultQueryCriteria(status=UNCONSUMED, contractStateTypes=null, stateRefs=null, notary=null, softLockingCondition=null, timeCondition=null), pagination: PageSpecification(pageNumber=-1, pageSize=200), sorting: Sort(columns=[]) {}
[INFO ] 2019-03-10T04:42:41,035Z [Node thread-1] flow.[2a1c399d-0f37-4d4f-8bbe-ddc1fa3f4179].initiateSession - Initiating flow session with party O=Notary, L=London, C=GB. Session id for tracing purposes is SessionId(toLong=530523106603661933). {}
[INFO ] 2019-03-10T04:42:41,168Z [Messaging DLFK5feftKasFdwvdvpZ3oupLNXkWupq3Gbq3MMEpirV5y] messaging.P2PMessagingClient.createQueueIfAbsent - Create fresh queue internal.peers.DL3aGz9GMvGJeXEJzQPDwFTk3e7gP3QPtvzrECixGPyteP bound on same address {}
[INFO ] 2019-03-10T04:42:41,345Z [Thread-1 (ActiveMQ-client-global-threads)] bridging.BridgeControlListener.processControlMessage - Received bridge control message Create(nodeIdentity=DLFK5feftKasFdwvdvpZ3oupLNXkWupq3Gbq3MMEpirV5y, bridgeInfo=BridgeEntry(queueName=internal.peers.DL3aGz9GMvGJeXEJzQPDwFTk3e7gP3QPtvzrECixGPyteP, targets=[localhost:10002], legalNames=[O=Notary, L=London, C=GB])) {}
[INFO ] 2019-03-10T04:42:41,352Z [Thread-1 (ActiveMQ-client-global-threads)] peers.DL3aGz9GMvGJeXEJzQPDwFTk3e7gP3QPtvzrECixGPyteP -> localhost:10002:O=Notary, L=London, C=GB.start - Create new AMQP bridge {}
[INFO ] 2019-03-10T04:42:41,353Z [Thread-1 (ActiveMQ-client-global-threads)] netty.AMQPClient.start - connect to: localhost:10002 {}
[INFO ] 2019-03-10T04:42:41,362Z [nioEventLoopGroup-2-2] netty.AMQPClient.operationComplete - Connected to localhost:10002 {}
[INFO ] 2019-03-10T04:42:41,364Z [nioEventLoopGroup-2-2] O=Notary, L=London, C=GB.channelActive - New client connection 919d65d1 from localhost/127.0.0.1:10002 to /127.0.0.1:36896 {}
[INFO ] 2019-03-10T04:42:41,518Z [nioEventLoopGroup-2-2] netty.LoggingTrustManagerWrapper.checkServerTrusted - Check Server Certpath:
  C=GB,L=London,O=Notary[E1EF098E47699CF2F0BA9AA079AB2A2308F96168] issued by C=GB,L=London,O=Notary[null]
  C=GB,L=London,O=Notary[3289C9CF97A91B8FAF2580BDEB3AE96A69CC6068] issued by C=US,L=New York,OU=Corda,O=R3 HoldCo LLC,CN=Corda Doorman CA[null]
  C=US,L=New York,OU=Corda,O=R3 HoldCo LLC,CN=Corda Doorman CA[EBEE2E30152940AE19981ED86FE37D7F07A2C213] issued by CN=Corda Node Root CA,O=R3,OU=corda,L=London,C=UK[7CAEA9DFB948012B13890B9AE645851C39170773]
  CN=Corda Node Root CA,O=R3,OU=corda,L=London,C=UK[7CAEA9DFB948012B13890B9AE645851C39170773] issued by CN=Corda Node Root CA,O=R3,OU=corda,L=London,C=UK[null] {}
[INFO ] 2019-03-10T04:42:41,594Z [nioEventLoopGroup-2-2] O=Notary, L=London, C=GB.userEventTriggered - Handshake completed with subject: O=Notary, L=London, C=GB {}
[INFO ] 2019-03-10T04:42:41,595Z [nioEventLoopGroup-2-2] peers.DL3aGz9GMvGJeXEJzQPDwFTk3e7gP3QPtvzrECixGPyteP -> localhost:10002:O=Notary, L=London, C=GB.onSocketConnected - Bridge Connected {}
[INFO ] 2019-03-10T04:42:41,606Z [nioEventLoopGroup-2-2] O=PartyB, L=New York, C=US.onConnectionLocalOpen - Connection local open org.apache.qpid.proton.engine.impl.ConnectionImpl@20332523 {}
[INFO ] 2019-03-10T04:42:46,284Z [Thread-1 (ActiveMQ-client-global-threads)] messaging.P2PMessagingClient.artemisToCordaMessage - Received message from: p2p.inbound.DLFK5feftKasFdwvdvpZ3oupLNXkWupq3Gbq3MMEpirV5y user: O=Notary, L=London, C=GB topic: platform.session uuid: 1bcf15c6-c035-41ec-8571-b5797c421fbd {}
[INFO ] 2019-03-10T04:42:46,598Z [Thread-2 (ActiveMQ-client-global-threads)] messaging.P2PMessagingClient.artemisToCordaMessage - Received message from: p2p.inbound.DLFK5feftKasFdwvdvpZ3oupLNXkWupq3Gbq3MMEpirV5y user: O=Notary, L=London, C=GB topic: platform.session uuid: ff3ffee4-ed13-4cfd-a97e-6e679b9a3e7f {}
[INFO ] 2019-03-10T04:42:46,989Z [Thread-2 (ActiveMQ-client-global-threads)] messaging.P2PMessagingClient.artemisToCordaMessage - Received message from: p2p.inbound.DLFK5feftKasFdwvdvpZ3oupLNXkWupq3Gbq3MMEpirV5y user: O=Notary, L=London, C=GB topic: platform.session uuid: de36f379-1a6c-4c4a-aa35-9e729ec7a2ab {}
[INFO ] 2019-03-10T04:42:47,016Z [Node thread-1] vault.NodeVaultService._queryBy - Vault Query for contract type: interface net.corda.core.contracts.ContractState, criteria: VaultQueryCriteria(status=UNCONSUMED, contractStateTypes=null, stateRefs=[21602171808A26942BF5D67E28052E98B3445EB1A81BE7D87FD6023121890228(0)], notary=null, softLockingCondition=null, timeCondition=null), pagination: PageSpecification(pageNumber=-1, pageSize=200), sorting: Sort(columns=[]) {}
[INFO ] 2019-03-10T04:42:47,068Z [Node thread-1] flow.[2a1c399d-0f37-4d4f-8bbe-ddc1fa3f4179].initiateSession - Initiating flow session with party O=PartyC, L=New York, C=US. Session id for tracing purposes is SessionId(toLong=5359564202392937220). {}
[INFO ] 2019-03-10T04:42:47,195Z [Messaging DLFK5feftKasFdwvdvpZ3oupLNXkWupq3Gbq3MMEpirV5y] messaging.P2PMessagingClient.createQueueIfAbsent - Create fresh queue internal.peers.DLFCERkjF15KK47amd4CGNwDzuyL89qMSkcdh7jC1spyQ4 bound on same address {}
[INFO ] 2019-03-10T04:42:47,381Z [Thread-1 (ActiveMQ-client-global-threads)] bridging.BridgeControlListener.processControlMessage - Received bridge control message Create(nodeIdentity=DLFK5feftKasFdwvdvpZ3oupLNXkWupq3Gbq3MMEpirV5y, bridgeInfo=BridgeEntry(queueName=internal.peers.DLFCERkjF15KK47amd4CGNwDzuyL89qMSkcdh7jC1spyQ4, targets=[localhost:10011], legalNames=[O=PartyC, L=New York, C=US])) {}
[INFO ] 2019-03-10T04:42:47,386Z [Thread-1 (ActiveMQ-client-global-threads)] peers.DLFCERkjF15KK47amd4CGNwDzuyL89qMSkcdh7jC1spyQ4 -> localhost:10011:O=PartyC, L=New York, C=US.start - Create new AMQP bridge {}
[INFO ] 2019-03-10T04:42:47,387Z [Thread-1 (ActiveMQ-client-global-threads)] netty.AMQPClient.start - connect to: localhost:10011 {}
[INFO ] 2019-03-10T04:42:47,393Z [nioEventLoopGroup-2-3] netty.AMQPClient.operationComplete - Connected to localhost:10011 {}
[INFO ] 2019-03-10T04:42:47,395Z [nioEventLoopGroup-2-3] O=PartyC, L=New York, C=US.channelActive - New client connection 740af0d9 from localhost/127.0.0.1:10011 to /127.0.0.1:45102 {}
[INFO ] 2019-03-10T04:42:47,629Z [nioEventLoopGroup-2-3] netty.LoggingTrustManagerWrapper.checkServerTrusted - Check Server Certpath:
  C=US,L=New York,O=PartyC[63E6CDAD11E3286A4A72846D8E2F33FB4534F6D9] issued by C=US,L=New York,O=PartyC[null]
  C=US,L=New York,O=PartyC[EA3D5A203EA2CF6B7AF7420D3A28DAD5AA7CAACF] issued by C=US,L=New York,OU=Corda,O=R3 HoldCo LLC,CN=Corda Doorman CA[null]
  C=US,L=New York,OU=Corda,O=R3 HoldCo LLC,CN=Corda Doorman CA[EBEE2E30152940AE19981ED86FE37D7F07A2C213] issued by CN=Corda Node Root CA,O=R3,OU=corda,L=London,C=UK[7CAEA9DFB948012B13890B9AE645851C39170773]
  CN=Corda Node Root CA,O=R3,OU=corda,L=London,C=UK[7CAEA9DFB948012B13890B9AE645851C39170773] issued by CN=Corda Node Root CA,O=R3,OU=corda,L=London,C=UK[null] {}
[INFO ] 2019-03-10T04:42:47,707Z [nioEventLoopGroup-2-3] O=PartyC, L=New York, C=US.userEventTriggered - Handshake completed with subject: O=PartyC, L=New York, C=US {}
[INFO ] 2019-03-10T04:42:47,708Z [nioEventLoopGroup-2-3] peers.DLFCERkjF15KK47amd4CGNwDzuyL89qMSkcdh7jC1spyQ4 -> localhost:10011:O=PartyC, L=New York, C=US.onSocketConnected - Bridge Connected {}
[INFO ] 2019-03-10T04:42:47,716Z [nioEventLoopGroup-2-3] O=PartyB, L=New York, C=US.onConnectionLocalOpen - Connection local open org.apache.qpid.proton.engine.impl.ConnectionImpl@75bf5646 {}
[INFO ] 2019-03-10T04:42:50,985Z [Thread-2 (ActiveMQ-client-global-threads)] messaging.P2PMessagingClient.artemisToCordaMessage - Received message from: p2p.inbound.DLFK5feftKasFdwvdvpZ3oupLNXkWupq3Gbq3MMEpirV5y user: O=PartyC, L=New York, C=US topic: platform.session uuid: e3d83598-152f-4af0-9ced-04b1c1c55f9b {}
[INFO ] 2019-03-10T04:42:51,863Z [Thread-1 (ActiveMQ-client-global-threads)] messaging.P2PMessagingClient.artemisToCordaMessage - Received message from: p2p.inbound.DLFK5feftKasFdwvdvpZ3oupLNXkWupq3Gbq3MMEpirV5y user: O=PartyC, L=New York, C=US topic: platform.session uuid: f2fba6ab-30e9-4ccf-acfe-58faa50a36ac {}
[INFO ] 2019-03-10T04:42:52,594Z [Thread-1 (ActiveMQ-client-global-threads)] messaging.P2PMessagingClient.artemisToCordaMessage - Received message from: p2p.inbound.DLFK5feftKasFdwvdvpZ3oupLNXkWupq3Gbq3MMEpirV5y user: O=PartyC, L=New York, C=US topic: platform.session uuid: 81c6323f-1df1-48b1-979c-2c226af99ee5 {}
[INFO ] 2019-03-10T04:42:53,319Z [Thread-1 (ActiveMQ-client-global-threads)] messaging.P2PMessagingClient.artemisToCordaMessage - Received message from: p2p.inbound.DLFK5feftKasFdwvdvpZ3oupLNXkWupq3Gbq3MMEpirV5y user: O=PartyC, L=New York, C=US topic: platform.session uuid: 3081830a-da62-41c1-bc92-d0edf9b8dd1f {}
[INFO ] 2019-03-10T04:42:53,769Z [Thread-2 (ActiveMQ-client-global-threads)] messaging.P2PMessagingClient.artemisToCordaMessage - Received message from: p2p.inbound.DLFK5feftKasFdwvdvpZ3oupLNXkWupq3Gbq3MMEpirV5y user: O=PartyA, L=London, C=GB topic: platform.session uuid: f0d2160a-a4d8-4682-ad58-b71719d5caca {}
[INFO ] 2019-03-10T04:45:31,094Z [Thread-14] vault.NodeVaultService._queryBy - Vault Query for contract type: class com.template.states.HouseState, criteria: VaultQueryCriteria(status=UNCONSUMED, contractStateTypes=null, stateRefs=null, notary=null, softLockingCondition=null, timeCondition=null), pagination: PageSpecification(pageNumber=-1, pageSize=200), sorting: Sort(columns=[]) {invocation_id=ef2a77fc-0299-4488-958c-90eb12a21ce1, invocation_timestamp=2019-03-10T04:39:23.400Z, session_id=ef2a77fc-0299-4488-958c-90eb12a21ce1, session_timestamp=2019-03-10T04:39:23.400Z}
[INFO ] 2019-03-10T06:26:02,234Z [Thread-7] BasicInfo.printBasicNodeInfo - Shutting down ... {}
[INFO ] 2019-03-10T06:26:02,421Z [main] internal.Node.run - Node exiting successfully {}
[INFO ] 2019-03-10T06:26:02,503Z [Thread-7] peers.DL2CHnuR1YEyJoXFEWh8fVcPCgmQ3tPCppL4C6XxoZPXeA -> localhost:10005:O=PartyA, L=London, C=GB.stop - Stopping AMQP bridge {}
[INFO ] 2019-03-10T06:26:02,506Z [Thread-7] netty.AMQPClient.stop - disconnect from: localhost:10005 {}
[INFO ] 2019-03-10T06:26:02,508Z [nioEventLoopGroup-2-1] netty.AMQPClient.operationComplete - Disconnected from localhost:10005 {}
[INFO ] 2019-03-10T06:26:02,509Z [nioEventLoopGroup-2-1] O=PartyA, L=London, C=GB.channelInactive - Closed client connection 6f4bf081 from localhost/127.0.0.1:10005 to /127.0.0.1:54748 {}
[INFO ] 2019-03-10T06:26:02,510Z [nioEventLoopGroup-2-1] peers.DL2CHnuR1YEyJoXFEWh8fVcPCgmQ3tPCppL4C6XxoZPXeA -> localhost:10005:O=PartyA, L=London, C=GB.onSocketConnected - Bridge Disconnected {}
[INFO ] 2019-03-10T06:26:02,511Z [nioEventLoopGroup-2-1] O=PartyB, L=New York, C=US.onConnectionLocalClose - Connection local close org.apache.qpid.proton.engine.impl.ConnectionImpl@69bceeb6 {}
[INFO ] 2019-03-10T06:26:02,514Z [nioEventLoopGroup-2-1] O=PartyB, L=New York, C=US.onTransportError - Transport Error TransportImpl [_connectionEndpoint=org.apache.qpid.proton.engine.impl.ConnectionImpl@69bceeb6, org.apache.qpid.proton.engine.impl.TransportImpl@51b8f99d] {}
[INFO ] 2019-03-10T06:26:02,514Z [nioEventLoopGroup-2-1] O=PartyB, L=New York, C=US.onTransportError - Error: connection aborted {}
[INFO ] 2019-03-10T06:26:02,518Z [Thread-7] netty.AMQPClient.stop - stopped connection to localhost:10005 {}
[INFO ] 2019-03-10T06:26:02,523Z [Thread-7] peers.DL3aGz9GMvGJeXEJzQPDwFTk3e7gP3QPtvzrECixGPyteP -> localhost:10002:O=Notary, L=London, C=GB.stop - Stopping AMQP bridge {}
[INFO ] 2019-03-10T06:26:02,525Z [Thread-7] netty.AMQPClient.stop - disconnect from: localhost:10002 {}
[INFO ] 2019-03-10T06:26:02,527Z [nioEventLoopGroup-2-2] netty.AMQPClient.operationComplete - Disconnected from localhost:10002 {}
[INFO ] 2019-03-10T06:26:02,527Z [Thread-7] netty.AMQPClient.stop - stopped connection to localhost:10002 {}
[INFO ] 2019-03-10T06:26:02,527Z [nioEventLoopGroup-2-2] O=Notary, L=London, C=GB.channelInactive - Closed client connection 919d65d1 from localhost/127.0.0.1:10002 to /127.0.0.1:36896 {}
[INFO ] 2019-03-10T06:26:02,527Z [Thread-7] peers.DLFCERkjF15KK47amd4CGNwDzuyL89qMSkcdh7jC1spyQ4 -> localhost:10011:O=PartyC, L=New York, C=US.stop - Stopping AMQP bridge {}
[INFO ] 2019-03-10T06:26:02,528Z [nioEventLoopGroup-2-2] O=PartyB, L=New York, C=US.onConnectionLocalClose - Connection local close org.apache.qpid.proton.engine.impl.ConnectionImpl@20332523 {}
[INFO ] 2019-03-10T06:26:02,528Z [nioEventLoopGroup-2-2] O=PartyB, L=New York, C=US.onTransportError - Transport Error TransportImpl [_connectionEndpoint=org.apache.qpid.proton.engine.impl.ConnectionImpl@20332523, org.apache.qpid.proton.engine.impl.TransportImpl@264459b3] {}
[INFO ] 2019-03-10T06:26:02,529Z [nioEventLoopGroup-2-2] O=PartyB, L=New York, C=US.onTransportError - Error: connection aborted {}
[INFO ] 2019-03-10T06:26:02,535Z [Thread-7] netty.AMQPClient.stop - disconnect from: localhost:10011 {}
[INFO ] 2019-03-10T06:26:02,536Z [nioEventLoopGroup-2-3] netty.AMQPClient.operationComplete - Disconnected from localhost:10011 {}
[INFO ] 2019-03-10T06:26:02,539Z [Thread-7] netty.AMQPClient.stop - stopped connection to localhost:10011 {}
[INFO ] 2019-03-10T06:26:02,537Z [nioEventLoopGroup-2-3] O=PartyC, L=New York, C=US.channelInactive - Closed client connection 740af0d9 from localhost/127.0.0.1:10011 to /127.0.0.1:45102 {}
[INFO ] 2019-03-10T06:26:02,540Z [nioEventLoopGroup-2-3] O=PartyB, L=New York, C=US.onConnectionLocalClose - Connection local close org.apache.qpid.proton.engine.impl.ConnectionImpl@75bf5646 {}
[INFO ] 2019-03-10T06:26:02,541Z [nioEventLoopGroup-2-3] O=PartyB, L=New York, C=US.onTransportError - Transport Error TransportImpl [_connectionEndpoint=org.apache.qpid.proton.engine.impl.ConnectionImpl@75bf5646, org.apache.qpid.proton.engine.impl.TransportImpl@3d2dc0a6] {}
[INFO ] 2019-03-10T06:26:02,541Z [nioEventLoopGroup-2-3] O=PartyB, L=New York, C=US.onTransportError - Error: connection aborted {}
[INFO ] 2019-03-10T06:26:05,283Z [Thread-7] pool.HikariPool.shutdown - HikariPool-1 - Close initiated... {}
[INFO ] 2019-03-10T06:26:05,318Z [Thread-7] pool.HikariPool.shutdown - HikariPool-1 - Closed. {}
[INFO ] 2019-03-10T06:26:05,320Z [Thread-7] internal.Node.stop - Shutdown complete {}
